Calling ServiceTypeBrowserNew for domain 'local'
Gotone ServiceTypeBrowserNew for domain 'local'
/Client11/ServiceTypeBrowser1: new for domain 'local'
Calling DomainBrowserNew for domain ''
Gotone DomainBrowserNew for domain ''
/Client11/DomainBrowser2: new for domain ''
/Client11/ServiceTypeBrowser1: ItemNew
  Interface: 3
  Protocol: IPv4
  Type: _l2tp._udp
  Domain: local
  Flags: 5
Calling ServiceBrowserNew for domain 'local' type '_l2tp._udp' protocol '1'
Gotone ServiceBrowserNew for domain 'local' type '_l2tp._udp' protocol '1'
/Client11/ServiceBrowser3: new for domain 'local', type '_l2tp._udp', protocol '1'
/Client11/ServiceTypeBrowser1: ItemNew
  Interface: 3
  Protocol: IPv4
  Type: _rsync._tcp
  Domain: local
  Flags: 5
Calling ServiceBrowserNew for domain 'local' type '_rsync._tcp' protocol '1'
Gotone ServiceBrowserNew for domain 'local' type '_rsync._tcp' protocol '1'
/Client11/ServiceBrowser4: new for domain 'local', type '_rsync._tcp', protocol '1'
/Client11/ServiceTypeBrowser1: ItemNew
  Interface: 3
  Protocol: IPv4
  Type: _syslog-conn._tcp
  Domain: local
  Flags: 5
Calling ServiceBrowserNew for domain 'local' type '_syslog-conn._tcp' protocol '1'
Gotone ServiceBrowserNew for domain 'local' type '_syslog-conn._tcp' protocol '1'
/Client11/ServiceBrowser5: new for domain 'local', type '_syslog-conn._tcp', protocol '1'
/Client11/ServiceTypeBrowser1: ItemNew
  Interface: 3
  Protocol: IPv4
  Type: _syslog-conn._udp
  Domain: local
  Flags: 5
Calling ServiceBrowserNew for domain 'local' type '_syslog-conn._udp' protocol '1'
Gotone ServiceBrowserNew for domain 'local' type '_syslog-conn._udp' protocol '1'
/Client11/ServiceBrowser6: new for domain 'local', type '_syslog-conn._udp', protocol '1'
/Client11/ServiceTypeBrowser1: ItemNew
  Interface: 3
  Protocol: IPv4
  Type: _ntp._udp
  Domain: local
  Flags: 5
Calling ServiceBrowserNew for domain 'local' type '_ntp._udp' protocol '1'
Gotone ServiceBrowserNew for domain 'local' type '_ntp._udp' protocol '1'
/Client11/ServiceBrowser7: new for domain 'local', type '_ntp._udp', protocol '1'
/Client11/ServiceTypeBrowser1: ItemNew
  Interface: 3
  Protocol: IPv4
  Type: _snmp._udp
  Domain: local
  Flags: 5
Calling ServiceBrowserNew for domain 'local' type '_snmp._udp' protocol '1'
Gotone ServiceBrowserNew for domain 'local' type '_snmp._udp' protocol '1'
/Client11/ServiceBrowser8: new for domain 'local', type '_snmp._udp', protocol '1'
/Client11/ServiceTypeBrowser1: ItemNew
  Interface: 3
  Protocol: IPv4
  Type: _pptp._tcp
  Domain: local
  Flags: 5
Calling ServiceBrowserNew for domain 'local' type '_pptp._tcp' protocol '1'
Gotone ServiceBrowserNew for domain 'local' type '_pptp._tcp' protocol '1'
/Client11/ServiceBrowser9: new for domain 'local', type '_pptp._tcp', protocol '1'
/Client11/ServiceTypeBrowser1: ItemNew
  Interface: 3
  Protocol: IPv4
  Type: _afpovertcp._tcp
  Domain: local
  Flags: 5
Calling ServiceBrowserNew for domain 'local' type '_afpovertcp._tcp' protocol '1'
Gotone ServiceBrowserNew for domain 'local' type '_afpovertcp._tcp' protocol '1'
/Client11/ServiceBrowser10: new for domain 'local', type '_afpovertcp._tcp', protocol '1'
/Client11/ServiceTypeBrowser1: ItemNew
  Interface: 3
  Protocol: IPv4
  Type: _ipp._tcp
  Domain: local
  Flags: 5
Calling ServiceBrowserNew for domain 'local' type '_ipp._tcp' protocol '1'
Gotone ServiceBrowserNew for domain 'local' type '_ipp._tcp' protocol '1'
/Client11/ServiceBrowser11: new for domain 'local', type '_ipp._tcp', protocol '1'
/Client11/ServiceTypeBrowser1: ItemNew
  Interface: 3
  Protocol: IPv4
  Type: _udisks-ssh._tcp
  Domain: local
  Flags: 5
Calling ServiceBrowserNew for domain 'local' type '_udisks-ssh._tcp' protocol '1'
Gotone ServiceBrowserNew for domain 'local' type '_udisks-ssh._tcp' protocol '1'
/Client11/ServiceBrowser12: new for domain 'local', type '_udisks-ssh._tcp', protocol '1'
/Client11/ServiceTypeBrowser1: ItemNew
  Interface: 3
  Protocol: IPv4
  Type: _mpd._tcp
  Domain: local
  Flags: 5
Calling ServiceBrowserNew for domain 'local' type '_mpd._tcp' protocol '1'
Gotone ServiceBrowserNew for domain 'local' type '_mpd._tcp' protocol '1'
/Client11/ServiceBrowser13: new for domain 'local', type '_mpd._tcp', protocol '1'
/Client11/ServiceTypeBrowser1: ItemNew
  Interface: 3
  Protocol: IPv4
  Type: _sftp-ssh._tcp
  Domain: local
  Flags: 5
Calling ServiceBrowserNew for domain 'local' type '_sftp-ssh._tcp' protocol '1'
Gotone ServiceBrowserNew for domain 'local' type '_sftp-ssh._tcp' protocol '1'
/Client11/ServiceBrowser14: new for domain 'local', type '_sftp-ssh._tcp', protocol '1'
/Client11/ServiceTypeBrowser1: ItemNew
  Interface: 3
  Protocol: IPv4
  Type: _ssh._tcp
  Domain: local
  Flags: 5
Calling ServiceBrowserNew for domain 'local' type '_ssh._tcp' protocol '1'
Gotone ServiceBrowserNew for domain 'local' type '_ssh._tcp' protocol '1'
/Client11/ServiceBrowser15: new for domain 'local', type '_ssh._tcp', protocol '1'
/Client11/ServiceTypeBrowser1: ItemNew
  Interface: 3
  Protocol: IPv4
  Type: _workstation._tcp
  Domain: local
  Flags: 5
Calling ServiceBrowserNew for domain 'local' type '_workstation._tcp' protocol '1'
Gotone ServiceBrowserNew for domain 'local' type '_workstation._tcp' protocol '1'
/Client11/ServiceBrowser16: new for domain 'local', type '_workstation._tcp', protocol '1'
/Client11/ServiceTypeBrowser1: ItemNew
  Interface: 3
  Protocol: IPv6
  Type: _l2tp._udp
  Domain: local
  Flags: 5
Calling ServiceBrowserNew for domain 'local' type '_l2tp._udp' protocol '0'
Gotone ServiceBrowserNew for domain 'local' type '_l2tp._udp' protocol '0'
/Client11/ServiceBrowser17: new for domain 'local', type '_l2tp._udp', protocol '0'
/Client11/ServiceTypeBrowser1: ItemNew
  Interface: 3
  Protocol: IPv6
  Type: _rsync._tcp
  Domain: local
  Flags: 5
Calling ServiceBrowserNew for domain 'local' type '_rsync._tcp' protocol '0'
Gotone ServiceBrowserNew for domain 'local' type '_rsync._tcp' protocol '0'
/Client11/ServiceBrowser18: new for domain 'local', type '_rsync._tcp', protocol '0'
/Client11/ServiceTypeBrowser1: ItemNew
  Interface: 3
  Protocol: IPv6
  Type: _syslog-conn._tcp
  Domain: local
  Flags: 5
Calling ServiceBrowserNew for domain 'local' type '_syslog-conn._tcp' protocol '0'
Gotone ServiceBrowserNew for domain 'local' type '_syslog-conn._tcp' protocol '0'
/Client11/ServiceBrowser19: new for domain 'local', type '_syslog-conn._tcp', protocol '0'
/Client11/ServiceTypeBrowser1: ItemNew
  Interface: 3
  Protocol: IPv6
  Type: _syslog-conn._udp
  Domain: local
  Flags: 5
Calling ServiceBrowserNew for domain 'local' type '_syslog-conn._udp' protocol '0'
Gotone ServiceBrowserNew for domain 'local' type '_syslog-conn._udp' protocol '0'
/Client11/ServiceBrowser20: new for domain 'local', type '_syslog-conn._udp', protocol '0'
/Client11/ServiceTypeBrowser1: ItemNew
  Interface: 3
  Protocol: IPv6
  Type: _ntp._udp
  Domain: local
  Flags: 5
Calling ServiceBrowserNew for domain 'local' type '_ntp._udp' protocol '0'
Gotone ServiceBrowserNew for domain 'local' type '_ntp._udp' protocol '0'
/Client11/ServiceBrowser21: new for domain 'local', type '_ntp._udp', protocol '0'
/Client11/ServiceTypeBrowser1: ItemNew
  Interface: 3
  Protocol: IPv6
  Type: _snmp._udp
  Domain: local
  Flags: 5
Calling ServiceBrowserNew for domain 'local' type '_snmp._udp' protocol '0'
Gotone ServiceBrowserNew for domain 'local' type '_snmp._udp' protocol '0'
/Client11/ServiceBrowser22: new for domain 'local', type '_snmp._udp', protocol '0'
/Client11/ServiceTypeBrowser1: ItemNew
  Interface: 3
  Protocol: IPv6
  Type: _pptp._tcp
  Domain: local
  Flags: 5
Calling ServiceBrowserNew for domain 'local' type '_pptp._tcp' protocol '0'
Gotone ServiceBrowserNew for domain 'local' type '_pptp._tcp' protocol '0'
/Client11/ServiceBrowser23: new for domain 'local', type '_pptp._tcp', protocol '0'
/Client11/ServiceTypeBrowser1: ItemNew
  Interface: 3
  Protocol: IPv6
  Type: _afpovertcp._tcp
  Domain: local
  Flags: 5
Calling ServiceBrowserNew for domain 'local' type '_afpovertcp._tcp' protocol '0'
Gotone ServiceBrowserNew for domain 'local' type '_afpovertcp._tcp' protocol '0'
/Client11/ServiceBrowser24: new for domain 'local', type '_afpovertcp._tcp', protocol '0'
/Client11/ServiceTypeBrowser1: ItemNew
  Interface: 3
  Protocol: IPv6
  Type: _ipp._tcp
  Domain: local
  Flags: 5
Calling ServiceBrowserNew for domain 'local' type '_ipp._tcp' protocol '0'
Gotone ServiceBrowserNew for domain 'local' type '_ipp._tcp' protocol '0'
/Client11/ServiceBrowser25: new for domain 'local', type '_ipp._tcp', protocol '0'
/Client11/ServiceTypeBrowser1: ItemNew
  Interface: 3
  Protocol: IPv6
  Type: _udisks-ssh._tcp
  Domain: local
  Flags: 5
Calling ServiceBrowserNew for domain 'local' type '_udisks-ssh._tcp' protocol '0'
Gotone ServiceBrowserNew for domain 'local' type '_udisks-ssh._tcp' protocol '0'
/Client11/ServiceBrowser26: new for domain 'local', type '_udisks-ssh._tcp', protocol '0'
/Client11/ServiceTypeBrowser1: ItemNew
  Interface: 3
  Protocol: IPv6
  Type: _mpd._tcp
  Domain: local
  Flags: 5
Calling ServiceBrowserNew for domain 'local' type '_mpd._tcp' protocol '0'
Gotone ServiceBrowserNew for domain 'local' type '_mpd._tcp' protocol '0'
/Client11/ServiceBrowser27: new for domain 'local', type '_mpd._tcp', protocol '0'
/Client11/ServiceTypeBrowser1: ItemNew
  Interface: 3
  Protocol: IPv6
  Type: _sftp-ssh._tcp
  Domain: local
  Flags: 5
Calling ServiceBrowserNew for domain 'local' type '_sftp-ssh._tcp' protocol '0'
Gotone ServiceBrowserNew for domain 'local' type '_sftp-ssh._tcp' protocol '0'
/Client11/ServiceBrowser28: new for domain 'local', type '_sftp-ssh._tcp', protocol '0'
/Client11/ServiceTypeBrowser1: ItemNew
  Interface: 3
  Protocol: IPv6
  Type: _ssh._tcp
  Domain: local
  Flags: 5
Calling ServiceBrowserNew for domain 'local' type '_ssh._tcp' protocol '0'
Gotone ServiceBrowserNew for domain 'local' type '_ssh._tcp' protocol '0'
/Client11/ServiceBrowser29: new for domain 'local', type '_ssh._tcp', protocol '0'
/Client11/ServiceTypeBrowser1: ItemNew
  Interface: 3
  Protocol: IPv6
  Type: _workstation._tcp
  Domain: local
  Flags: 5
Calling ServiceBrowserNew for domain 'local' type '_workstation._tcp' protocol '0'
Gotone ServiceBrowserNew for domain 'local' type '_workstation._tcp' protocol '0'
/Client11/ServiceBrowser30: new for domain 'local', type '_workstation._tcp', protocol '0'
/Client11/ServiceTypeBrowser1: ItemNew
  Interface: 2
  Protocol: IPv4
  Type: _pptp._tcp
  Domain: local
  Flags: 5
WARNING: ServiceBrowser exists for domain 'local' type '_pptp._tcp' protocol '1'
WARNING: Server: /
WARNING: Domain: local (local)
WARNING: Type: _pptp._tcp (_pptp._tcp)
WARNING: Protocol: 1 (1)
/Client11/ServiceTypeBrowser1: ItemNew
  Interface: 2
  Protocol: IPv4
  Type: _l2tp._udp
  Domain: local
  Flags: 5
WARNING: ServiceBrowser exists for domain 'local' type '_l2tp._udp' protocol '1'
WARNING: Server: /
WARNING: Domain: local (local)
WARNING: Type: _l2tp._udp (_l2tp._udp)
WARNING: Protocol: 1 (1)
/Client11/ServiceTypeBrowser1: ItemNew
  Interface: 2
  Protocol: IPv4
  Type: _rsync._tcp
  Domain: local
  Flags: 5
WARNING: ServiceBrowser exists for domain 'local' type '_rsync._tcp' protocol '1'
WARNING: Server: /
WARNING: Domain: local (local)
WARNING: Type: _rsync._tcp (_rsync._tcp)
WARNING: Protocol: 1 (1)
/Client11/ServiceTypeBrowser1: ItemNew
  Interface: 2
  Protocol: IPv4
  Type: _syslog-conn._tcp
  Domain: local
  Flags: 5
WARNING: ServiceBrowser exists for domain 'local' type '_syslog-conn._tcp' protocol '1'
WARNING: Server: /
WARNING: Domain: local (local)
WARNING: Type: _syslog-conn._tcp (_syslog-conn._tcp)
WARNING: Protocol: 1 (1)
/Client11/ServiceTypeBrowser1: ItemNew
  Interface: 2
  Protocol: IPv4
  Type: _syslog-conn._udp
  Domain: local
  Flags: 5
WARNING: ServiceBrowser exists for domain 'local' type '_syslog-conn._udp' protocol '1'
WARNING: Server: /
WARNING: Domain: local (local)
WARNING: Type: _syslog-conn._udp (_syslog-conn._udp)
WARNING: Protocol: 1 (1)
/Client11/ServiceTypeBrowser1: ItemNew
  Interface: 2
  Protocol: IPv4
  Type: _ntp._udp
  Domain: local
  Flags: 5
WARNING: ServiceBrowser exists for domain 'local' type '_ntp._udp' protocol '1'
WARNING: Server: /
WARNING: Domain: local (local)
WARNING: Type: _ntp._udp (_ntp._udp)
WARNING: Protocol: 1 (1)
/Client11/ServiceTypeBrowser1: ItemNew
  Interface: 2
  Protocol: IPv4
  Type: _ssh._tcp
  Domain: local
  Flags: 5
WARNING: ServiceBrowser exists for domain 'local' type '_ssh._tcp' protocol '1'
WARNING: Server: /
WARNING: Domain: local (local)
WARNING: Type: _ssh._tcp (_ssh._tcp)
WARNING: Protocol: 1 (1)
/Client11/ServiceTypeBrowser1: ItemNew
  Interface: 2
  Protocol: IPv4
  Type: _snmp._udp
  Domain: local
  Flags: 5
WARNING: ServiceBrowser exists for domain 'local' type '_snmp._udp' protocol '1'
WARNING: Server: /
WARNING: Domain: local (local)
WARNING: Type: _snmp._udp (_snmp._udp)
WARNING: Protocol: 1 (1)
/Client11/ServiceTypeBrowser1: ItemNew
  Interface: 2
  Protocol: IPv4
  Type: _sftp-ssh._tcp
  Domain: local
  Flags: 5
WARNING: ServiceBrowser exists for domain 'local' type '_sftp-ssh._tcp' protocol '1'
WARNING: Server: /
WARNING: Domain: local (local)
WARNING: Type: _sftp-ssh._tcp (_sftp-ssh._tcp)
WARNING: Protocol: 1 (1)
/Client11/ServiceTypeBrowser1: ItemNew
  Interface: 2
  Protocol: IPv4
  Type: _workstation._tcp
  Domain: local
  Flags: 5
WARNING: ServiceBrowser exists for domain 'local' type '_workstation._tcp' protocol '1'
WARNING: Server: /
WARNING: Domain: local (local)
WARNING: Type: _workstation._tcp (_workstation._tcp)
WARNING: Protocol: 1 (1)
/Client11/ServiceTypeBrowser1: ItemNew
  Interface: 2
  Protocol: IPv6
  Type: _pptp._tcp
  Domain: local
  Flags: 5
WARNING: ServiceBrowser exists for domain 'local' type '_pptp._tcp' protocol '0'
WARNING: Server: /
WARNING: Domain: local (local)
WARNING: Type: _pptp._tcp (_pptp._tcp)
WARNING: Protocol: 0 (0)
/Client11/ServiceTypeBrowser1: ItemNew
  Interface: 2
  Protocol: IPv6
  Type: _l2tp._udp
  Domain: local
  Flags: 5
WARNING: ServiceBrowser exists for domain 'local' type '_l2tp._udp' protocol '0'
WARNING: Server: /
WARNING: Domain: local (local)
WARNING: Type: _l2tp._udp (_l2tp._udp)
WARNING: Protocol: 0 (0)
/Client11/ServiceTypeBrowser1: ItemNew
  Interface: 2
  Protocol: IPv6
  Type: _rsync._tcp
  Domain: local
  Flags: 5
WARNING: ServiceBrowser exists for domain 'local' type '_rsync._tcp' protocol '0'
WARNING: Server: /
WARNING: Domain: local (local)
WARNING: Type: _rsync._tcp (_rsync._tcp)
WARNING: Protocol: 0 (0)
/Client11/ServiceTypeBrowser1: ItemNew
  Interface: 2
  Protocol: IPv6
  Type: _syslog-conn._tcp
  Domain: local
  Flags: 5
WARNING: ServiceBrowser exists for domain 'local' type '_syslog-conn._tcp' protocol '0'
WARNING: Server: /
WARNING: Domain: local (local)
WARNING: Type: _syslog-conn._tcp (_syslog-conn._tcp)
WARNING: Protocol: 0 (0)
/Client11/ServiceTypeBrowser1: ItemNew
  Interface: 2
  Protocol: IPv6
  Type: _syslog-conn._udp
  Domain: local
  Flags: 5
WARNING: ServiceBrowser exists for domain 'local' type '_syslog-conn._udp' protocol '0'
WARNING: Server: /
WARNING: Domain: local (local)
WARNING: Type: _syslog-conn._udp (_syslog-conn._udp)
WARNING: Protocol: 0 (0)
/Client11/ServiceTypeBrowser1: ItemNew
  Interface: 2
  Protocol: IPv6
  Type: _ntp._udp
  Domain: local
  Flags: 5
WARNING: ServiceBrowser exists for domain 'local' type '_ntp._udp' protocol '0'
WARNING: Server: /
WARNING: Domain: local (local)
WARNING: Type: _ntp._udp (_ntp._udp)
WARNING: Protocol: 0 (0)
/Client11/ServiceTypeBrowser1: ItemNew
  Interface: 2
  Protocol: IPv6
  Type: _ssh._tcp
  Domain: local
  Flags: 5
WARNING: ServiceBrowser exists for domain 'local' type '_ssh._tcp' protocol '0'
WARNING: Server: /
WARNING: Domain: local (local)
WARNING: Type: _ssh._tcp (_ssh._tcp)
WARNING: Protocol: 0 (0)
/Client11/ServiceTypeBrowser1: ItemNew
  Interface: 2
  Protocol: IPv6
  Type: _snmp._udp
  Domain: local
  Flags: 5
WARNING: ServiceBrowser exists for domain 'local' type '_snmp._udp' protocol '0'
WARNING: Server: /
WARNING: Domain: local (local)
WARNING: Type: _snmp._udp (_snmp._udp)
WARNING: Protocol: 0 (0)
/Client11/ServiceTypeBrowser1: ItemNew
  Interface: 2
  Protocol: IPv6
  Type: _sftp-ssh._tcp
  Domain: local
  Flags: 5
WARNING: ServiceBrowser exists for domain 'local' type '_sftp-ssh._tcp' protocol '0'
WARNING: Server: /
WARNING: Domain: local (local)
WARNING: Type: _sftp-ssh._tcp (_sftp-ssh._tcp)
WARNING: Protocol: 0 (0)
/Client11/ServiceTypeBrowser1: ItemNew
  Interface: 2
  Protocol: IPv6
  Type: _workstation._tcp
  Domain: local
  Flags: 5
WARNING: ServiceBrowser exists for domain 'local' type '_workstation._tcp' protocol '0'
WARNING: Server: /
WARNING: Domain: local (local)
WARNING: Type: _workstation._tcp (_workstation._tcp)
WARNING: Protocol: 0 (0)
/Client11/ServiceTypeBrowser1: Cache exhausted...
/Client11/DomainBrowser2: Cache exhausted...
/Client11/DomainBrowser2: ItemNew
  Interface: -1
  Protocol: unspecified
  Domain: evil.openss7.net
  Flags: 32
Calling ServiceTypeBrowserNew for domain 'evil.openss7.net'
Gotone ServiceTypeBrowserNew for domain 'evil.openss7.net'
/Client11/ServiceTypeBrowser31: new for domain 'evil.openss7.net'
/Client11/DomainBrowser2: ItemNew
  Interface: -1
  Protocol: unspecified
  Domain: admin.openss7.net
  Flags: 32
Calling ServiceTypeBrowserNew for domain 'admin.openss7.net'
Gotone ServiceTypeBrowserNew for domain 'admin.openss7.net'
/Client11/ServiceTypeBrowser32: new for domain 'admin.openss7.net'
/Client11/DomainBrowser2: ItemNew
  Interface: -1
  Protocol: unspecified
  Domain: pigworks.openss7.net
  Flags: 32
Calling ServiceTypeBrowserNew for domain 'pigworks.openss7.net'
Gotone ServiceTypeBrowserNew for domain 'pigworks.openss7.net'
/Client11/ServiceTypeBrowser33: new for domain 'pigworks.openss7.net'
/Client11/ServiceBrowser3: ItemNew
  Interface: 3
  Protocol: IPv4
  Name: unexicon
  Type: _l2tp._udp
  Domain: local
  Flags: 13
Avahi::Service: new
  Interface: 3 (eth0)
  Protocol: IPv4
  Name: unexicon
  Type: _l2tp._udp
  Description: 
  Domain: local
  Host: unexicon.local
  Alternate protocol: IPv4
  Address: fe80::21a:4dff:fe14:dad4
  Port: 1701
  TXT: 
  Flags: 13
Net::Libdnet::Entry::Intf: new
eth0: flags=0x31<UP,BROADCAST,MULTICAST> mtu 1500
	addr 192.168.0.19/24
	ip 192.168.0.19
	subnet 192.168.0.0 - cidr 24 [mask 255.255.255.0]
	broadcast 192.168.0.255
	linkAddr 00:1a:4d:14:da:d4
	alias fe80::21a:4dff:fe14:dad4/64
Avahi::Host: new
 Interface: 3 (eth0)
 Protocol: IPv4
 Name: unexicon.local
 Alternate protocol: IPv4
 Address: fe80::21a:4dff:fe14:dad4
 Flags: 13
/Client11/ServiceBrowser3: ItemNew
  Interface: 2
  Protocol: IPv4
  Name: unexicon
  Type: _l2tp._udp
  Domain: local
  Flags: 13
Avahi::Service: new
  Interface: 2 (usb0)
  Protocol: IPv4
  Name: unexicon
  Type: _l2tp._udp
  Description: 
  Domain: local
  Host: unexicon.local
  Alternate protocol: IPv4
  Address: fe80::6477:57ff:fe9d:e247
  Port: 1701
  TXT: 
  Flags: 13
Net::Libdnet::Entry::Intf: new
usb0: flags=0x31<UP,BROADCAST,MULTICAST> mtu 1500
	addr 169.254.4.72/16
	ip 169.254.4.72
	subnet 169.254.0.0 - cidr 16 [mask 255.255.0.0]
	broadcast 169.254.255.255
	linkAddr 66:77:57:9d:e2:47
	alias fe80::6477:57ff:fe9d:e247/64
Avahi::Host: new
 Interface: 2 (usb0)
 Protocol: IPv4
 Name: unexicon.local
 Alternate protocol: IPv4
 Address: fe80::6477:57ff:fe9d:e247
 Flags: 13
/Client11/ServiceBrowser3: Cache exhausted...
/Client11/ServiceBrowser4: ItemNew
  Interface: 3
  Protocol: IPv4
  Name: unexicon
  Type: _rsync._tcp
  Domain: local
  Flags: 13
Avahi::Service: new
  Interface: 3 (eth0)
  Protocol: IPv4
  Name: unexicon
  Type: _rsync._tcp
  Description: 
  Domain: local
  Host: unexicon.local
  Alternate protocol: IPv4
  Address: fe80::21a:4dff:fe14:dad4
  Port: 873
  TXT: 
  Flags: 13
/Client11/ServiceBrowser4: ItemNew
  Interface: 2
  Protocol: IPv4
  Name: unexicon
  Type: _rsync._tcp
  Domain: local
  Flags: 13
Avahi::Service: new
  Interface: 2 (usb0)
  Protocol: IPv4
  Name: unexicon
  Type: _rsync._tcp
  Description: 
  Domain: local
  Host: unexicon.local
  Alternate protocol: IPv4
  Address: fe80::6477:57ff:fe9d:e247
  Port: 873
  TXT: 
  Flags: 13
/Client11/ServiceBrowser4: Cache exhausted...
/Client11/ServiceBrowser5: ItemNew
  Interface: 3
  Protocol: IPv4
  Name: unexicon
  Type: _syslog-conn._tcp
  Domain: local
  Flags: 13
Avahi::Service: new
  Interface: 3 (eth0)
  Protocol: IPv4
  Name: unexicon
  Type: _syslog-conn._tcp
  Description: 
  Domain: local
  Host: unexicon.local
  Alternate protocol: IPv4
  Address: fe80::21a:4dff:fe14:dad4
  Port: 601
  TXT: 
  Flags: 13
/Client11/ServiceBrowser5: ItemNew
  Interface: 2
  Protocol: IPv4
  Name: unexicon
  Type: _syslog-conn._tcp
  Domain: local
  Flags: 13
Avahi::Service: new
  Interface: 2 (usb0)
  Protocol: IPv4
  Name: unexicon
  Type: _syslog-conn._tcp
  Description: 
  Domain: local
  Host: unexicon.local
  Alternate protocol: IPv4
  Address: fe80::6477:57ff:fe9d:e247
  Port: 601
  TXT: 
  Flags: 13
/Client11/ServiceBrowser5: Cache exhausted...
/Client11/ServiceBrowser6: ItemNew
  Interface: 3
  Protocol: IPv4
  Name: unexicon
  Type: _syslog-conn._udp
  Domain: local
  Flags: 13
Avahi::Service: new
  Interface: 3 (eth0)
  Protocol: IPv4
  Name: unexicon
  Type: _syslog-conn._udp
  Description: 
  Domain: local
  Host: unexicon.local
  Alternate protocol: IPv4
  Address: fe80::21a:4dff:fe14:dad4
  Port: 601
  TXT: 
  Flags: 13
/Client11/ServiceBrowser6: ItemNew
  Interface: 2
  Protocol: IPv4
  Name: unexicon
  Type: _syslog-conn._udp
  Domain: local
  Flags: 13
Avahi::Service: new
  Interface: 2 (usb0)
  Protocol: IPv4
  Name: unexicon
  Type: _syslog-conn._udp
  Description: 
  Domain: local
  Host: unexicon.local
  Alternate protocol: IPv4
  Address: fe80::6477:57ff:fe9d:e247
  Port: 601
  TXT: 
  Flags: 13
/Client11/ServiceBrowser6: Cache exhausted...
/Client11/ServiceBrowser7: ItemNew
  Interface: 3
  Protocol: IPv4
  Name: unexicon
  Type: _ntp._udp
  Domain: local
  Flags: 13
Avahi::Service: new
  Interface: 3 (eth0)
  Protocol: IPv4
  Name: unexicon
  Type: _ntp._udp
  Description: 
  Domain: local
  Host: unexicon.local
  Alternate protocol: IPv4
  Address: fe80::21a:4dff:fe14:dad4
  Port: 123
  TXT: 
  Flags: 13
/Client11/ServiceBrowser7: ItemNew
  Interface: 2
  Protocol: IPv4
  Name: unexicon
  Type: _ntp._udp
  Domain: local
  Flags: 13
Avahi::Service: new
  Interface: 2 (usb0)
  Protocol: IPv4
  Name: unexicon
  Type: _ntp._udp
  Description: 
  Domain: local
  Host: unexicon.local
  Alternate protocol: IPv4
  Address: fe80::6477:57ff:fe9d:e247
  Port: 123
  TXT: 
  Flags: 13
/Client11/ServiceBrowser7: Cache exhausted...
/Client11/ServiceBrowser8: ItemNew
  Interface: 3
  Protocol: IPv4
  Name: unexicon
  Type: _snmp._udp
  Domain: local
  Flags: 13
Avahi::Service: new
  Interface: 3 (eth0)
  Protocol: IPv4
  Name: unexicon
  Type: _snmp._udp
  Description: 
  Domain: local
  Host: unexicon.local
  Alternate protocol: IPv4
  Address: fe80::21a:4dff:fe14:dad4
  Port: 161
  TXT: 
  Flags: 13
/Client11/ServiceBrowser8: ItemNew
  Interface: 2
  Protocol: IPv4
  Name: unexicon
  Type: _snmp._udp
  Domain: local
  Flags: 13
Avahi::Service: new
  Interface: 2 (usb0)
  Protocol: IPv4
  Name: unexicon
  Type: _snmp._udp
  Description: 
  Domain: local
  Host: unexicon.local
  Alternate protocol: IPv4
  Address: fe80::6477:57ff:fe9d:e247
  Port: 161
  TXT: 
  Flags: 13
/Client11/ServiceBrowser8: Cache exhausted...
/Client11/ServiceBrowser9: ItemNew
  Interface: 3
  Protocol: IPv4
  Name: unexicon
  Type: _pptp._tcp
  Domain: local
  Flags: 13
Avahi::Service: new
  Interface: 3 (eth0)
  Protocol: IPv4
  Name: unexicon
  Type: _pptp._tcp
  Description: 
  Domain: local
  Host: unexicon.local
  Alternate protocol: IPv4
  Address: fe80::21a:4dff:fe14:dad4
  Port: 1723
  TXT: 
  Flags: 13
/Client11/ServiceBrowser9: ItemNew
  Interface: 2
  Protocol: IPv4
  Name: unexicon
  Type: _pptp._tcp
  Domain: local
  Flags: 13
Avahi::Service: new
  Interface: 2 (usb0)
  Protocol: IPv4
  Name: unexicon
  Type: _pptp._tcp
  Description: 
  Domain: local
  Host: unexicon.local
  Alternate protocol: IPv4
  Address: fe80::6477:57ff:fe9d:e247
  Port: 1723
  TXT: 
  Flags: 13
/Client11/ServiceBrowser9: Cache exhausted...
/Client11/ServiceBrowser10: ItemNew
  Interface: 3
  Protocol: IPv4
  Name: napoleon
  Type: _afpovertcp._tcp
  Domain: local
  Flags: 5
Avahi::Service: new
  Interface: 3 (eth0)
  Protocol: IPv4
  Name: napoleon
  Type: _afpovertcp._tcp
  Description: 
  Domain: local
  Host: napoleon.local
  Alternate protocol: IPv4
  Address: fe80::215:58ff:fed7:d62e
  Port: 548
  TXT: 
  Flags: 5
Avahi::Host: new
 Interface: 3 (eth0)
 Protocol: IPv4
 Name: napoleon.local
 Alternate protocol: IPv4
 Address: fe80::215:58ff:fed7:d62e
 Flags: 5
/Client11/ServiceBrowser10: Cache exhausted...
/Client11/ServiceBrowser11: ItemNew
  Interface: 3
  Protocol: IPv4
  Name: HP LaserJet 1100 @ napoleon
  Type: _ipp._tcp
  Domain: local
  Flags: 5
Avahi::Service: new
  Interface: 3 (eth0)
  Protocol: IPv4
  Name: HP LaserJet 1100 @ napoleon
  Type: _ipp._tcp
  Description: 
  Domain: local
  Host: napoleon.local
  Alternate protocol: IPv4
  Address: fe80::215:58ff:fed7:d62e
  Port: 631
  TXT: printer-type=0x80900E;printer-state=3;Scan=F;Sort=F;Bind=F;Punch=F;Collate=F;Copies=F;Staple=F;Duplex=F;Color=T;Fax=F;Binary=F;Transparent=F;TLS=1.2;UUID=5dafe82e-7748-3af8-788e-17bc897b0693;URF=none;pdl=application/octet-stream,application/pdf,application/postscript,image/jpeg,image/png;product=(HP LaserJet 1100xi Printer);priority=0;note=napoleon;adminurl=http://napoleon.local:631/printers/HP-LaserJet-1100;ty=HP LaserJet 1100, hpcups 3.11.12;rp=printers/HP-LaserJet-1100;qtotal=1;txtvers=1
  Flags: 5
/Client11/ServiceBrowser11: ItemNew
  Interface: 3
  Protocol: IPv4
  Name: PDF @ napoleon
  Type: _ipp._tcp
  Domain: local
  Flags: 5
Avahi::Service: new
  Interface: 3 (eth0)
  Protocol: IPv4
  Name: PDF @ napoleon
  Type: _ipp._tcp
  Description: 
  Domain: local
  Host: napoleon.local
  Alternate protocol: IPv4
  Address: fe80::215:58ff:fed7:d62e
  Port: 631
  TXT: printer-type=0x80F04E;printer-state=3;Scan=F;Sort=F;Bind=F;Punch=F;Collate=F;Copies=T;Staple=F;Duplex=F;Color=T;Fax=F;Binary=F;Transparent=F;TLS=1.2;UUID=605ad219-5f8a-3ccb-4268-0478f30bd3c7;URF=none;pdl=application/octet-stream,application/pdf,application/postscript,image/jpeg,image/png;product=(CUPS v1.1);priority=0;note=;adminurl=http://napoleon.local:631/printers/PDF;ty=Generic CUPS-PDF Printer;rp=printers/PDF;qtotal=1;txtvers=1
  Flags: 5
/Client11/ServiceBrowser11: Cache exhausted...
/Client11/ServiceBrowser12: ItemNew
  Interface: 3
  Protocol: IPv4
  Name: napoleon
  Type: _udisks-ssh._tcp
  Domain: local
  Flags: 5
Avahi::Service: new
  Interface: 3 (eth0)
  Protocol: IPv4
  Name: napoleon
  Type: _udisks-ssh._tcp
  Description: 
  Domain: local
  Host: napoleon.local
  Alternate protocol: IPv4
  Address: fe80::215:58ff:fed7:d62e
  Port: 22
  TXT: 
  Flags: 5
/Client11/ServiceBrowser12: Cache exhausted...
/Client11/ServiceBrowser13: ItemNew
  Interface: 3
  Protocol: IPv4
  Name: Music Player
  Type: _mpd._tcp
  Domain: local
  Flags: 5
Avahi::Service: new
  Interface: 3 (eth0)
  Protocol: IPv4
  Name: Music Player
  Type: _mpd._tcp
  Description: 
  Domain: local
  Host: wilbur.local
  Alternate protocol: IPv4
  Address: fe80::20e:cff:feb8:c95a
  Port: 6600
  TXT: 
  Flags: 5
Avahi::Host: new
 Interface: 3 (eth0)
 Protocol: IPv4
 Name: wilbur.local
 Alternate protocol: IPv4
 Address: fe80::20e:cff:feb8:c95a
 Flags: 5
/Client11/ServiceBrowser13: Cache exhausted...
/Client11/ServiceBrowser14: ItemNew
  Interface: 3
  Protocol: IPv4
  Name: unexicon
  Type: _sftp-ssh._tcp
  Domain: local
  Flags: 13
Avahi::Service: new
  Interface: 3 (eth0)
  Protocol: IPv4
  Name: unexicon
  Type: _sftp-ssh._tcp
  Description: 
  Domain: local
  Host: unexicon.local
  Alternate protocol: IPv4
  Address: fe80::21a:4dff:fe14:dad4
  Port: 22
  TXT: 
  Flags: 13
/Client11/ServiceBrowser14: ItemNew
  Interface: 3
  Protocol: IPv4
  Name: squealer
  Type: _sftp-ssh._tcp
  Domain: local
  Flags: 5
Avahi::Service: new
  Interface: 3 (eth0)
  Protocol: IPv4
  Name: squealer
  Type: _sftp-ssh._tcp
  Description: 
  Domain: local
  Host: squealer.local
  Alternate protocol: IPv4
  Address: fe80::1ebd:b9ff:fe7f:fdaf
  Port: 22
  TXT: 
  Flags: 5
Avahi::Host: new
 Interface: 3 (eth0)
 Protocol: IPv4
 Name: squealer.local
 Alternate protocol: IPv4
 Address: fe80::1ebd:b9ff:fe7f:fdaf
 Flags: 5
/Client11/ServiceBrowser14: ItemNew
  Interface: 2
  Protocol: IPv4
  Name: unexicon
  Type: _sftp-ssh._tcp
  Domain: local
  Flags: 13
Avahi::Service: new
  Interface: 2 (usb0)
  Protocol: IPv4
  Name: unexicon
  Type: _sftp-ssh._tcp
  Description: 
  Domain: local
  Host: unexicon.local
  Alternate protocol: IPv4
  Address: fe80::6477:57ff:fe9d:e247
  Port: 22
  TXT: 
  Flags: 13
/Client11/ServiceBrowser14: Cache exhausted...
/Client11/ServiceBrowser15: ItemNew
  Interface: 3
  Protocol: IPv4
  Name: unexicon
  Type: _ssh._tcp
  Domain: local
  Flags: 13
Avahi::Service: new
  Interface: 3 (eth0)
  Protocol: IPv4
  Name: unexicon
  Type: _ssh._tcp
  Description: 
  Domain: local
  Host: unexicon.local
  Alternate protocol: IPv4
  Address: fe80::21a:4dff:fe14:dad4
  Port: 22
  TXT: 
  Flags: 13
/Client11/ServiceBrowser15: ItemNew
  Interface: 3
  Protocol: IPv4
  Name: squealer
  Type: _ssh._tcp
  Domain: local
  Flags: 5
Avahi::Service: new
  Interface: 3 (eth0)
  Protocol: IPv4
  Name: squealer
  Type: _ssh._tcp
  Description: 
  Domain: local
  Host: squealer.local
  Alternate protocol: IPv4
  Address: fe80::1ebd:b9ff:fe7f:fdaf
  Port: 22
  TXT: 
  Flags: 5
/Client11/ServiceBrowser15: ItemNew
  Interface: 2
  Protocol: IPv4
  Name: unexicon
  Type: _ssh._tcp
  Domain: local
  Flags: 13
Avahi::Service: new
  Interface: 2 (usb0)
  Protocol: IPv4
  Name: unexicon
  Type: _ssh._tcp
  Description: 
  Domain: local
  Host: unexicon.local
  Alternate protocol: IPv4
  Address: fe80::6477:57ff:fe9d:e247
  Port: 22
  TXT: 
  Flags: 13
/Client11/ServiceBrowser15: Cache exhausted...
/Client11/ServiceBrowser16: ItemNew
  Interface: 3
  Protocol: IPv4
  Name: unexicon [00:1a:4d:14:da:d4]
  Type: _workstation._tcp
  Domain: local
  Flags: 13
Avahi::Service: new
  Interface: 3 (eth0)
  Protocol: IPv4
  Name: unexicon [00:1a:4d:14:da:d4]
  Type: _workstation._tcp
  Description: 
  Domain: local
  Host: unexicon.local
  Alternate protocol: IPv4
  Address: fe80::21a:4dff:fe14:dad4
  Port: 9
  TXT: 
  Flags: 13
/Client11/ServiceBrowser16: ItemNew
  Interface: 3
  Protocol: IPv4
  Name: napoleon [00:15:58:d7:d6:2e]
  Type: _workstation._tcp
  Domain: local
  Flags: 5
Avahi::Service: new
  Interface: 3 (eth0)
  Protocol: IPv4
  Name: napoleon [00:15:58:d7:d6:2e]
  Type: _workstation._tcp
  Description: 
  Domain: local
  Host: napoleon.local
  Alternate protocol: IPv4
  Address: fe80::215:58ff:fed7:d62e
  Port: 9
  TXT: 
  Flags: 5
/Client11/ServiceBrowser16: ItemNew
  Interface: 3
  Protocol: IPv4
  Name: wilbur [00:0e:0c:b8:c9:5a]
  Type: _workstation._tcp
  Domain: local
  Flags: 5
Avahi::Service: new
  Interface: 3 (eth0)
  Protocol: IPv4
  Name: wilbur [00:0e:0c:b8:c9:5a]
  Type: _workstation._tcp
  Description: 
  Domain: local
  Host: wilbur.local
  Alternate protocol: IPv4
  Address: fe80::20e:cff:feb8:c95a
  Port: 9
  TXT: 
  Flags: 5
/Client11/ServiceBrowser16: ItemNew
  Interface: 3
  Protocol: IPv4
  Name: squealer [1c:bd:b9:7f:fd:af]
  Type: _workstation._tcp
  Domain: local
  Flags: 5
Avahi::Service: new
  Interface: 3 (eth0)
  Protocol: IPv4
  Name: squealer [1c:bd:b9:7f:fd:af]
  Type: _workstation._tcp
  Description: 
  Domain: local
  Host: squealer.local
  Alternate protocol: IPv4
  Address: fe80::1ebd:b9ff:fe7f:fdaf
  Port: 9
  TXT: 
  Flags: 5
/Client11/ServiceBrowser16: ItemNew
  Interface: 3
  Protocol: IPv4
  Name: habeascorpus [00:21:85:e1:ea:cf]
  Type: _workstation._tcp
  Domain: local
  Flags: 5
Avahi::Service: new
  Interface: 3 (eth0)
  Protocol: IPv4
  Name: habeascorpus [00:21:85:e1:ea:cf]
  Type: _workstation._tcp
  Description: 
  Domain: local
  Host: habeascorpus.local
  Alternate protocol: IPv4
  Address: fe80::221:85ff:fee1:eacf
  Port: 9
  TXT: 
  Flags: 5
Avahi::Host: new
 Interface: 3 (eth0)
 Protocol: IPv4
 Name: habeascorpus.local
 Alternate protocol: IPv4
 Address: fe80::221:85ff:fee1:eacf
 Flags: 5
/Client11/ServiceBrowser16: ItemNew
  Interface: 3
  Protocol: IPv4
  Name: piglet [00:0a:e4:3a:7f:d2]
  Type: _workstation._tcp
  Domain: local
  Flags: 5
Avahi::Service: new
  Interface: 3 (eth0)
  Protocol: IPv4
  Name: piglet [00:0a:e4:3a:7f:d2]
  Type: _workstation._tcp
  Description: 
  Domain: local
  Host: piglet.local
  Alternate protocol: IPv4
  Address: fe80::20a:e4ff:fe3a:7fd2
  Port: 9
  TXT: 
  Flags: 5
Avahi::Host: new
 Interface: 3 (eth0)
 Protocol: IPv4
 Name: piglet.local
 Alternate protocol: IPv4
 Address: fe80::20a:e4ff:fe3a:7fd2
 Flags: 5
/Client11/ServiceBrowser16: ItemNew
  Interface: 2
  Protocol: IPv4
  Name: unexicon [66:77:57:9d:e2:47]
  Type: _workstation._tcp
  Domain: local
  Flags: 13
Avahi::Service: new
  Interface: 2 (usb0)
  Protocol: IPv4
  Name: unexicon [66:77:57:9d:e2:47]
  Type: _workstation._tcp
  Description: 
  Domain: local
  Host: unexicon.local
  Alternate protocol: IPv4
  Address: fe80::6477:57ff:fe9d:e247
  Port: 9
  TXT: 
  Flags: 13
/Client11/ServiceBrowser16: Cache exhausted...
/Client11/ServiceBrowser17: ItemNew
  Interface: 3
  Protocol: IPv6
  Name: unexicon
  Type: _l2tp._udp
  Domain: local
  Flags: 13
Avahi::Service: new
  Interface: 3 (eth0)
  Protocol: IPv6
  Name: unexicon
  Type: _l2tp._udp
  Description: 
  Domain: local
  Host: unexicon.local
  Alternate protocol: IPv6
  Address: 192.168.0.19
  Port: 1701
  TXT: 
  Flags: 13
/Client11/ServiceBrowser17: ItemNew
  Interface: 2
  Protocol: IPv6
  Name: unexicon
  Type: _l2tp._udp
  Domain: local
  Flags: 13
Avahi::Service: new
  Interface: 2 (usb0)
  Protocol: IPv6
  Name: unexicon
  Type: _l2tp._udp
  Description: 
  Domain: local
  Host: unexicon.local
  Alternate protocol: IPv6
  Address: 169.254.4.72
  Port: 1701
  TXT: 
  Flags: 13
/Client11/ServiceBrowser17: Cache exhausted...
/Client11/ServiceBrowser18: ItemNew
  Interface: 3
  Protocol: IPv6
  Name: unexicon
  Type: _rsync._tcp
  Domain: local
  Flags: 13
Avahi::Service: new
  Interface: 3 (eth0)
  Protocol: IPv6
  Name: unexicon
  Type: _rsync._tcp
  Description: 
  Domain: local
  Host: unexicon.local
  Alternate protocol: IPv6
  Address: 192.168.0.19
  Port: 873
  TXT: 
  Flags: 13
/Client11/ServiceBrowser18: ItemNew
  Interface: 2
  Protocol: IPv6
  Name: unexicon
  Type: _rsync._tcp
  Domain: local
  Flags: 13
Avahi::Service: new
  Interface: 2 (usb0)
  Protocol: IPv6
  Name: unexicon
  Type: _rsync._tcp
  Description: 
  Domain: local
  Host: unexicon.local
  Alternate protocol: IPv6
  Address: 169.254.4.72
  Port: 873
  TXT: 
  Flags: 13
/Client11/ServiceBrowser18: Cache exhausted...
/Client11/ServiceBrowser19: ItemNew
  Interface: 3
  Protocol: IPv6
  Name: unexicon
  Type: _syslog-conn._tcp
  Domain: local
  Flags: 13
Avahi::Service: new
  Interface: 3 (eth0)
  Protocol: IPv6
  Name: unexicon
  Type: _syslog-conn._tcp
  Description: 
  Domain: local
  Host: unexicon.local
  Alternate protocol: IPv6
  Address: 192.168.0.19
  Port: 601
  TXT: 
  Flags: 13
/Client11/ServiceBrowser19: ItemNew
  Interface: 2
  Protocol: IPv6
  Name: unexicon
  Type: _syslog-conn._tcp
  Domain: local
  Flags: 13
Avahi::Service: new
  Interface: 2 (usb0)
  Protocol: IPv6
  Name: unexicon
  Type: _syslog-conn._tcp
  Description: 
  Domain: local
  Host: unexicon.local
  Alternate protocol: IPv6
  Address: 169.254.4.72
  Port: 601
  TXT: 
  Flags: 13
/Client11/ServiceBrowser19: Cache exhausted...
/Client11/ServiceBrowser20: ItemNew
  Interface: 3
  Protocol: IPv6
  Name: unexicon
  Type: _syslog-conn._udp
  Domain: local
  Flags: 13
Avahi::Service: new
  Interface: 3 (eth0)
  Protocol: IPv6
  Name: unexicon
  Type: _syslog-conn._udp
  Description: 
  Domain: local
  Host: unexicon.local
  Alternate protocol: IPv6
  Address: 192.168.0.19
  Port: 601
  TXT: 
  Flags: 13
/Client11/ServiceBrowser20: ItemNew
  Interface: 2
  Protocol: IPv6
  Name: unexicon
  Type: _syslog-conn._udp
  Domain: local
  Flags: 13
Avahi::Service: new
  Interface: 2 (usb0)
  Protocol: IPv6
  Name: unexicon
  Type: _syslog-conn._udp
  Description: 
  Domain: local
  Host: unexicon.local
  Alternate protocol: IPv6
  Address: 169.254.4.72
  Port: 601
  TXT: 
  Flags: 13
/Client11/ServiceBrowser20: Cache exhausted...
/Client11/ServiceBrowser21: ItemNew
  Interface: 3
  Protocol: IPv6
  Name: unexicon
  Type: _ntp._udp
  Domain: local
  Flags: 13
Avahi::Service: new
  Interface: 3 (eth0)
  Protocol: IPv6
  Name: unexicon
  Type: _ntp._udp
  Description: 
  Domain: local
  Host: unexicon.local
  Alternate protocol: IPv6
  Address: 192.168.0.19
  Port: 123
  TXT: 
  Flags: 13
/Client11/ServiceBrowser21: ItemNew
  Interface: 2
  Protocol: IPv6
  Name: unexicon
  Type: _ntp._udp
  Domain: local
  Flags: 13
Avahi::Service: new
  Interface: 2 (usb0)
  Protocol: IPv6
  Name: unexicon
  Type: _ntp._udp
  Description: 
  Domain: local
  Host: unexicon.local
  Alternate protocol: IPv6
  Address: 169.254.4.72
  Port: 123
  TXT: 
  Flags: 13
/Client11/ServiceBrowser21: Cache exhausted...
/Client11/ServiceBrowser22: ItemNew
  Interface: 3
  Protocol: IPv6
  Name: unexicon
  Type: _snmp._udp
  Domain: local
  Flags: 13
Avahi::Service: new
  Interface: 3 (eth0)
  Protocol: IPv6
  Name: unexicon
  Type: _snmp._udp
  Description: 
  Domain: local
  Host: unexicon.local
  Alternate protocol: IPv6
  Address: 192.168.0.19
  Port: 161
  TXT: 
  Flags: 13
/Client11/ServiceBrowser22: ItemNew
  Interface: 2
  Protocol: IPv6
  Name: unexicon
  Type: _snmp._udp
  Domain: local
  Flags: 13
Avahi::Service: new
  Interface: 2 (usb0)
  Protocol: IPv6
  Name: unexicon
  Type: _snmp._udp
  Description: 
  Domain: local
  Host: unexicon.local
  Alternate protocol: IPv6
  Address: 169.254.4.72
  Port: 161
  TXT: 
  Flags: 13
/Client11/ServiceBrowser22: Cache exhausted...
/Client11/ServiceBrowser23: ItemNew
  Interface: 3
  Protocol: IPv6
  Name: unexicon
  Type: _pptp._tcp
  Domain: local
  Flags: 13
Avahi::Service: new
  Interface: 3 (eth0)
  Protocol: IPv6
  Name: unexicon
  Type: _pptp._tcp
  Description: 
  Domain: local
  Host: unexicon.local
  Alternate protocol: IPv6
  Address: 192.168.0.19
  Port: 1723
  TXT: 
  Flags: 13
/Client11/ServiceBrowser23: ItemNew
  Interface: 2
  Protocol: IPv6
  Name: unexicon
  Type: _pptp._tcp
  Domain: local
  Flags: 13
Avahi::Service: new
  Interface: 2 (usb0)
  Protocol: IPv6
  Name: unexicon
  Type: _pptp._tcp
  Description: 
  Domain: local
  Host: unexicon.local
  Alternate protocol: IPv6
  Address: 169.254.4.72
  Port: 1723
  TXT: 
  Flags: 13
/Client11/ServiceBrowser23: Cache exhausted...
/Client11/ServiceBrowser24: ItemNew
  Interface: 3
  Protocol: IPv6
  Name: napoleon
  Type: _afpovertcp._tcp
  Domain: local
  Flags: 5
Avahi::Service: new
  Interface: 3 (eth0)
  Protocol: IPv6
  Name: napoleon
  Type: _afpovertcp._tcp
  Description: 
  Domain: local
  Host: napoleon.local
  Alternate protocol: IPv6
  Address: 192.168.0.14
  Port: 548
  TXT: 
  Flags: 5
/Client11/ServiceBrowser24: Cache exhausted...
/Client11/ServiceBrowser25: ItemNew
  Interface: 3
  Protocol: IPv6
  Name: HP LaserJet 1100 @ napoleon
  Type: _ipp._tcp
  Domain: local
  Flags: 5
Avahi::Service: new
  Interface: 3 (eth0)
  Protocol: IPv6
  Name: HP LaserJet 1100 @ napoleon
  Type: _ipp._tcp
  Description: 
  Domain: local
  Host: napoleon.local
  Alternate protocol: IPv6
  Address: 192.168.0.14
  Port: 631
  TXT: printer-type=0x80900E;printer-state=3;Scan=F;Sort=F;Bind=F;Punch=F;Collate=F;Copies=F;Staple=F;Duplex=F;Color=T;Fax=F;Binary=F;Transparent=F;TLS=1.2;UUID=5dafe82e-7748-3af8-788e-17bc897b0693;URF=none;pdl=application/octet-stream,application/pdf,application/postscript,image/jpeg,image/png;product=(HP LaserJet 1100xi Printer);priority=0;note=napoleon;adminurl=http://napoleon.local:631/printers/HP-LaserJet-1100;ty=HP LaserJet 1100, hpcups 3.11.12;rp=printers/HP-LaserJet-1100;qtotal=1;txtvers=1
  Flags: 5
/Client11/ServiceBrowser25: ItemNew
  Interface: 3
  Protocol: IPv6
  Name: PDF @ napoleon
  Type: _ipp._tcp
  Domain: local
  Flags: 5
Avahi::Service: new
  Interface: 3 (eth0)
  Protocol: IPv6
  Name: PDF @ napoleon
  Type: _ipp._tcp
  Description: 
  Domain: local
  Host: napoleon.local
  Alternate protocol: IPv6
  Address: 192.168.0.14
  Port: 631
  TXT: printer-type=0x80F04E;printer-state=3;Scan=F;Sort=F;Bind=F;Punch=F;Collate=F;Copies=T;Staple=F;Duplex=F;Color=T;Fax=F;Binary=F;Transparent=F;TLS=1.2;UUID=605ad219-5f8a-3ccb-4268-0478f30bd3c7;URF=none;pdl=application/octet-stream,application/pdf,application/postscript,image/jpeg,image/png;product=(CUPS v1.1);priority=0;note=;adminurl=http://napoleon.local:631/printers/PDF;ty=Generic CUPS-PDF Printer;rp=printers/PDF;qtotal=1;txtvers=1
  Flags: 5
/Client11/ServiceBrowser25: Cache exhausted...
/Client11/ServiceBrowser26: ItemNew
  Interface: 3
  Protocol: IPv6
  Name: napoleon
  Type: _udisks-ssh._tcp
  Domain: local
  Flags: 5
Avahi::Service: new
  Interface: 3 (eth0)
  Protocol: IPv6
  Name: napoleon
  Type: _udisks-ssh._tcp
  Description: 
  Domain: local
  Host: napoleon.local
  Alternate protocol: IPv6
  Address: 192.168.0.14
  Port: 22
  TXT: 
  Flags: 5
/Client11/ServiceBrowser26: Cache exhausted...
/Client11/ServiceBrowser27: ItemNew
  Interface: 3
  Protocol: IPv6
  Name: Music Player
  Type: _mpd._tcp
  Domain: local
  Flags: 5
Avahi::Service: new
  Interface: 3 (eth0)
  Protocol: IPv6
  Name: Music Player
  Type: _mpd._tcp
  Description: 
  Domain: local
  Host: wilbur.local
  Alternate protocol: IPv6
  Address: 192.168.0.9
  Port: 6600
  TXT: 
  Flags: 5
/Client11/ServiceBrowser27: Cache exhausted...
/Client11/ServiceBrowser28: ItemNew
  Interface: 3
  Protocol: IPv6
  Name: unexicon
  Type: _sftp-ssh._tcp
  Domain: local
  Flags: 13
Avahi::Service: new
  Interface: 3 (eth0)
  Protocol: IPv6
  Name: unexicon
  Type: _sftp-ssh._tcp
  Description: 
  Domain: local
  Host: unexicon.local
  Alternate protocol: IPv6
  Address: 192.168.0.19
  Port: 22
  TXT: 
  Flags: 13
/Client11/ServiceBrowser28: ItemNew
  Interface: 3
  Protocol: IPv6
  Name: squealer
  Type: _sftp-ssh._tcp
  Domain: local
  Flags: 5
Avahi::Service: new
  Interface: 3 (eth0)
  Protocol: IPv6
  Name: squealer
  Type: _sftp-ssh._tcp
  Description: 
  Domain: local
  Host: squealer.local
  Alternate protocol: IPv6
  Address: 192.168.0.18
  Port: 22
  TXT: 
  Flags: 5
/Client11/ServiceBrowser28: ItemNew
  Interface: 2
  Protocol: IPv6
  Name: unexicon
  Type: _sftp-ssh._tcp
  Domain: local
  Flags: 13
Avahi::Service: new
  Interface: 2 (usb0)
  Protocol: IPv6
  Name: unexicon
  Type: _sftp-ssh._tcp
  Description: 
  Domain: local
  Host: unexicon.local
  Alternate protocol: IPv6
  Address: 169.254.4.72
  Port: 22
  TXT: 
  Flags: 13
/Client11/ServiceBrowser28: Cache exhausted...
/Client11/ServiceBrowser29: ItemNew
  Interface: 3
  Protocol: IPv6
  Name: unexicon
  Type: _ssh._tcp
  Domain: local
  Flags: 13
Avahi::Service: new
  Interface: 3 (eth0)
  Protocol: IPv6
  Name: unexicon
  Type: _ssh._tcp
  Description: 
  Domain: local
  Host: unexicon.local
  Alternate protocol: IPv6
  Address: 192.168.0.19
  Port: 22
  TXT: 
  Flags: 13
/Client11/ServiceBrowser29: ItemNew
  Interface: 3
  Protocol: IPv6
  Name: squealer
  Type: _ssh._tcp
  Domain: local
  Flags: 5
Avahi::Service: new
  Interface: 3 (eth0)
  Protocol: IPv6
  Name: squealer
  Type: _ssh._tcp
  Description: 
  Domain: local
  Host: squealer.local
  Alternate protocol: IPv6
  Address: 192.168.0.18
  Port: 22
  TXT: 
  Flags: 5
/Client11/ServiceBrowser29: ItemNew
  Interface: 2
  Protocol: IPv6
  Name: unexicon
  Type: _ssh._tcp
  Domain: local
  Flags: 13
Avahi::Service: new
  Interface: 2 (usb0)
  Protocol: IPv6
  Name: unexicon
  Type: _ssh._tcp
  Description: 
  Domain: local
  Host: unexicon.local
  Alternate protocol: IPv6
  Address: 169.254.4.72
  Port: 22
  TXT: 
  Flags: 13
/Client11/ServiceBrowser29: Cache exhausted...
/Client11/ServiceBrowser30: ItemNew
  Interface: 3
  Protocol: IPv6
  Name: unexicon [00:1a:4d:14:da:d4]
  Type: _workstation._tcp
  Domain: local
  Flags: 13
Avahi::Service: new
  Interface: 3 (eth0)
  Protocol: IPv6
  Name: unexicon [00:1a:4d:14:da:d4]
  Type: _workstation._tcp
  Description: 
  Domain: local
  Host: unexicon.local
  Alternate protocol: IPv6
  Address: 192.168.0.19
  Port: 9
  TXT: 
  Flags: 13
/Client11/ServiceBrowser30: ItemNew
  Interface: 3
  Protocol: IPv6
  Name: napoleon [00:15:58:d7:d6:2e]
  Type: _workstation._tcp
  Domain: local
  Flags: 5
Avahi::Service: new
  Interface: 3 (eth0)
  Protocol: IPv6
  Name: napoleon [00:15:58:d7:d6:2e]
  Type: _workstation._tcp
  Description: 
  Domain: local
  Host: napoleon.local
  Alternate protocol: IPv6
  Address: 192.168.0.14
  Port: 9
  TXT: 
  Flags: 5
/Client11/ServiceBrowser30: ItemNew
  Interface: 3
  Protocol: IPv6
  Name: wilbur [00:0e:0c:b8:c9:5a]
  Type: _workstation._tcp
  Domain: local
  Flags: 5
Avahi::Service: new
  Interface: 3 (eth0)
  Protocol: IPv6
  Name: wilbur [00:0e:0c:b8:c9:5a]
  Type: _workstation._tcp
  Description: 
  Domain: local
  Host: wilbur.local
  Alternate protocol: IPv6
  Address: 192.168.0.9
  Port: 9
  TXT: 
  Flags: 5
/Client11/ServiceBrowser30: ItemNew
  Interface: 3
  Protocol: IPv6
  Name: squealer [1c:bd:b9:7f:fd:af]
  Type: _workstation._tcp
  Domain: local
  Flags: 5
Avahi::Service: new
  Interface: 3 (eth0)
  Protocol: IPv6
  Name: squealer [1c:bd:b9:7f:fd:af]
  Type: _workstation._tcp
  Description: 
  Domain: local
  Host: squealer.local
  Alternate protocol: IPv6
  Address: 192.168.0.18
  Port: 9
  TXT: 
  Flags: 5
/Client11/ServiceBrowser30: ItemNew
  Interface: 3
  Protocol: IPv6
  Name: habeascorpus [00:21:85:e1:ea:cf]
  Type: _workstation._tcp
  Domain: local
  Flags: 5
Avahi::Service: new
  Interface: 3 (eth0)
  Protocol: IPv6
  Name: habeascorpus [00:21:85:e1:ea:cf]
  Type: _workstation._tcp
  Description: 
  Domain: local
  Host: habeascorpus.local
  Alternate protocol: IPv6
  Address: 192.168.0.16
  Port: 9
  TXT: 
  Flags: 5
/Client11/ServiceBrowser30: ItemNew
  Interface: 3
  Protocol: IPv6
  Name: piglet [00:0a:e4:3a:7f:d2]
  Type: _workstation._tcp
  Domain: local
  Flags: 5
Avahi::Service: new
  Interface: 3 (eth0)
  Protocol: IPv6
  Name: piglet [00:0a:e4:3a:7f:d2]
  Type: _workstation._tcp
  Description: 
  Domain: local
  Host: piglet.local
  Alternate protocol: IPv6
  Address: 192.168.0.3
  Port: 9
  TXT: 
  Flags: 5
/Client11/ServiceBrowser30: ItemNew
  Interface: 2
  Protocol: IPv6
  Name: unexicon [66:77:57:9d:e2:47]
  Type: _workstation._tcp
  Domain: local
  Flags: 13
Avahi::Service: new
  Interface: 2 (usb0)
  Protocol: IPv6
  Name: unexicon [66:77:57:9d:e2:47]
  Type: _workstation._tcp
  Description: 
  Domain: local
  Host: unexicon.local
  Alternate protocol: IPv6
  Address: 169.254.4.72
  Port: 9
  TXT: 
  Flags: 13
/Client11/ServiceBrowser30: Cache exhausted...
/Client11/ServiceTypeBrowser31: Cache exhausted...
/Client11/ServiceTypeBrowser31: Failure: org.freedesktop.Avahi.DNSNXDOMAIN
/Client11/ServiceTypeBrowser32: Cache exhausted...
/Client11/ServiceTypeBrowser32: Failure: org.freedesktop.Avahi.DNSNXDOMAIN
/Client11/ServiceTypeBrowser33: Cache exhausted...
/Client11/ServiceTypeBrowser33: Failure: org.freedesktop.Avahi.DNSNXDOMAIN
/Client11/ServiceTypeBrowser1: All for now...
/Client11/DomainBrowser2: All for now...
/Client11/ServiceBrowser3: All for now...
/Client11/ServiceBrowser4: All for now...
/Client11/ServiceBrowser5: All for now...
/Client11/ServiceBrowser6: All for now...
/Client11/ServiceBrowser7: All for now...
/Client11/ServiceBrowser8: All for now...
/Client11/ServiceBrowser9: All for now...
/Client11/ServiceBrowser10: All for now...
/Client11/ServiceBrowser11: All for now...
/Client11/ServiceBrowser12: All for now...
/Client11/ServiceBrowser13: All for now...
/Client11/ServiceBrowser14: All for now...
/Client11/ServiceBrowser15: All for now...
/Client11/ServiceBrowser16: All for now...
/Client11/ServiceBrowser17: All for now...
/Client11/ServiceBrowser18: All for now...
/Client11/ServiceBrowser19: All for now...
/Client11/ServiceBrowser20: All for now...
/Client11/ServiceBrowser21: All for now...
/Client11/ServiceBrowser22: All for now...
/Client11/ServiceBrowser23: All for now...
/Client11/ServiceBrowser24: All for now...
/Client11/ServiceBrowser25: All for now...
/Client11/ServiceBrowser26: All for now...
/Client11/ServiceBrowser27: All for now...
/Client11/ServiceBrowser28: All for now...
/Client11/ServiceBrowser29: All for now...
/Client11/ServiceBrowser30: All for now...
Arguments are: Gtk2::Notify=HASH(0xa37bc60),ssh,Avahi::Service=HASH(0xa379410)
executing (lxterminal -e ssh 192.168.0.18 </dev/null >/dev/null 2>&1) &
Arguments are: Gtk2::Notify=HASH(0xa370850),ssh,Avahi::Service=HASH(0xa37b550)
executing (lxterminal -e ssh 192.168.0.19 </dev/null >/dev/null 2>&1) &
Arguments are: Gtk2::Notify=HASH(0xa37bdf0),ssh,Avahi::Service=HASH(0xa37bbb0)
executing (lxterminal -e ssh 169.254.4.72 </dev/null >/dev/null 2>&1) &
