 BackendAuthor = Jonathan Conder <jonno.conder@gmail.com>
 BackendDescription = alpm
 BackendName = alpm
 DistroId = arch;current;i686
 Filters = installed
 Groups = desktop-gnome;desktop-kde;desktop-other;desktop-xfce;multimedia;other;programming;system
 Locked = 
 MimeTypes = application/x-compressed-tar;application/x-xz-compressed-tar
 NetworkState = online
 Roles = cancel;get-depends;get-details;get-files;get-packages;get-repo-list;get-requires;get-update-detail;get-updates;install-files;install-packages;refresh-cache;remove-packages;repo-enable;resolve;search-details;search-file;search-group;search-name;update-packages;what-provides;download-packages;simulate-install-files;simulate-install-packages;simulate-remove-packages;simulate-update-packages
 VersionMajor = 0
 VersionMicro = 6
 VersionMinor = 7

new Pk::Transaction /76_dadcccdb_data
 AllowCancel = 1
 CallerActive = 1
 ElapsedTime = 0
 LastPackage = 
 Percentage = 101
 RemainingTime = 0
 Role = unknown
 Speed = 0
 Status = wait
 Subpercentage = 101
 Uid = 501

new Pk::Transaction /77_ccababda_data
 AllowCancel = 1
 CallerActive = 1
 ElapsedTime = 0
 LastPackage = 
 Percentage = 101
 RemainingTime = 0
 Role = unknown
 Speed = 0
 Status = wait
 Subpercentage = 101
 Uid = 501

Changed: 
 AllowCancel = 1
 CallerActive = 1
 ElapsedTime = 0
 LastPackage = 
 Percentage = 101
 RemainingTime = 0
 Role = refresh-cache
 Speed = 0
 Status = download
 Subpercentage = 101
 Uid = 501

Changed: 
 AllowCancel = 1
 CallerActive = 1
 ElapsedTime = 0
 LastPackage = 
 Percentage = 101
 RemainingTime = 0
 Role = refresh-cache
 Speed = 0
 Status = download
 Subpercentage = 101
 Uid = 501

Changed: 
 AllowCancel = 1
 CallerActive = 1
 ElapsedTime = 0
 LastPackage = 
 Percentage = 101
 RemainingTime = 0
 Role = refresh-cache
 Speed = 0
 Status = download
 Subpercentage = 101
 Uid = 501

Changed: 
 AllowCancel = 1
 CallerActive = 1
 ElapsedTime = 0
 LastPackage = 
 Percentage = 101
 RemainingTime = 0
 Role = refresh-cache
 Speed = 0
 Status = download
 Subpercentage = 101
 Uid = 501

TransactionListChanged: 
Changed: 
 AllowCancel = 1
 CallerActive = 1
 ElapsedTime = 0
 LastPackage = 
 Percentage = 101
 RemainingTime = 0
 Role = refresh-cache
 Speed = 0
 Status = download
 Subpercentage = 101
 Uid = 501

Changed: 
 AllowCancel = 1
 CallerActive = 1
 ElapsedTime = 0
 LastPackage = 
 Percentage = 101
 RemainingTime = 0
 Role = refresh-cache
 Speed = 0
 Status = download
 Subpercentage = 101
 Uid = 501

Changed: 
 AllowCancel = 1
 CallerActive = 1
 ElapsedTime = 0
 LastPackage = 
 Percentage = 101
 RemainingTime = 0
 Role = refresh-cache
 Speed = 0
 Status = download
 Subpercentage = 101
 Uid = 501

Changed: 
 AllowCancel = 1
 CallerActive = 1
 ElapsedTime = 0
 LastPackage = 
 Percentage = 0
 RemainingTime = 0
 Role = refresh-cache
 Speed = 0
 Status = download
 Subpercentage = 35
 Uid = 501

Changed: 
 AllowCancel = 1
 CallerActive = 1
 ElapsedTime = 0
 LastPackage = 
 Percentage = 101
 RemainingTime = 0
 Role = get-updates
 Speed = 0
 Status = wait
 Subpercentage = 101
 Uid = 501

TransactionListChanged: 
Changed: 
 AllowCancel = 1
 CallerActive = 1
 ElapsedTime = 0
 LastPackage = 
 Percentage = 0
 RemainingTime = 0
 Role = refresh-cache
 Speed = 0
 Status = download
 Subpercentage = 35
 Uid = 501

Changed: 
 AllowCancel = 1
 CallerActive = 1
 ElapsedTime = 0
 LastPackage = 
 Percentage = 0
 RemainingTime = 0
 Role = refresh-cache
 Speed = 0
 Status = download
 Subpercentage = 35
 Uid = 501

Changed: 
 AllowCancel = 1
 CallerActive = 1
 ElapsedTime = 0
 LastPackage = 
 Percentage = 0
 RemainingTime = 0
 Role = refresh-cache
 Speed = 0
 Status = download
 Subpercentage = 35
 Uid = 501

Changed: 
 AllowCancel = 1
 CallerActive = 1
 ElapsedTime = 0
 LastPackage = 
 Percentage = 0
 RemainingTime = 0
 Role = refresh-cache
 Speed = 0
 Status = download
 Subpercentage = 100
 Uid = 501

Changed: 
 AllowCancel = 1
 CallerActive = 1
 ElapsedTime = 0
 LastPackage = 
 Percentage = 0
 RemainingTime = 0
 Role = refresh-cache
 Speed = 0
 Status = download
 Subpercentage = 100
 Uid = 501

Changed: 
 AllowCancel = 1
 CallerActive = 1
 ElapsedTime = 0
 LastPackage = 
 Percentage = 0
 RemainingTime = 0
 Role = refresh-cache
 Speed = 0
 Status = download
 Subpercentage = 100
 Uid = 501

Changed: 
 AllowCancel = 1
 CallerActive = 1
 ElapsedTime = 0
 LastPackage = 
 Percentage = 0
 RemainingTime = 0
 Role = refresh-cache
 Speed = 0
 Status = download
 Subpercentage = 100
 Uid = 501

Changed: 
 AllowCancel = 1
 CallerActive = 1
 ElapsedTime = 0
 LastPackage = 
 Percentage = 0
 RemainingTime = 0
 Role = refresh-cache
 Speed = 0
 Status = download
 Subpercentage = 100
 Uid = 501

Changed: 
 AllowCancel = 1
 CallerActive = 1
 ElapsedTime = 0
 LastPackage = 
 Percentage = 0
 RemainingTime = 0
 Role = refresh-cache
 Speed = 0
 Status = download
 Subpercentage = 100
 Uid = 501

Changed: 
 AllowCancel = 1
 CallerActive = 1
 ElapsedTime = 0
 LastPackage = 
 Percentage = 0
 RemainingTime = 0
 Role = refresh-cache
 Speed = 0
 Status = download
 Subpercentage = 100
 Uid = 501

Changed: 
 AllowCancel = 1
 CallerActive = 1
 ElapsedTime = 0
 LastPackage = 
 Percentage = 0
 RemainingTime = 0
 Role = refresh-cache
 Speed = 0
 Status = download
 Subpercentage = 100
 Uid = 501

Changed: 
 AllowCancel = 1
 CallerActive = 1
 ElapsedTime = 0
 LastPackage = 
 Percentage = 0
 RemainingTime = 0
 Role = refresh-cache
 Speed = 0
 Status = download
 Subpercentage = 100
 Uid = 501

Changed: 
 AllowCancel = 1
 CallerActive = 1
 ElapsedTime = 0
 LastPackage = 
 Percentage = 0
 RemainingTime = 0
 Role = refresh-cache
 Speed = 0
 Status = download
 Subpercentage = 100
 Uid = 501

Changed: 
 AllowCancel = 1
 CallerActive = 1
 ElapsedTime = 0
 LastPackage = 
 Percentage = 0
 RemainingTime = 0
 Role = refresh-cache
 Speed = 0
 Status = download
 Subpercentage = 100
 Uid = 501

Changed: 
 AllowCancel = 1
 CallerActive = 1
 ElapsedTime = 0
 LastPackage = 
 Percentage = 0
 RemainingTime = 0
 Role = refresh-cache
 Speed = 0
 Status = download
 Subpercentage = 100
 Uid = 501

Changed: 
 AllowCancel = 1
 CallerActive = 1
 ElapsedTime = 0
 LastPackage = 
 Percentage = 0
 RemainingTime = 0
 Role = refresh-cache
 Speed = 0
 Status = download
 Subpercentage = 100
 Uid = 501

Changed: 
 AllowCancel = 1
 CallerActive = 1
 ElapsedTime = 0
 LastPackage = 
 Percentage = 0
 RemainingTime = 0
 Role = refresh-cache
 Speed = 0
 Status = download
 Subpercentage = 100
 Uid = 501

Changed: 
 AllowCancel = 1
 CallerActive = 1
 ElapsedTime = 0
 LastPackage = 
 Percentage = 0
 RemainingTime = 0
 Role = refresh-cache
 Speed = 0
 Status = download
 Subpercentage = 100
 Uid = 501

Changed: 
 AllowCancel = 1
 CallerActive = 1
 ElapsedTime = 0
 LastPackage = 
 Percentage = 0
 RemainingTime = 0
 Role = refresh-cache
 Speed = 0
 Status = download
 Subpercentage = 100
 Uid = 501

Changed: 
 AllowCancel = 1
 CallerActive = 1
 ElapsedTime = 0
 LastPackage = 
 Percentage = 0
 RemainingTime = 0
 Role = refresh-cache
 Speed = 0
 Status = download
 Subpercentage = 100
 Uid = 501

Changed: 
 AllowCancel = 1
 CallerActive = 1
 ElapsedTime = 0
 LastPackage = 
 Percentage = 0
 RemainingTime = 0
 Role = refresh-cache
 Speed = 0
 Status = download
 Subpercentage = 100
 Uid = 501

Changed: 
 AllowCancel = 1
 CallerActive = 1
 ElapsedTime = 0
 LastPackage = 
 Percentage = 0
 RemainingTime = 0
 Role = refresh-cache
 Speed = 0
 Status = download
 Subpercentage = 100
 Uid = 501

Changed: 
 AllowCancel = 1
 CallerActive = 1
 ElapsedTime = 0
 LastPackage = 
 Percentage = 0
 RemainingTime = 0
 Role = refresh-cache
 Speed = 0
 Status = download
 Subpercentage = 100
 Uid = 501

Changed: 
 AllowCancel = 1
 CallerActive = 1
 ElapsedTime = 0
 LastPackage = 
 Percentage = 0
 RemainingTime = 0
 Role = refresh-cache
 Speed = 0
 Status = download
 Subpercentage = 100
 Uid = 501

Changed: 
 AllowCancel = 1
 CallerActive = 1
 ElapsedTime = 0
 LastPackage = 
 Percentage = 0
 RemainingTime = 0
 Role = refresh-cache
 Speed = 0
 Status = download
 Subpercentage = 100
 Uid = 501

Changed: 
 AllowCancel = 1
 CallerActive = 1
 ElapsedTime = 0
 LastPackage = 
 Percentage = 0
 RemainingTime = 0
 Role = refresh-cache
 Speed = 0
 Status = download
 Subpercentage = 100
 Uid = 501

Changed: 
 AllowCancel = 1
 CallerActive = 1
 ElapsedTime = 0
 LastPackage = 
 Percentage = 0
 RemainingTime = 0
 Role = refresh-cache
 Speed = 0
 Status = download
 Subpercentage = 100
 Uid = 501

Changed: 
 AllowCancel = 1
 CallerActive = 1
 ElapsedTime = 0
 LastPackage = 
 Percentage = 0
 RemainingTime = 0
 Role = refresh-cache
 Speed = 0
 Status = download
 Subpercentage = 100
 Uid = 501

Changed: 
 AllowCancel = 1
 CallerActive = 1
 ElapsedTime = 0
 LastPackage = 
 Percentage = 0
 RemainingTime = 0
 Role = refresh-cache
 Speed = 0
 Status = download
 Subpercentage = 100
 Uid = 501

Changed: 
 AllowCancel = 1
 CallerActive = 1
 ElapsedTime = 0
 LastPackage = 
 Percentage = 0
 RemainingTime = 0
 Role = refresh-cache
 Speed = 0
 Status = download
 Subpercentage = 100
 Uid = 501

Changed: 
 AllowCancel = 1
 CallerActive = 1
 ElapsedTime = 0
 LastPackage = 
 Percentage = 0
 RemainingTime = 0
 Role = refresh-cache
 Speed = 0
 Status = download
 Subpercentage = 100
 Uid = 501

Changed: 
 AllowCancel = 1
 CallerActive = 1
 ElapsedTime = 0
 LastPackage = 
 Percentage = 0
 RemainingTime = 0
 Role = refresh-cache
 Speed = 0
 Status = download
 Subpercentage = 0
 Uid = 501

Changed: 
 AllowCancel = 1
 CallerActive = 1
 ElapsedTime = 0
 LastPackage = 
 Percentage = 0
 RemainingTime = 0
 Role = refresh-cache
 Speed = 0
 Status = download
 Subpercentage = 1
 Uid = 501

Changed: 
 AllowCancel = 1
 CallerActive = 1
 ElapsedTime = 0
 LastPackage = 
 Percentage = 0
 RemainingTime = 0
 Role = refresh-cache
 Speed = 0
 Status = download
 Subpercentage = 3
 Uid = 501

Changed: 
 AllowCancel = 1
 CallerActive = 1
 ElapsedTime = 0
 LastPackage = 
 Percentage = 0
 RemainingTime = 0
 Role = refresh-cache
 Speed = 0
 Status = download
 Subpercentage = 3
 Uid = 501

Changed: 
 AllowCancel = 1
 CallerActive = 1
 ElapsedTime = 0
 LastPackage = 
 Percentage = 0
 RemainingTime = 0
 Role = refresh-cache
 Speed = 0
 Status = download
 Subpercentage = 5
 Uid = 501

Changed: 
 AllowCancel = 1
 CallerActive = 1
 ElapsedTime = 0
 LastPackage = 
 Percentage = 0
 RemainingTime = 0
 Role = refresh-cache
 Speed = 0
 Status = download
 Subpercentage = 6
 Uid = 501

Changed: 
 AllowCancel = 1
 CallerActive = 1
 ElapsedTime = 0
 LastPackage = 
 Percentage = 0
 RemainingTime = 0
 Role = refresh-cache
 Speed = 0
 Status = download
 Subpercentage = 7
 Uid = 501

Changed: 
 AllowCancel = 1
 CallerActive = 1
 ElapsedTime = 0
 LastPackage = 
 Percentage = 0
 RemainingTime = 0
 Role = refresh-cache
 Speed = 0
 Status = download
 Subpercentage = 9
 Uid = 501

Changed: 
 AllowCancel = 1
 CallerActive = 1
 ElapsedTime = 0
 LastPackage = 
 Percentage = 0
 RemainingTime = 0
 Role = refresh-cache
 Speed = 0
 Status = download
 Subpercentage = 10
 Uid = 501

Changed: 
 AllowCancel = 1
 CallerActive = 1
 ElapsedTime = 0
 LastPackage = 
 Percentage = 0
 RemainingTime = 0
 Role = refresh-cache
 Speed = 0
 Status = download
 Subpercentage = 11
 Uid = 501

Changed: 
 AllowCancel = 1
 CallerActive = 1
 ElapsedTime = 0
 LastPackage = 
 Percentage = 0
 RemainingTime = 0
 Role = refresh-cache
 Speed = 0
 Status = download
 Subpercentage = 13
 Uid = 501

Changed: 
 AllowCancel = 1
 CallerActive = 1
 ElapsedTime = 0
 LastPackage = 
 Percentage = 0
 RemainingTime = 0
 Role = refresh-cache
 Speed = 0
 Status = download
 Subpercentage = 14
 Uid = 501

Changed: 
 AllowCancel = 1
 CallerActive = 1
 ElapsedTime = 0
 LastPackage = 
 Percentage = 0
 RemainingTime = 0
 Role = refresh-cache
 Speed = 0
 Status = download
 Subpercentage = 15
 Uid = 501

Changed: 
 AllowCancel = 1
 CallerActive = 1
 ElapsedTime = 0
 LastPackage = 
 Percentage = 0
 RemainingTime = 0
 Role = refresh-cache
 Speed = 0
 Status = download
 Subpercentage = 17
 Uid = 501

Changed: 
 AllowCancel = 1
 CallerActive = 1
 ElapsedTime = 0
 LastPackage = 
 Percentage = 0
 RemainingTime = 0
 Role = refresh-cache
 Speed = 0
 Status = download
 Subpercentage = 18
 Uid = 501

Changed: 
 AllowCancel = 1
 CallerActive = 1
 ElapsedTime = 0
 LastPackage = 
 Percentage = 0
 RemainingTime = 0
 Role = refresh-cache
 Speed = 0
 Status = download
 Subpercentage = 19
 Uid = 501

Changed: 
 AllowCancel = 1
 CallerActive = 1
 ElapsedTime = 0
 LastPackage = 
 Percentage = 0
 RemainingTime = 0
 Role = refresh-cache
 Speed = 0
 Status = download
 Subpercentage = 21
 Uid = 501

Changed: 
 AllowCancel = 1
 CallerActive = 1
 ElapsedTime = 0
 LastPackage = 
 Percentage = 0
 RemainingTime = 0
 Role = refresh-cache
 Speed = 0
 Status = download
 Subpercentage = 22
 Uid = 501

Changed: 
 AllowCancel = 1
 CallerActive = 1
 ElapsedTime = 0
 LastPackage = 
 Percentage = 0
 RemainingTime = 0
 Role = refresh-cache
 Speed = 0
 Status = download
 Subpercentage = 23
 Uid = 501

Changed: 
 AllowCancel = 1
 CallerActive = 1
 ElapsedTime = 0
 LastPackage = 
 Percentage = 0
 RemainingTime = 0
 Role = refresh-cache
 Speed = 0
 Status = download
 Subpercentage = 25
 Uid = 501

Changed: 
 AllowCancel = 1
 CallerActive = 1
 ElapsedTime = 0
 LastPackage = 
 Percentage = 0
 RemainingTime = 0
 Role = refresh-cache
 Speed = 0
 Status = download
 Subpercentage = 26
 Uid = 501

Changed: 
 AllowCancel = 1
 CallerActive = 1
 ElapsedTime = 0
 LastPackage = 
 Percentage = 0
 RemainingTime = 0
 Role = refresh-cache
 Speed = 0
 Status = download
 Subpercentage = 27
 Uid = 501

Changed: 
 AllowCancel = 1
 CallerActive = 1
 ElapsedTime = 0
 LastPackage = 
 Percentage = 0
 RemainingTime = 0
 Role = refresh-cache
 Speed = 0
 Status = download
 Subpercentage = 29
 Uid = 501

Changed: 
 AllowCancel = 1
 CallerActive = 1
 ElapsedTime = 0
 LastPackage = 
 Percentage = 0
 RemainingTime = 0
 Role = refresh-cache
 Speed = 0
 Status = download
 Subpercentage = 30
 Uid = 501

Changed: 
 AllowCancel = 1
 CallerActive = 1
 ElapsedTime = 0
 LastPackage = 
 Percentage = 0
 RemainingTime = 0
 Role = refresh-cache
 Speed = 0
 Status = download
 Subpercentage = 31
 Uid = 501

Changed: 
 AllowCancel = 1
 CallerActive = 1
 ElapsedTime = 0
 LastPackage = 
 Percentage = 0
 RemainingTime = 0
 Role = refresh-cache
 Speed = 0
 Status = download
 Subpercentage = 33
 Uid = 501

Changed: 
 AllowCancel = 1
 CallerActive = 1
 ElapsedTime = 0
 LastPackage = 
 Percentage = 0
 RemainingTime = 0
 Role = refresh-cache
 Speed = 0
 Status = download
 Subpercentage = 34
 Uid = 501

Changed: 
 AllowCancel = 1
 CallerActive = 1
 ElapsedTime = 0
 LastPackage = 
 Percentage = 0
 RemainingTime = 0
 Role = refresh-cache
 Speed = 0
 Status = download
 Subpercentage = 35
 Uid = 501

Changed: 
 AllowCancel = 1
 CallerActive = 1
 ElapsedTime = 0
 LastPackage = 
 Percentage = 0
 RemainingTime = 0
 Role = refresh-cache
 Speed = 0
 Status = download
 Subpercentage = 37
 Uid = 501

Changed: 
 AllowCancel = 1
 CallerActive = 1
 ElapsedTime = 0
 LastPackage = 
 Percentage = 0
 RemainingTime = 0
 Role = refresh-cache
 Speed = 0
 Status = download
 Subpercentage = 38
 Uid = 501

Changed: 
 AllowCancel = 1
 CallerActive = 1
 ElapsedTime = 0
 LastPackage = 
 Percentage = 0
 RemainingTime = 0
 Role = refresh-cache
 Speed = 0
 Status = download
 Subpercentage = 39
 Uid = 501

Changed: 
 AllowCancel = 1
 CallerActive = 1
 ElapsedTime = 0
 LastPackage = 
 Percentage = 0
 RemainingTime = 0
 Role = refresh-cache
 Speed = 0
 Status = download
 Subpercentage = 41
 Uid = 501

Changed: 
 AllowCancel = 1
 CallerActive = 1
 ElapsedTime = 0
 LastPackage = 
 Percentage = 0
 RemainingTime = 0
 Role = refresh-cache
 Speed = 0
 Status = download
 Subpercentage = 42
 Uid = 501

Changed: 
 AllowCancel = 1
 CallerActive = 1
 ElapsedTime = 0
 LastPackage = 
 Percentage = 0
 RemainingTime = 0
 Role = refresh-cache
 Speed = 0
 Status = download
 Subpercentage = 43
 Uid = 501

Changed: 
 AllowCancel = 1
 CallerActive = 1
 ElapsedTime = 0
 LastPackage = 
 Percentage = 0
 RemainingTime = 0
 Role = refresh-cache
 Speed = 0
 Status = download
 Subpercentage = 45
 Uid = 501

Changed: 
 AllowCancel = 1
 CallerActive = 1
 ElapsedTime = 0
 LastPackage = 
 Percentage = 0
 RemainingTime = 0
 Role = refresh-cache
 Speed = 0
 Status = download
 Subpercentage = 46
 Uid = 501

Changed: 
 AllowCancel = 1
 CallerActive = 1
 ElapsedTime = 0
 LastPackage = 
 Percentage = 0
 RemainingTime = 0
 Role = refresh-cache
 Speed = 0
 Status = download
 Subpercentage = 47
 Uid = 501

Changed: 
 AllowCancel = 1
 CallerActive = 1
 ElapsedTime = 0
 LastPackage = 
 Percentage = 0
 RemainingTime = 0
 Role = refresh-cache
 Speed = 0
 Status = download
 Subpercentage = 49
 Uid = 501

Changed: 
 AllowCancel = 1
 CallerActive = 1
 ElapsedTime = 0
 LastPackage = 
 Percentage = 0
 RemainingTime = 0
 Role = refresh-cache
 Speed = 0
 Status = download
 Subpercentage = 50
 Uid = 501

Changed: 
 AllowCancel = 1
 CallerActive = 1
 ElapsedTime = 0
 LastPackage = 
 Percentage = 0
 RemainingTime = 0
 Role = refresh-cache
 Speed = 0
 Status = download
 Subpercentage = 51
 Uid = 501

Changed: 
 AllowCancel = 1
 CallerActive = 1
 ElapsedTime = 0
 LastPackage = 
 Percentage = 0
 RemainingTime = 0
 Role = refresh-cache
 Speed = 0
 Status = download
 Subpercentage = 53
 Uid = 501

Changed: 
 AllowCancel = 1
 CallerActive = 1
 ElapsedTime = 0
 LastPackage = 
 Percentage = 0
 RemainingTime = 0
 Role = refresh-cache
 Speed = 0
 Status = download
 Subpercentage = 54
 Uid = 501

Changed: 
 AllowCancel = 1
 CallerActive = 1
 ElapsedTime = 0
 LastPackage = 
 Percentage = 0
 RemainingTime = 0
 Role = refresh-cache
 Speed = 0
 Status = download
 Subpercentage = 55
 Uid = 501

Changed: 
 AllowCancel = 1
 CallerActive = 1
 ElapsedTime = 0
 LastPackage = 
 Percentage = 0
 RemainingTime = 0
 Role = refresh-cache
 Speed = 0
 Status = download
 Subpercentage = 57
 Uid = 501

Changed: 
 AllowCancel = 1
 CallerActive = 1
 ElapsedTime = 0
 LastPackage = 
 Percentage = 0
 RemainingTime = 0
 Role = refresh-cache
 Speed = 0
 Status = download
 Subpercentage = 58
 Uid = 501

Changed: 
 AllowCancel = 1
 CallerActive = 1
 ElapsedTime = 0
 LastPackage = 
 Percentage = 0
 RemainingTime = 0
 Role = refresh-cache
 Speed = 0
 Status = download
 Subpercentage = 59
 Uid = 501

Changed: 
 AllowCancel = 1
 CallerActive = 1
 ElapsedTime = 0
 LastPackage = 
 Percentage = 0
 RemainingTime = 0
 Role = refresh-cache
 Speed = 0
 Status = download
 Subpercentage = 61
 Uid = 501

Changed: 
 AllowCancel = 1
 CallerActive = 1
 ElapsedTime = 0
 LastPackage = 
 Percentage = 0
 RemainingTime = 0
 Role = refresh-cache
 Speed = 0
 Status = download
 Subpercentage = 62
 Uid = 501

Changed: 
 AllowCancel = 1
 CallerActive = 1
 ElapsedTime = 0
 LastPackage = 
 Percentage = 0
 RemainingTime = 0
 Role = refresh-cache
 Speed = 0
 Status = download
 Subpercentage = 63
 Uid = 501

Changed: 
 AllowCancel = 1
 CallerActive = 1
 ElapsedTime = 0
 LastPackage = 
 Percentage = 0
 RemainingTime = 0
 Role = refresh-cache
 Speed = 0
 Status = download
 Subpercentage = 65
 Uid = 501

Changed: 
 AllowCancel = 1
 CallerActive = 1
 ElapsedTime = 0
 LastPackage = 
 Percentage = 0
 RemainingTime = 0
 Role = refresh-cache
 Speed = 0
 Status = download
 Subpercentage = 66
 Uid = 501

Changed: 
 AllowCancel = 1
 CallerActive = 1
 ElapsedTime = 0
 LastPackage = 
 Percentage = 0
 RemainingTime = 0
 Role = refresh-cache
 Speed = 0
 Status = download
 Subpercentage = 67
 Uid = 501

Changed: 
 AllowCancel = 1
 CallerActive = 1
 ElapsedTime = 0
 LastPackage = 
 Percentage = 0
 RemainingTime = 0
 Role = refresh-cache
 Speed = 0
 Status = download
 Subpercentage = 69
 Uid = 501

Changed: 
 AllowCancel = 1
 CallerActive = 1
 ElapsedTime = 0
 LastPackage = 
 Percentage = 0
 RemainingTime = 0
 Role = refresh-cache
 Speed = 0
 Status = download
 Subpercentage = 70
 Uid = 501

Changed: 
 AllowCancel = 1
 CallerActive = 1
 ElapsedTime = 0
 LastPackage = 
 Percentage = 0
 RemainingTime = 0
 Role = refresh-cache
 Speed = 0
 Status = download
 Subpercentage = 71
 Uid = 501

Changed: 
 AllowCancel = 1
 CallerActive = 1
 ElapsedTime = 0
 LastPackage = 
 Percentage = 0
 RemainingTime = 0
 Role = refresh-cache
 Speed = 0
 Status = download
 Subpercentage = 73
 Uid = 501

Changed: 
 AllowCancel = 1
 CallerActive = 1
 ElapsedTime = 0
 LastPackage = 
 Percentage = 0
 RemainingTime = 0
 Role = refresh-cache
 Speed = 0
 Status = download
 Subpercentage = 100
 Uid = 501

Changed: 
 AllowCancel = 1
 CallerActive = 1
 ElapsedTime = 0
 LastPackage = 
 Percentage = 0
 RemainingTime = 0
 Role = refresh-cache
 Speed = 0
 Status = download
 Subpercentage = 100
 Uid = 501

Changed: 
 AllowCancel = 1
 CallerActive = 1
 ElapsedTime = 0
 LastPackage = 
 Percentage = 0
 RemainingTime = 0
 Role = refresh-cache
 Speed = 0
 Status = download
 Subpercentage = 0
 Uid = 501

Changed: 
 AllowCancel = 1
 CallerActive = 1
 ElapsedTime = 0
 LastPackage = 
 Percentage = 0
 RemainingTime = 0
 Role = refresh-cache
 Speed = 0
 Status = download
 Subpercentage = 1
 Uid = 501

Changed: 
 AllowCancel = 1
 CallerActive = 1
 ElapsedTime = 0
 LastPackage = 
 Percentage = 0
 RemainingTime = 0
 Role = refresh-cache
 Speed = 0
 Status = download
 Subpercentage = 2
 Uid = 501

Changed: 
 AllowCancel = 1
 CallerActive = 1
 ElapsedTime = 0
 LastPackage = 
 Percentage = 0
 RemainingTime = 0
 Role = refresh-cache
 Speed = 0
 Status = download
 Subpercentage = 5
 Uid = 501

Changed: 
 AllowCancel = 1
 CallerActive = 1
 ElapsedTime = 0
 LastPackage = 
 Percentage = 0
 RemainingTime = 0
 Role = refresh-cache
 Speed = 0
 Status = download
 Subpercentage = 5
 Uid = 501

Changed: 
 AllowCancel = 1
 CallerActive = 1
 ElapsedTime = 0
 LastPackage = 
 Percentage = 0
 RemainingTime = 0
 Role = refresh-cache
 Speed = 0
 Status = download
 Subpercentage = 6
 Uid = 501

Changed: 
 AllowCancel = 1
 CallerActive = 1
 ElapsedTime = 0
 LastPackage = 
 Percentage = 0
 RemainingTime = 0
 Role = refresh-cache
 Speed = 0
 Status = download
 Subpercentage = 7
 Uid = 501

Changed: 
 AllowCancel = 1
 CallerActive = 1
 ElapsedTime = 0
 LastPackage = 
 Percentage = 0
 RemainingTime = 0
 Role = refresh-cache
 Speed = 0
 Status = download
 Subpercentage = 8
 Uid = 501

Changed: 
 AllowCancel = 1
 CallerActive = 1
 ElapsedTime = 0
 LastPackage = 
 Percentage = 0
 RemainingTime = 0
 Role = refresh-cache
 Speed = 0
 Status = download
 Subpercentage = 9
 Uid = 501

Changed: 
 AllowCancel = 1
 CallerActive = 1
 ElapsedTime = 0
 LastPackage = 
 Percentage = 0
 RemainingTime = 0
 Role = refresh-cache
 Speed = 0
 Status = download
 Subpercentage = 10
 Uid = 501

Changed: 
 AllowCancel = 1
 CallerActive = 1
 ElapsedTime = 0
 LastPackage = 
 Percentage = 0
 RemainingTime = 0
 Role = refresh-cache
 Speed = 0
 Status = download
 Subpercentage = 11
 Uid = 501

Changed: 
 AllowCancel = 1
 CallerActive = 1
 ElapsedTime = 0
 LastPackage = 
 Percentage = 0
 RemainingTime = 0
 Role = refresh-cache
 Speed = 0
 Status = download
 Subpercentage = 12
 Uid = 501

Changed: 
 AllowCancel = 1
 CallerActive = 1
 ElapsedTime = 0
 LastPackage = 
 Percentage = 0
 RemainingTime = 0
 Role = refresh-cache
 Speed = 0
 Status = download
 Subpercentage = 13
 Uid = 501

Changed: 
 AllowCancel = 1
 CallerActive = 1
 ElapsedTime = 0
 LastPackage = 
 Percentage = 0
 RemainingTime = 0
 Role = refresh-cache
 Speed = 0
 Status = download
 Subpercentage = 14
 Uid = 501

Changed: 
 AllowCancel = 1
 CallerActive = 1
 ElapsedTime = 0
 LastPackage = 
 Percentage = 0
 RemainingTime = 0
 Role = refresh-cache
 Speed = 0
 Status = download
 Subpercentage = 15
 Uid = 501

Changed: 
 AllowCancel = 1
 CallerActive = 1
 ElapsedTime = 0
 LastPackage = 
 Percentage = 0
 RemainingTime = 0
 Role = refresh-cache
 Speed = 0
 Status = download
 Subpercentage = 16
 Uid = 501

Changed: 
 AllowCancel = 1
 CallerActive = 1
 ElapsedTime = 0
 LastPackage = 
 Percentage = 0
 RemainingTime = 0
 Role = refresh-cache
 Speed = 0
 Status = download
 Subpercentage = 17
 Uid = 501

Changed: 
 AllowCancel = 1
 CallerActive = 1
 ElapsedTime = 0
 LastPackage = 
 Percentage = 0
 RemainingTime = 0
 Role = refresh-cache
 Speed = 0
 Status = download
 Subpercentage = 18
 Uid = 501

Changed: 
 AllowCancel = 1
 CallerActive = 1
 ElapsedTime = 0
 LastPackage = 
 Percentage = 0
 RemainingTime = 0
 Role = refresh-cache
 Speed = 0
 Status = download
 Subpercentage = 20
 Uid = 501

Changed: 
 AllowCancel = 1
 CallerActive = 1
 ElapsedTime = 0
 LastPackage = 
 Percentage = 0
 RemainingTime = 0
 Role = refresh-cache
 Speed = 0
 Status = download
 Subpercentage = 21
 Uid = 501

Changed: 
 AllowCancel = 1
 CallerActive = 1
 ElapsedTime = 0
 LastPackage = 
 Percentage = 0
 RemainingTime = 0
 Role = refresh-cache
 Speed = 0
 Status = download
 Subpercentage = 22
 Uid = 501

Changed: 
 AllowCancel = 1
 CallerActive = 1
 ElapsedTime = 0
 LastPackage = 
 Percentage = 0
 RemainingTime = 0
 Role = refresh-cache
 Speed = 0
 Status = download
 Subpercentage = 23
 Uid = 501

Changed: 
 AllowCancel = 1
 CallerActive = 1
 ElapsedTime = 0
 LastPackage = 
 Percentage = 0
 RemainingTime = 0
 Role = refresh-cache
 Speed = 0
 Status = download
 Subpercentage = 24
 Uid = 501

Changed: 
 AllowCancel = 1
 CallerActive = 1
 ElapsedTime = 0
 LastPackage = 
 Percentage = 0
 RemainingTime = 0
 Role = refresh-cache
 Speed = 0
 Status = download
 Subpercentage = 25
 Uid = 501

Changed: 
 AllowCancel = 1
 CallerActive = 1
 ElapsedTime = 0
 LastPackage = 
 Percentage = 0
 RemainingTime = 0
 Role = refresh-cache
 Speed = 0
 Status = download
 Subpercentage = 26
 Uid = 501

Changed: 
 AllowCancel = 1
 CallerActive = 1
 ElapsedTime = 0
 LastPackage = 
 Percentage = 0
 RemainingTime = 0
 Role = refresh-cache
 Speed = 0
 Status = download
 Subpercentage = 27
 Uid = 501

Changed: 
 AllowCancel = 1
 CallerActive = 1
 ElapsedTime = 0
 LastPackage = 
 Percentage = 0
 RemainingTime = 0
 Role = refresh-cache
 Speed = 0
 Status = download
 Subpercentage = 28
 Uid = 501

Changed: 
 AllowCancel = 1
 CallerActive = 1
 ElapsedTime = 0
 LastPackage = 
 Percentage = 0
 RemainingTime = 0
 Role = refresh-cache
 Speed = 0
 Status = download
 Subpercentage = 29
 Uid = 501

Changed: 
 AllowCancel = 1
 CallerActive = 1
 ElapsedTime = 0
 LastPackage = 
 Percentage = 0
 RemainingTime = 0
 Role = refresh-cache
 Speed = 0
 Status = download
 Subpercentage = 30
 Uid = 501

Changed: 
 AllowCancel = 1
 CallerActive = 1
 ElapsedTime = 0
 LastPackage = 
 Percentage = 0
 RemainingTime = 0
 Role = refresh-cache
 Speed = 0
 Status = download
 Subpercentage = 31
 Uid = 501

Changed: 
 AllowCancel = 1
 CallerActive = 1
 ElapsedTime = 0
 LastPackage = 
 Percentage = 0
 RemainingTime = 0
 Role = refresh-cache
 Speed = 0
 Status = download
 Subpercentage = 32
 Uid = 501

Changed: 
 AllowCancel = 1
 CallerActive = 1
 ElapsedTime = 0
 LastPackage = 
 Percentage = 0
 RemainingTime = 0
 Role = refresh-cache
 Speed = 0
 Status = download
 Subpercentage = 33
 Uid = 501

Changed: 
 AllowCancel = 1
 CallerActive = 1
 ElapsedTime = 0
 LastPackage = 
 Percentage = 0
 RemainingTime = 0
 Role = refresh-cache
 Speed = 0
 Status = download
 Subpercentage = 34
 Uid = 501

Changed: 
 AllowCancel = 1
 CallerActive = 1
 ElapsedTime = 0
 LastPackage = 
 Percentage = 0
 RemainingTime = 0
 Role = refresh-cache
 Speed = 0
 Status = download
 Subpercentage = 35
 Uid = 501

Changed: 
 AllowCancel = 1
 CallerActive = 1
 ElapsedTime = 0
 LastPackage = 
 Percentage = 0
 RemainingTime = 0
 Role = refresh-cache
 Speed = 0
 Status = download
 Subpercentage = 36
 Uid = 501

Changed: 
 AllowCancel = 1
 CallerActive = 1
 ElapsedTime = 0
 LastPackage = 
 Percentage = 0
 RemainingTime = 0
 Role = refresh-cache
 Speed = 0
 Status = download
 Subpercentage = 37
 Uid = 501

Changed: 
 AllowCancel = 1
 CallerActive = 1
 ElapsedTime = 0
 LastPackage = 
 Percentage = 0
 RemainingTime = 0
 Role = refresh-cache
 Speed = 0
 Status = download
 Subpercentage = 38
 Uid = 501

Changed: 
 AllowCancel = 1
 CallerActive = 1
 ElapsedTime = 0
 LastPackage = 
 Percentage = 0
 RemainingTime = 0
 Role = refresh-cache
 Speed = 0
 Status = download
 Subpercentage = 39
 Uid = 501

Changed: 
 AllowCancel = 1
 CallerActive = 1
 ElapsedTime = 0
 LastPackage = 
 Percentage = 0
 RemainingTime = 0
 Role = refresh-cache
 Speed = 0
 Status = download
 Subpercentage = 40
 Uid = 501

Changed: 
 AllowCancel = 1
 CallerActive = 1
 ElapsedTime = 0
 LastPackage = 
 Percentage = 0
 RemainingTime = 0
 Role = refresh-cache
 Speed = 0
 Status = download
 Subpercentage = 41
 Uid = 501

Changed: 
 AllowCancel = 1
 CallerActive = 1
 ElapsedTime = 0
 LastPackage = 
 Percentage = 0
 RemainingTime = 0
 Role = refresh-cache
 Speed = 0
 Status = download
 Subpercentage = 42
 Uid = 501

Changed: 
 AllowCancel = 1
 CallerActive = 1
 ElapsedTime = 0
 LastPackage = 
 Percentage = 0
 RemainingTime = 0
 Role = refresh-cache
 Speed = 0
 Status = download
 Subpercentage = 43
 Uid = 501

Changed: 
 AllowCancel = 1
 CallerActive = 1
 ElapsedTime = 0
 LastPackage = 
 Percentage = 0
 RemainingTime = 0
 Role = refresh-cache
 Speed = 0
 Status = download
 Subpercentage = 44
 Uid = 501

Changed: 
 AllowCancel = 1
 CallerActive = 1
 ElapsedTime = 0
 LastPackage = 
 Percentage = 0
 RemainingTime = 0
 Role = refresh-cache
 Speed = 0
 Status = download
 Subpercentage = 45
 Uid = 501

Changed: 
 AllowCancel = 1
 CallerActive = 1
 ElapsedTime = 0
 LastPackage = 
 Percentage = 0
 RemainingTime = 0
 Role = refresh-cache
 Speed = 0
 Status = download
 Subpercentage = 46
 Uid = 501

Changed: 
 AllowCancel = 1
 CallerActive = 1
 ElapsedTime = 0
 LastPackage = 
 Percentage = 0
 RemainingTime = 0
 Role = refresh-cache
 Speed = 0
 Status = download
 Subpercentage = 47
 Uid = 501

Changed: 
 AllowCancel = 1
 CallerActive = 1
 ElapsedTime = 0
 LastPackage = 
 Percentage = 0
 RemainingTime = 0
 Role = refresh-cache
 Speed = 0
 Status = download
 Subpercentage = 48
 Uid = 501

Changed: 
 AllowCancel = 1
 CallerActive = 1
 ElapsedTime = 0
 LastPackage = 
 Percentage = 0
 RemainingTime = 0
 Role = refresh-cache
 Speed = 0
 Status = download
 Subpercentage = 49
 Uid = 501

Changed: 
 AllowCancel = 1
 CallerActive = 1
 ElapsedTime = 0
 LastPackage = 
 Percentage = 0
 RemainingTime = 0
 Role = refresh-cache
 Speed = 0
 Status = download
 Subpercentage = 50
 Uid = 501

Changed: 
 AllowCancel = 1
 CallerActive = 1
 ElapsedTime = 0
 LastPackage = 
 Percentage = 0
 RemainingTime = 0
 Role = refresh-cache
 Speed = 0
 Status = download
 Subpercentage = 51
 Uid = 501

Changed: 
 AllowCancel = 1
 CallerActive = 1
 ElapsedTime = 0
 LastPackage = 
 Percentage = 0
 RemainingTime = 0
 Role = refresh-cache
 Speed = 0
 Status = download
 Subpercentage = 52
 Uid = 501

Changed: 
 AllowCancel = 1
 CallerActive = 1
 ElapsedTime = 0
 LastPackage = 
 Percentage = 0
 RemainingTime = 0
 Role = refresh-cache
 Speed = 0
 Status = download
 Subpercentage = 53
 Uid = 501

Changed: 
 AllowCancel = 1
 CallerActive = 1
 ElapsedTime = 0
 LastPackage = 
 Percentage = 0
 RemainingTime = 0
 Role = refresh-cache
 Speed = 0
 Status = download
 Subpercentage = 54
 Uid = 501

Changed: 
 AllowCancel = 1
 CallerActive = 1
 ElapsedTime = 0
 LastPackage = 
 Percentage = 0
 RemainingTime = 0
 Role = refresh-cache
 Speed = 0
 Status = download
 Subpercentage = 55
 Uid = 501

Changed: 
 AllowCancel = 1
 CallerActive = 1
 ElapsedTime = 0
 LastPackage = 
 Percentage = 0
 RemainingTime = 0
 Role = refresh-cache
 Speed = 0
 Status = download
 Subpercentage = 56
 Uid = 501

Changed: 
 AllowCancel = 1
 CallerActive = 1
 ElapsedTime = 0
 LastPackage = 
 Percentage = 0
 RemainingTime = 0
 Role = refresh-cache
 Speed = 0
 Status = download
 Subpercentage = 57
 Uid = 501

Changed: 
 AllowCancel = 1
 CallerActive = 1
 ElapsedTime = 0
 LastPackage = 
 Percentage = 0
 RemainingTime = 0
 Role = refresh-cache
 Speed = 0
 Status = download
 Subpercentage = 58
 Uid = 501

Changed: 
 AllowCancel = 1
 CallerActive = 1
 ElapsedTime = 0
 LastPackage = 
 Percentage = 0
 RemainingTime = 0
 Role = refresh-cache
 Speed = 0
 Status = download
 Subpercentage = 59
 Uid = 501

Changed: 
 AllowCancel = 1
 CallerActive = 1
 ElapsedTime = 0
 LastPackage = 
 Percentage = 0
 RemainingTime = 0
 Role = refresh-cache
 Speed = 0
 Status = download
 Subpercentage = 60
 Uid = 501

Changed: 
 AllowCancel = 1
 CallerActive = 1
 ElapsedTime = 0
 LastPackage = 
 Percentage = 0
 RemainingTime = 0
 Role = refresh-cache
 Speed = 0
 Status = download
 Subpercentage = 61
 Uid = 501

Changed: 
 AllowCancel = 1
 CallerActive = 1
 ElapsedTime = 0
 LastPackage = 
 Percentage = 0
 RemainingTime = 0
 Role = refresh-cache
 Speed = 0
 Status = download
 Subpercentage = 62
 Uid = 501

Changed: 
 AllowCancel = 1
 CallerActive = 1
 ElapsedTime = 0
 LastPackage = 
 Percentage = 0
 RemainingTime = 0
 Role = refresh-cache
 Speed = 0
 Status = download
 Subpercentage = 63
 Uid = 501

Changed: 
 AllowCancel = 1
 CallerActive = 1
 ElapsedTime = 0
 LastPackage = 
 Percentage = 0
 RemainingTime = 0
 Role = refresh-cache
 Speed = 0
 Status = download
 Subpercentage = 64
 Uid = 501

Changed: 
 AllowCancel = 1
 CallerActive = 1
 ElapsedTime = 0
 LastPackage = 
 Percentage = 0
 RemainingTime = 0
 Role = refresh-cache
 Speed = 0
 Status = download
 Subpercentage = 65
 Uid = 501

Changed: 
 AllowCancel = 1
 CallerActive = 1
 ElapsedTime = 0
 LastPackage = 
 Percentage = 0
 RemainingTime = 0
 Role = refresh-cache
 Speed = 0
 Status = download
 Subpercentage = 66
 Uid = 501

Changed: 
 AllowCancel = 1
 CallerActive = 1
 ElapsedTime = 0
 LastPackage = 
 Percentage = 0
 RemainingTime = 0
 Role = refresh-cache
 Speed = 0
 Status = download
 Subpercentage = 67
 Uid = 501

Changed: 
 AllowCancel = 1
 CallerActive = 1
 ElapsedTime = 0
 LastPackage = 
 Percentage = 0
 RemainingTime = 0
 Role = refresh-cache
 Speed = 0
 Status = download
 Subpercentage = 68
 Uid = 501

Changed: 
 AllowCancel = 1
 CallerActive = 1
 ElapsedTime = 0
 LastPackage = 
 Percentage = 0
 RemainingTime = 0
 Role = refresh-cache
 Speed = 0
 Status = download
 Subpercentage = 69
 Uid = 501

Changed: 
 AllowCancel = 1
 CallerActive = 1
 ElapsedTime = 0
 LastPackage = 
 Percentage = 0
 RemainingTime = 0
 Role = refresh-cache
 Speed = 0
 Status = download
 Subpercentage = 70
 Uid = 501

Changed: 
 AllowCancel = 1
 CallerActive = 1
 ElapsedTime = 0
 LastPackage = 
 Percentage = 0
 RemainingTime = 0
 Role = refresh-cache
 Speed = 0
 Status = download
 Subpercentage = 71
 Uid = 501

Changed: 
 AllowCancel = 1
 CallerActive = 1
 ElapsedTime = 0
 LastPackage = 
 Percentage = 0
 RemainingTime = 0
 Role = refresh-cache
 Speed = 0
 Status = download
 Subpercentage = 72
 Uid = 501

Changed: 
 AllowCancel = 1
 CallerActive = 1
 ElapsedTime = 0
 LastPackage = 
 Percentage = 0
 RemainingTime = 0
 Role = refresh-cache
 Speed = 0
 Status = download
 Subpercentage = 73
 Uid = 501

Changed: 
 AllowCancel = 1
 CallerActive = 1
 ElapsedTime = 0
 LastPackage = 
 Percentage = 0
 RemainingTime = 0
 Role = refresh-cache
 Speed = 0
 Status = download
 Subpercentage = 74
 Uid = 501

Changed: 
 AllowCancel = 1
 CallerActive = 1
 ElapsedTime = 0
 LastPackage = 
 Percentage = 0
 RemainingTime = 0
 Role = refresh-cache
 Speed = 0
 Status = download
 Subpercentage = 75
 Uid = 501

Changed: 
 AllowCancel = 1
 CallerActive = 1
 ElapsedTime = 0
 LastPackage = 
 Percentage = 0
 RemainingTime = 0
 Role = refresh-cache
 Speed = 0
 Status = download
 Subpercentage = 76
 Uid = 501

Changed: 
 AllowCancel = 1
 CallerActive = 1
 ElapsedTime = 0
 LastPackage = 
 Percentage = 0
 RemainingTime = 0
 Role = refresh-cache
 Speed = 0
 Status = download
 Subpercentage = 77
 Uid = 501

Changed: 
 AllowCancel = 1
 CallerActive = 1
 ElapsedTime = 0
 LastPackage = 
 Percentage = 0
 RemainingTime = 0
 Role = refresh-cache
 Speed = 0
 Status = download
 Subpercentage = 78
 Uid = 501

Changed: 
 AllowCancel = 1
 CallerActive = 1
 ElapsedTime = 0
 LastPackage = 
 Percentage = 0
 RemainingTime = 0
 Role = refresh-cache
 Speed = 0
 Status = download
 Subpercentage = 79
 Uid = 501

Changed: 
 AllowCancel = 1
 CallerActive = 1
 ElapsedTime = 0
 LastPackage = 
 Percentage = 0
 RemainingTime = 0
 Role = refresh-cache
 Speed = 0
 Status = download
 Subpercentage = 80
 Uid = 501

Changed: 
 AllowCancel = 1
 CallerActive = 1
 ElapsedTime = 0
 LastPackage = 
 Percentage = 0
 RemainingTime = 0
 Role = refresh-cache
 Speed = 0
 Status = download
 Subpercentage = 81
 Uid = 501

Changed: 
 AllowCancel = 1
 CallerActive = 1
 ElapsedTime = 0
 LastPackage = 
 Percentage = 0
 RemainingTime = 0
 Role = refresh-cache
 Speed = 0
 Status = download
 Subpercentage = 82
 Uid = 501

Changed: 
 AllowCancel = 1
 CallerActive = 1
 ElapsedTime = 0
 LastPackage = 
 Percentage = 0
 RemainingTime = 0
 Role = refresh-cache
 Speed = 0
 Status = download
 Subpercentage = 83
 Uid = 501

Changed: 
 AllowCancel = 1
 CallerActive = 1
 ElapsedTime = 0
 LastPackage = 
 Percentage = 0
 RemainingTime = 0
 Role = refresh-cache
 Speed = 0
 Status = download
 Subpercentage = 84
 Uid = 501

Changed: 
 AllowCancel = 1
 CallerActive = 1
 ElapsedTime = 0
 LastPackage = 
 Percentage = 0
 RemainingTime = 0
 Role = refresh-cache
 Speed = 0
 Status = download
 Subpercentage = 85
 Uid = 501

Changed: 
 AllowCancel = 1
 CallerActive = 1
 ElapsedTime = 0
 LastPackage = 
 Percentage = 0
 RemainingTime = 0
 Role = refresh-cache
 Speed = 0
 Status = download
 Subpercentage = 86
 Uid = 501

Changed: 
 AllowCancel = 1
 CallerActive = 1
 ElapsedTime = 0
 LastPackage = 
 Percentage = 0
 RemainingTime = 0
 Role = refresh-cache
 Speed = 0
 Status = download
 Subpercentage = 87
 Uid = 501

Changed: 
 AllowCancel = 1
 CallerActive = 1
 ElapsedTime = 0
 LastPackage = 
 Percentage = 0
 RemainingTime = 0
 Role = refresh-cache
 Speed = 0
 Status = download
 Subpercentage = 88
 Uid = 501

Changed: 
 AllowCancel = 1
 CallerActive = 1
 ElapsedTime = 0
 LastPackage = 
 Percentage = 0
 RemainingTime = 0
 Role = refresh-cache
 Speed = 0
 Status = download
 Subpercentage = 89
 Uid = 501

Changed: 
 AllowCancel = 1
 CallerActive = 1
 ElapsedTime = 0
 LastPackage = 
 Percentage = 0
 RemainingTime = 0
 Role = refresh-cache
 Speed = 0
 Status = download
 Subpercentage = 90
 Uid = 501

Changed: 
 AllowCancel = 1
 CallerActive = 1
 ElapsedTime = 0
 LastPackage = 
 Percentage = 0
 RemainingTime = 0
 Role = refresh-cache
 Speed = 0
 Status = download
 Subpercentage = 91
 Uid = 501

Changed: 
 AllowCancel = 1
 CallerActive = 1
 ElapsedTime = 0
 LastPackage = 
 Percentage = 0
 RemainingTime = 0
 Role = refresh-cache
 Speed = 0
 Status = download
 Subpercentage = 92
 Uid = 501

Changed: 
 AllowCancel = 1
 CallerActive = 1
 ElapsedTime = 0
 LastPackage = 
 Percentage = 0
 RemainingTime = 0
 Role = refresh-cache
 Speed = 0
 Status = download
 Subpercentage = 93
 Uid = 501

Changed: 
 AllowCancel = 1
 CallerActive = 1
 ElapsedTime = 0
 LastPackage = 
 Percentage = 0
 RemainingTime = 0
 Role = refresh-cache
 Speed = 0
 Status = download
 Subpercentage = 94
 Uid = 501

Changed: 
 AllowCancel = 1
 CallerActive = 1
 ElapsedTime = 0
 LastPackage = 
 Percentage = 0
 RemainingTime = 0
 Role = refresh-cache
 Speed = 0
 Status = download
 Subpercentage = 95
 Uid = 501

Changed: 
 AllowCancel = 1
 CallerActive = 1
 ElapsedTime = 0
 LastPackage = 
 Percentage = 0
 RemainingTime = 0
 Role = refresh-cache
 Speed = 0
 Status = download
 Subpercentage = 96
 Uid = 501

Changed: 
 AllowCancel = 1
 CallerActive = 1
 ElapsedTime = 0
 LastPackage = 
 Percentage = 0
 RemainingTime = 0
 Role = refresh-cache
 Speed = 0
 Status = download
 Subpercentage = 97
 Uid = 501

Changed: 
 AllowCancel = 1
 CallerActive = 1
 ElapsedTime = 0
 LastPackage = 
 Percentage = 0
 RemainingTime = 0
 Role = refresh-cache
 Speed = 0
 Status = download
 Subpercentage = 98
 Uid = 501

Changed: 
 AllowCancel = 1
 CallerActive = 1
 ElapsedTime = 0
 LastPackage = 
 Percentage = 0
 RemainingTime = 0
 Role = refresh-cache
 Speed = 0
 Status = download
 Subpercentage = 99
 Uid = 501

Changed: 
 AllowCancel = 1
 CallerActive = 1
 ElapsedTime = 0
 LastPackage = 
 Percentage = 0
 RemainingTime = 0
 Role = refresh-cache
 Speed = 0
 Status = download
 Subpercentage = 100
 Uid = 501

Changed: 
 AllowCancel = 1
 CallerActive = 1
 ElapsedTime = 0
 LastPackage = 
 Percentage = 0
 RemainingTime = 0
 Role = refresh-cache
 Speed = 0
 Status = download
 Subpercentage = 0
 Uid = 501

Changed: 
 AllowCancel = 1
 CallerActive = 1
 ElapsedTime = 0
 LastPackage = 
 Percentage = 0
 RemainingTime = 0
 Role = refresh-cache
 Speed = 0
 Status = download
 Subpercentage = 35
 Uid = 501

Changed: 
 AllowCancel = 1
 CallerActive = 1
 ElapsedTime = 0
 LastPackage = 
 Percentage = 0
 RemainingTime = 0
 Role = refresh-cache
 Speed = 0
 Status = download
 Subpercentage = 47
 Uid = 501

Changed: 
 AllowCancel = 1
 CallerActive = 1
 ElapsedTime = 0
 LastPackage = 
 Percentage = 0
 RemainingTime = 0
 Role = refresh-cache
 Speed = 0
 Status = download
 Subpercentage = 59
 Uid = 501

Changed: 
 AllowCancel = 1
 CallerActive = 1
 ElapsedTime = 0
 LastPackage = 
 Percentage = 0
 RemainingTime = 0
 Role = refresh-cache
 Speed = 0
 Status = download
 Subpercentage = 71
 Uid = 501

Changed: 
 AllowCancel = 1
 CallerActive = 1
 ElapsedTime = 0
 LastPackage = 
 Percentage = 0
 RemainingTime = 0
 Role = refresh-cache
 Speed = 0
 Status = download
 Subpercentage = 83
 Uid = 501

Changed: 
 AllowCancel = 1
 CallerActive = 1
 ElapsedTime = 0
 LastPackage = 
 Percentage = 0
 RemainingTime = 0
 Role = refresh-cache
 Speed = 0
 Status = download
 Subpercentage = 100
 Uid = 501

Changed: 
 AllowCancel = 1
 CallerActive = 1
 ElapsedTime = 0
 LastPackage = 
 Percentage = 0
 RemainingTime = 0
 Role = refresh-cache
 Speed = 0
 Status = download
 Subpercentage = 100
 Uid = 501

Changed: 
 AllowCancel = 1
 CallerActive = 1
 ElapsedTime = 0
 LastPackage = 
 Percentage = 0
 RemainingTime = 0
 Role = refresh-cache
 Speed = 0
 Status = download
 Subpercentage = 0
 Uid = 501

Changed: 
 AllowCancel = 1
 CallerActive = 1
 ElapsedTime = 0
 LastPackage = 
 Percentage = 0
 RemainingTime = 0
 Role = refresh-cache
 Speed = 0
 Status = download
 Subpercentage = 1
 Uid = 501

Changed: 
 AllowCancel = 1
 CallerActive = 1
 ElapsedTime = 0
 LastPackage = 
 Percentage = 0
 RemainingTime = 0
 Role = refresh-cache
 Speed = 0
 Status = download
 Subpercentage = 2
 Uid = 501

Changed: 
 AllowCancel = 1
 CallerActive = 1
 ElapsedTime = 0
 LastPackage = 
 Percentage = 0
 RemainingTime = 0
 Role = refresh-cache
 Speed = 0
 Status = download
 Subpercentage = 3
 Uid = 501

Changed: 
 AllowCancel = 1
 CallerActive = 1
 ElapsedTime = 0
 LastPackage = 
 Percentage = 0
 RemainingTime = 0
 Role = refresh-cache
 Speed = 0
 Status = download
 Subpercentage = 4
 Uid = 501

Changed: 
 AllowCancel = 1
 CallerActive = 1
 ElapsedTime = 0
 LastPackage = 
 Percentage = 0
 RemainingTime = 0
 Role = refresh-cache
 Speed = 0
 Status = download
 Subpercentage = 5
 Uid = 501

Changed: 
 AllowCancel = 1
 CallerActive = 1
 ElapsedTime = 0
 LastPackage = 
 Percentage = 0
 RemainingTime = 0
 Role = refresh-cache
 Speed = 0
 Status = download
 Subpercentage = 6
 Uid = 501

Changed: 
 AllowCancel = 1
 CallerActive = 1
 ElapsedTime = 0
 LastPackage = 
 Percentage = 0
 RemainingTime = 0
 Role = refresh-cache
 Speed = 0
 Status = download
 Subpercentage = 7
 Uid = 501

Changed: 
 AllowCancel = 1
 CallerActive = 1
 ElapsedTime = 0
 LastPackage = 
 Percentage = 0
 RemainingTime = 0
 Role = refresh-cache
 Speed = 0
 Status = download
 Subpercentage = 8
 Uid = 501

Changed: 
 AllowCancel = 1
 CallerActive = 1
 ElapsedTime = 0
 LastPackage = 
 Percentage = 0
 RemainingTime = 0
 Role = refresh-cache
 Speed = 0
 Status = download
 Subpercentage = 9
 Uid = 501

Changed: 
 AllowCancel = 1
 CallerActive = 1
 ElapsedTime = 0
 LastPackage = 
 Percentage = 0
 RemainingTime = 0
 Role = refresh-cache
 Speed = 0
 Status = download
 Subpercentage = 10
 Uid = 501

Changed: 
 AllowCancel = 1
 CallerActive = 1
 ElapsedTime = 0
 LastPackage = 
 Percentage = 0
 RemainingTime = 0
 Role = refresh-cache
 Speed = 0
 Status = download
 Subpercentage = 11
 Uid = 501

Changed: 
 AllowCancel = 1
 CallerActive = 1
 ElapsedTime = 0
 LastPackage = 
 Percentage = 0
 RemainingTime = 0
 Role = refresh-cache
 Speed = 0
 Status = download
 Subpercentage = 12
 Uid = 501

Changed: 
 AllowCancel = 1
 CallerActive = 1
 ElapsedTime = 0
 LastPackage = 
 Percentage = 0
 RemainingTime = 0
 Role = refresh-cache
 Speed = 0
 Status = download
 Subpercentage = 13
 Uid = 501

Changed: 
 AllowCancel = 1
 CallerActive = 1
 ElapsedTime = 0
 LastPackage = 
 Percentage = 0
 RemainingTime = 0
 Role = refresh-cache
 Speed = 0
 Status = download
 Subpercentage = 14
 Uid = 501

Changed: 
 AllowCancel = 1
 CallerActive = 1
 ElapsedTime = 0
 LastPackage = 
 Percentage = 0
 RemainingTime = 0
 Role = refresh-cache
 Speed = 0
 Status = download
 Subpercentage = 15
 Uid = 501

Changed: 
 AllowCancel = 1
 CallerActive = 1
 ElapsedTime = 0
 LastPackage = 
 Percentage = 0
 RemainingTime = 0
 Role = refresh-cache
 Speed = 0
 Status = download
 Subpercentage = 16
 Uid = 501

Changed: 
 AllowCancel = 1
 CallerActive = 1
 ElapsedTime = 0
 LastPackage = 
 Percentage = 0
 RemainingTime = 0
 Role = refresh-cache
 Speed = 0
 Status = download
 Subpercentage = 17
 Uid = 501

Changed: 
 AllowCancel = 1
 CallerActive = 1
 ElapsedTime = 0
 LastPackage = 
 Percentage = 0
 RemainingTime = 0
 Role = refresh-cache
 Speed = 0
 Status = download
 Subpercentage = 18
 Uid = 501

Changed: 
 AllowCancel = 1
 CallerActive = 1
 ElapsedTime = 0
 LastPackage = 
 Percentage = 0
 RemainingTime = 0
 Role = refresh-cache
 Speed = 0
 Status = download
 Subpercentage = 19
 Uid = 501

Changed: 
 AllowCancel = 1
 CallerActive = 1
 ElapsedTime = 0
 LastPackage = 
 Percentage = 0
 RemainingTime = 0
 Role = refresh-cache
 Speed = 0
 Status = download
 Subpercentage = 20
 Uid = 501

Changed: 
 AllowCancel = 1
 CallerActive = 1
 ElapsedTime = 0
 LastPackage = 
 Percentage = 0
 RemainingTime = 0
 Role = refresh-cache
 Speed = 0
 Status = download
 Subpercentage = 21
 Uid = 501

Changed: 
 AllowCancel = 1
 CallerActive = 1
 ElapsedTime = 0
 LastPackage = 
 Percentage = 0
 RemainingTime = 0
 Role = refresh-cache
 Speed = 0
 Status = download
 Subpercentage = 22
 Uid = 501

Changed: 
 AllowCancel = 1
 CallerActive = 1
 ElapsedTime = 0
 LastPackage = 
 Percentage = 0
 RemainingTime = 0
 Role = refresh-cache
 Speed = 0
 Status = download
 Subpercentage = 23
 Uid = 501

Changed: 
 AllowCancel = 1
 CallerActive = 1
 ElapsedTime = 0
 LastPackage = 
 Percentage = 0
 RemainingTime = 0
 Role = refresh-cache
 Speed = 0
 Status = download
 Subpercentage = 24
 Uid = 501

Changed: 
 AllowCancel = 1
 CallerActive = 1
 ElapsedTime = 0
 LastPackage = 
 Percentage = 0
 RemainingTime = 0
 Role = refresh-cache
 Speed = 0
 Status = download
 Subpercentage = 25
 Uid = 501

Changed: 
 AllowCancel = 1
 CallerActive = 1
 ElapsedTime = 0
 LastPackage = 
 Percentage = 0
 RemainingTime = 0
 Role = refresh-cache
 Speed = 0
 Status = download
 Subpercentage = 26
 Uid = 501

Changed: 
 AllowCancel = 1
 CallerActive = 1
 ElapsedTime = 0
 LastPackage = 
 Percentage = 0
 RemainingTime = 0
 Role = refresh-cache
 Speed = 0
 Status = download
 Subpercentage = 27
 Uid = 501

Changed: 
 AllowCancel = 1
 CallerActive = 1
 ElapsedTime = 0
 LastPackage = 
 Percentage = 0
 RemainingTime = 0
 Role = refresh-cache
 Speed = 0
 Status = download
 Subpercentage = 28
 Uid = 501

Changed: 
 AllowCancel = 1
 CallerActive = 1
 ElapsedTime = 0
 LastPackage = 
 Percentage = 0
 RemainingTime = 0
 Role = refresh-cache
 Speed = 0
 Status = download
 Subpercentage = 29
 Uid = 501

Changed: 
 AllowCancel = 1
 CallerActive = 1
 ElapsedTime = 0
 LastPackage = 
 Percentage = 0
 RemainingTime = 0
 Role = refresh-cache
 Speed = 0
 Status = download
 Subpercentage = 30
 Uid = 501

Changed: 
 AllowCancel = 1
 CallerActive = 1
 ElapsedTime = 0
 LastPackage = 
 Percentage = 0
 RemainingTime = 0
 Role = refresh-cache
 Speed = 0
 Status = download
 Subpercentage = 31
 Uid = 501

Changed: 
 AllowCancel = 1
 CallerActive = 1
 ElapsedTime = 0
 LastPackage = 
 Percentage = 0
 RemainingTime = 0
 Role = refresh-cache
 Speed = 0
 Status = download
 Subpercentage = 32
 Uid = 501

Changed: 
 AllowCancel = 1
 CallerActive = 1
 ElapsedTime = 0
 LastPackage = 
 Percentage = 0
 RemainingTime = 0
 Role = refresh-cache
 Speed = 0
 Status = download
 Subpercentage = 33
 Uid = 501

Changed: 
 AllowCancel = 1
 CallerActive = 1
 ElapsedTime = 0
 LastPackage = 
 Percentage = 0
 RemainingTime = 0
 Role = refresh-cache
 Speed = 0
 Status = download
 Subpercentage = 34
 Uid = 501

Changed: 
 AllowCancel = 1
 CallerActive = 1
 ElapsedTime = 0
 LastPackage = 
 Percentage = 0
 RemainingTime = 0
 Role = refresh-cache
 Speed = 0
 Status = download
 Subpercentage = 35
 Uid = 501

Changed: 
 AllowCancel = 1
 CallerActive = 1
 ElapsedTime = 0
 LastPackage = 
 Percentage = 0
 RemainingTime = 0
 Role = refresh-cache
 Speed = 0
 Status = download
 Subpercentage = 36
 Uid = 501

Changed: 
 AllowCancel = 1
 CallerActive = 1
 ElapsedTime = 0
 LastPackage = 
 Percentage = 0
 RemainingTime = 0
 Role = refresh-cache
 Speed = 0
 Status = download
 Subpercentage = 37
 Uid = 501

Changed: 
 AllowCancel = 1
 CallerActive = 1
 ElapsedTime = 0
 LastPackage = 
 Percentage = 0
 RemainingTime = 0
 Role = refresh-cache
 Speed = 0
 Status = download
 Subpercentage = 38
 Uid = 501

Changed: 
 AllowCancel = 1
 CallerActive = 1
 ElapsedTime = 0
 LastPackage = 
 Percentage = 0
 RemainingTime = 0
 Role = refresh-cache
 Speed = 0
 Status = download
 Subpercentage = 39
 Uid = 501

Changed: 
 AllowCancel = 1
 CallerActive = 1
 ElapsedTime = 0
 LastPackage = 
 Percentage = 0
 RemainingTime = 0
 Role = refresh-cache
 Speed = 0
 Status = download
 Subpercentage = 40
 Uid = 501

Changed: 
 AllowCancel = 1
 CallerActive = 1
 ElapsedTime = 0
 LastPackage = 
 Percentage = 0
 RemainingTime = 0
 Role = refresh-cache
 Speed = 0
 Status = download
 Subpercentage = 41
 Uid = 501

Changed: 
 AllowCancel = 1
 CallerActive = 1
 ElapsedTime = 0
 LastPackage = 
 Percentage = 0
 RemainingTime = 0
 Role = refresh-cache
 Speed = 0
 Status = download
 Subpercentage = 42
 Uid = 501

Changed: 
 AllowCancel = 1
 CallerActive = 1
 ElapsedTime = 0
 LastPackage = 
 Percentage = 0
 RemainingTime = 0
 Role = refresh-cache
 Speed = 0
 Status = download
 Subpercentage = 43
 Uid = 501

Changed: 
 AllowCancel = 1
 CallerActive = 1
 ElapsedTime = 0
 LastPackage = 
 Percentage = 0
 RemainingTime = 0
 Role = refresh-cache
 Speed = 0
 Status = download
 Subpercentage = 44
 Uid = 501

Changed: 
 AllowCancel = 1
 CallerActive = 1
 ElapsedTime = 0
 LastPackage = 
 Percentage = 0
 RemainingTime = 0
 Role = refresh-cache
 Speed = 0
 Status = download
 Subpercentage = 45
 Uid = 501

Changed: 
 AllowCancel = 1
 CallerActive = 1
 ElapsedTime = 0
 LastPackage = 
 Percentage = 0
 RemainingTime = 0
 Role = refresh-cache
 Speed = 0
 Status = download
 Subpercentage = 46
 Uid = 501

Changed: 
 AllowCancel = 1
 CallerActive = 1
 ElapsedTime = 0
 LastPackage = 
 Percentage = 0
 RemainingTime = 0
 Role = refresh-cache
 Speed = 0
 Status = download
 Subpercentage = 47
 Uid = 501

Changed: 
 AllowCancel = 1
 CallerActive = 1
 ElapsedTime = 0
 LastPackage = 
 Percentage = 0
 RemainingTime = 0
 Role = refresh-cache
 Speed = 0
 Status = download
 Subpercentage = 48
 Uid = 501

Changed: 
 AllowCancel = 1
 CallerActive = 1
 ElapsedTime = 0
 LastPackage = 
 Percentage = 0
 RemainingTime = 0
 Role = refresh-cache
 Speed = 0
 Status = download
 Subpercentage = 49
 Uid = 501

Changed: 
 AllowCancel = 1
 CallerActive = 1
 ElapsedTime = 0
 LastPackage = 
 Percentage = 0
 RemainingTime = 0
 Role = refresh-cache
 Speed = 0
 Status = download
 Subpercentage = 50
 Uid = 501

Changed: 
 AllowCancel = 1
 CallerActive = 1
 ElapsedTime = 0
 LastPackage = 
 Percentage = 0
 RemainingTime = 0
 Role = refresh-cache
 Speed = 0
 Status = download
 Subpercentage = 51
 Uid = 501

Changed: 
 AllowCancel = 1
 CallerActive = 1
 ElapsedTime = 0
 LastPackage = 
 Percentage = 0
 RemainingTime = 0
 Role = refresh-cache
 Speed = 0
 Status = download
 Subpercentage = 52
 Uid = 501

Changed: 
 AllowCancel = 1
 CallerActive = 1
 ElapsedTime = 0
 LastPackage = 
 Percentage = 0
 RemainingTime = 0
 Role = refresh-cache
 Speed = 0
 Status = download
 Subpercentage = 53
 Uid = 501

Changed: 
 AllowCancel = 1
 CallerActive = 1
 ElapsedTime = 0
 LastPackage = 
 Percentage = 0
 RemainingTime = 0
 Role = refresh-cache
 Speed = 0
 Status = download
 Subpercentage = 54
 Uid = 501

Changed: 
 AllowCancel = 1
 CallerActive = 1
 ElapsedTime = 0
 LastPackage = 
 Percentage = 0
 RemainingTime = 0
 Role = refresh-cache
 Speed = 0
 Status = download
 Subpercentage = 55
 Uid = 501

Changed: 
 AllowCancel = 1
 CallerActive = 1
 ElapsedTime = 0
 LastPackage = 
 Percentage = 0
 RemainingTime = 0
 Role = refresh-cache
 Speed = 0
 Status = download
 Subpercentage = 56
 Uid = 501

Changed: 
 AllowCancel = 1
 CallerActive = 1
 ElapsedTime = 0
 LastPackage = 
 Percentage = 0
 RemainingTime = 0
 Role = refresh-cache
 Speed = 0
 Status = download
 Subpercentage = 57
 Uid = 501

Changed: 
 AllowCancel = 1
 CallerActive = 1
 ElapsedTime = 0
 LastPackage = 
 Percentage = 0
 RemainingTime = 0
 Role = refresh-cache
 Speed = 0
 Status = download
 Subpercentage = 58
 Uid = 501

Changed: 
 AllowCancel = 1
 CallerActive = 1
 ElapsedTime = 0
 LastPackage = 
 Percentage = 0
 RemainingTime = 0
 Role = refresh-cache
 Speed = 0
 Status = download
 Subpercentage = 59
 Uid = 501

Changed: 
 AllowCancel = 1
 CallerActive = 1
 ElapsedTime = 0
 LastPackage = 
 Percentage = 0
 RemainingTime = 0
 Role = refresh-cache
 Speed = 0
 Status = download
 Subpercentage = 60
 Uid = 501

Changed: 
 AllowCancel = 1
 CallerActive = 1
 ElapsedTime = 0
 LastPackage = 
 Percentage = 0
 RemainingTime = 0
 Role = refresh-cache
 Speed = 0
 Status = download
 Subpercentage = 61
 Uid = 501

Changed: 
 AllowCancel = 1
 CallerActive = 1
 ElapsedTime = 0
 LastPackage = 
 Percentage = 0
 RemainingTime = 0
 Role = refresh-cache
 Speed = 0
 Status = download
 Subpercentage = 62
 Uid = 501

Changed: 
 AllowCancel = 1
 CallerActive = 1
 ElapsedTime = 0
 LastPackage = 
 Percentage = 0
 RemainingTime = 0
 Role = refresh-cache
 Speed = 0
 Status = download
 Subpercentage = 63
 Uid = 501

Changed: 
 AllowCancel = 1
 CallerActive = 1
 ElapsedTime = 0
 LastPackage = 
 Percentage = 0
 RemainingTime = 0
 Role = refresh-cache
 Speed = 0
 Status = download
 Subpercentage = 64
 Uid = 501

Changed: 
 AllowCancel = 1
 CallerActive = 1
 ElapsedTime = 0
 LastPackage = 
 Percentage = 0
 RemainingTime = 0
 Role = refresh-cache
 Speed = 0
 Status = download
 Subpercentage = 65
 Uid = 501

Changed: 
 AllowCancel = 1
 CallerActive = 1
 ElapsedTime = 0
 LastPackage = 
 Percentage = 0
 RemainingTime = 0
 Role = refresh-cache
 Speed = 0
 Status = download
 Subpercentage = 66
 Uid = 501

Changed: 
 AllowCancel = 1
 CallerActive = 1
 ElapsedTime = 0
 LastPackage = 
 Percentage = 0
 RemainingTime = 0
 Role = refresh-cache
 Speed = 0
 Status = download
 Subpercentage = 67
 Uid = 501

Changed: 
 AllowCancel = 1
 CallerActive = 1
 ElapsedTime = 0
 LastPackage = 
 Percentage = 0
 RemainingTime = 0
 Role = refresh-cache
 Speed = 0
 Status = download
 Subpercentage = 68
 Uid = 501

Changed: 
 AllowCancel = 1
 CallerActive = 1
 ElapsedTime = 0
 LastPackage = 
 Percentage = 0
 RemainingTime = 0
 Role = refresh-cache
 Speed = 0
 Status = download
 Subpercentage = 69
 Uid = 501

Changed: 
 AllowCancel = 1
 CallerActive = 1
 ElapsedTime = 0
 LastPackage = 
 Percentage = 0
 RemainingTime = 0
 Role = refresh-cache
 Speed = 0
 Status = download
 Subpercentage = 70
 Uid = 501

Changed: 
 AllowCancel = 1
 CallerActive = 1
 ElapsedTime = 0
 LastPackage = 
 Percentage = 0
 RemainingTime = 0
 Role = refresh-cache
 Speed = 0
 Status = download
 Subpercentage = 71
 Uid = 501

Changed: 
 AllowCancel = 1
 CallerActive = 1
 ElapsedTime = 0
 LastPackage = 
 Percentage = 0
 RemainingTime = 0
 Role = refresh-cache
 Speed = 0
 Status = download
 Subpercentage = 72
 Uid = 501

Changed: 
 AllowCancel = 1
 CallerActive = 1
 ElapsedTime = 0
 LastPackage = 
 Percentage = 0
 RemainingTime = 0
 Role = refresh-cache
 Speed = 0
 Status = download
 Subpercentage = 73
 Uid = 501

Changed: 
 AllowCancel = 1
 CallerActive = 1
 ElapsedTime = 0
 LastPackage = 
 Percentage = 0
 RemainingTime = 0
 Role = refresh-cache
 Speed = 0
 Status = download
 Subpercentage = 74
 Uid = 501

Changed: 
 AllowCancel = 1
 CallerActive = 1
 ElapsedTime = 0
 LastPackage = 
 Percentage = 0
 RemainingTime = 0
 Role = refresh-cache
 Speed = 0
 Status = download
 Subpercentage = 75
 Uid = 501

Changed: 
 AllowCancel = 1
 CallerActive = 1
 ElapsedTime = 0
 LastPackage = 
 Percentage = 0
 RemainingTime = 0
 Role = refresh-cache
 Speed = 0
 Status = download
 Subpercentage = 76
 Uid = 501

Changed: 
 AllowCancel = 1
 CallerActive = 1
 ElapsedTime = 0
 LastPackage = 
 Percentage = 0
 RemainingTime = 0
 Role = refresh-cache
 Speed = 0
 Status = download
 Subpercentage = 77
 Uid = 501

Changed: 
 AllowCancel = 1
 CallerActive = 1
 ElapsedTime = 0
 LastPackage = 
 Percentage = 0
 RemainingTime = 0
 Role = refresh-cache
 Speed = 0
 Status = download
 Subpercentage = 78
 Uid = 501

Changed: 
 AllowCancel = 1
 CallerActive = 1
 ElapsedTime = 0
 LastPackage = 
 Percentage = 0
 RemainingTime = 0
 Role = refresh-cache
 Speed = 0
 Status = download
 Subpercentage = 79
 Uid = 501

Changed: 
 AllowCancel = 1
 CallerActive = 1
 ElapsedTime = 0
 LastPackage = 
 Percentage = 0
 RemainingTime = 0
 Role = refresh-cache
 Speed = 0
 Status = download
 Subpercentage = 80
 Uid = 501

Changed: 
 AllowCancel = 1
 CallerActive = 1
 ElapsedTime = 0
 LastPackage = 
 Percentage = 0
 RemainingTime = 0
 Role = refresh-cache
 Speed = 0
 Status = download
 Subpercentage = 81
 Uid = 501

Changed: 
 AllowCancel = 1
 CallerActive = 1
 ElapsedTime = 0
 LastPackage = 
 Percentage = 0
 RemainingTime = 0
 Role = refresh-cache
 Speed = 0
 Status = download
 Subpercentage = 82
 Uid = 501

Changed: 
 AllowCancel = 1
 CallerActive = 1
 ElapsedTime = 0
 LastPackage = 
 Percentage = 0
 RemainingTime = 0
 Role = refresh-cache
 Speed = 0
 Status = download
 Subpercentage = 83
 Uid = 501

Changed: 
 AllowCancel = 1
 CallerActive = 1
 ElapsedTime = 0
 LastPackage = 
 Percentage = 0
 RemainingTime = 0
 Role = refresh-cache
 Speed = 0
 Status = download
 Subpercentage = 84
 Uid = 501

Changed: 
 AllowCancel = 1
 CallerActive = 1
 ElapsedTime = 0
 LastPackage = 
 Percentage = 0
 RemainingTime = 0
 Role = refresh-cache
 Speed = 0
 Status = download
 Subpercentage = 85
 Uid = 501

Changed: 
 AllowCancel = 1
 CallerActive = 1
 ElapsedTime = 0
 LastPackage = 
 Percentage = 0
 RemainingTime = 0
 Role = refresh-cache
 Speed = 0
 Status = download
 Subpercentage = 86
 Uid = 501

Changed: 
 AllowCancel = 1
 CallerActive = 1
 ElapsedTime = 0
 LastPackage = 
 Percentage = 0
 RemainingTime = 0
 Role = refresh-cache
 Speed = 0
 Status = download
 Subpercentage = 87
 Uid = 501

Changed: 
 AllowCancel = 1
 CallerActive = 1
 ElapsedTime = 0
 LastPackage = 
 Percentage = 0
 RemainingTime = 0
 Role = refresh-cache
 Speed = 0
 Status = download
 Subpercentage = 88
 Uid = 501

Changed: 
 AllowCancel = 1
 CallerActive = 1
 ElapsedTime = 0
 LastPackage = 
 Percentage = 0
 RemainingTime = 0
 Role = refresh-cache
 Speed = 0
 Status = download
 Subpercentage = 89
 Uid = 501

Changed: 
 AllowCancel = 1
 CallerActive = 1
 ElapsedTime = 0
 LastPackage = 
 Percentage = 0
 RemainingTime = 0
 Role = refresh-cache
 Speed = 0
 Status = download
 Subpercentage = 90
 Uid = 501

Changed: 
 AllowCancel = 1
 CallerActive = 1
 ElapsedTime = 0
 LastPackage = 
 Percentage = 0
 RemainingTime = 0
 Role = refresh-cache
 Speed = 0
 Status = download
 Subpercentage = 91
 Uid = 501

Changed: 
 AllowCancel = 1
 CallerActive = 1
 ElapsedTime = 0
 LastPackage = 
 Percentage = 0
 RemainingTime = 0
 Role = refresh-cache
 Speed = 0
 Status = download
 Subpercentage = 92
 Uid = 501

Changed: 
 AllowCancel = 1
 CallerActive = 1
 ElapsedTime = 0
 LastPackage = 
 Percentage = 0
 RemainingTime = 0
 Role = refresh-cache
 Speed = 0
 Status = download
 Subpercentage = 93
 Uid = 501

Changed: 
 AllowCancel = 1
 CallerActive = 1
 ElapsedTime = 0
 LastPackage = 
 Percentage = 0
 RemainingTime = 0
 Role = refresh-cache
 Speed = 0
 Status = download
 Subpercentage = 94
 Uid = 501

Changed: 
 AllowCancel = 1
 CallerActive = 1
 ElapsedTime = 0
 LastPackage = 
 Percentage = 0
 RemainingTime = 0
 Role = refresh-cache
 Speed = 0
 Status = download
 Subpercentage = 95
 Uid = 501

Changed: 
 AllowCancel = 1
 CallerActive = 1
 ElapsedTime = 0
 LastPackage = 
 Percentage = 0
 RemainingTime = 0
 Role = refresh-cache
 Speed = 0
 Status = download
 Subpercentage = 96
 Uid = 501

Changed: 
 AllowCancel = 1
 CallerActive = 1
 ElapsedTime = 0
 LastPackage = 
 Percentage = 0
 RemainingTime = 0
 Role = refresh-cache
 Speed = 0
 Status = download
 Subpercentage = 97
 Uid = 501

Changed: 
 AllowCancel = 1
 CallerActive = 1
 ElapsedTime = 0
 LastPackage = 
 Percentage = 0
 RemainingTime = 0
 Role = refresh-cache
 Speed = 0
 Status = download
 Subpercentage = 98
 Uid = 501

Changed: 
 AllowCancel = 1
 CallerActive = 1
 ElapsedTime = 0
 LastPackage = 
 Percentage = 0
 RemainingTime = 0
 Role = refresh-cache
 Speed = 0
 Status = download
 Subpercentage = 99
 Uid = 501

Changed: 
 AllowCancel = 1
 CallerActive = 1
 ElapsedTime = 0
 LastPackage = 
 Percentage = 0
 RemainingTime = 0
 Role = refresh-cache
 Speed = 0
 Status = download
 Subpercentage = 100
 Uid = 501

Changed: 
 BackendAuthor = Jonathan Conder <jonno.conder@gmail.com>
 BackendDescription = alpm
 BackendName = alpm
 DistroId = arch;current;i686
 Filters = installed
 Groups = desktop-gnome;desktop-kde;desktop-other;desktop-xfce;multimedia;other;programming;system
 Locked = 1
 MimeTypes = application/x-compressed-tar;application/x-xz-compressed-tar
 NetworkState = online
 Roles = cancel;get-depends;get-details;get-files;get-packages;get-repo-list;get-requires;get-update-detail;get-updates;install-files;install-packages;refresh-cache;remove-packages;repo-enable;resolve;search-details;search-file;search-group;search-name;update-packages;what-provides;download-packages;simulate-install-files;simulate-install-packages;simulate-remove-packages;simulate-update-packages
 VersionMajor = 0
 VersionMicro = 6
 VersionMinor = 7

Changed: 
 AllowCancel = 
 CallerActive = 1
 ElapsedTime = 0
 LastPackage = 
 Percentage = 0
 RemainingTime = 0
 Role = refresh-cache
 Speed = 0
 Status = finished
 Subpercentage = 100
 Uid = 501

Changed: 
 AllowCancel = 
 CallerActive = 1
 ElapsedTime = 0
 LastPackage = 
 Percentage = 0
 RemainingTime = 0
 Role = refresh-cache
 Speed = 0
 Status = finished
 Subpercentage = 100
 Uid = 501

Changed: 
 BackendAuthor = Jonathan Conder <jonno.conder@gmail.com>
 BackendDescription = alpm
 BackendName = alpm
 DistroId = arch;current;i686
 Filters = installed
 Groups = desktop-gnome;desktop-kde;desktop-other;desktop-xfce;multimedia;other;programming;system
 Locked = 
 MimeTypes = application/x-compressed-tar;application/x-xz-compressed-tar
 NetworkState = online
 Roles = cancel;get-depends;get-details;get-files;get-packages;get-repo-list;get-requires;get-update-detail;get-updates;install-files;install-packages;refresh-cache;remove-packages;repo-enable;resolve;search-details;search-file;search-group;search-name;update-packages;what-provides;download-packages;simulate-install-files;simulate-install-packages;simulate-remove-packages;simulate-update-packages
 VersionMajor = 0
 VersionMicro = 6
 VersionMinor = 7

Changed: 
 BackendAuthor = Jonathan Conder <jonno.conder@gmail.com>
 BackendDescription = alpm
 BackendName = alpm
 DistroId = arch;current;i686
 Filters = installed
 Groups = desktop-gnome;desktop-kde;desktop-other;desktop-xfce;multimedia;other;programming;system
 Locked = 1
 MimeTypes = application/x-compressed-tar;application/x-xz-compressed-tar
 NetworkState = online
 Roles = cancel;get-depends;get-details;get-files;get-packages;get-repo-list;get-requires;get-update-detail;get-updates;install-files;install-packages;refresh-cache;remove-packages;repo-enable;resolve;search-details;search-file;search-group;search-name;update-packages;what-provides;download-packages;simulate-install-files;simulate-install-packages;simulate-remove-packages;simulate-update-packages
 VersionMajor = 0
 VersionMicro = 6
 VersionMinor = 7

Changed: 
 BackendAuthor = Jonathan Conder <jonno.conder@gmail.com>
 BackendDescription = alpm
 BackendName = alpm
 DistroId = arch;current;i686
 Filters = installed
 Groups = desktop-gnome;desktop-kde;desktop-other;desktop-xfce;multimedia;other;programming;system
 Locked = 
 MimeTypes = application/x-compressed-tar;application/x-xz-compressed-tar
 NetworkState = online
 Roles = cancel;get-depends;get-details;get-files;get-packages;get-repo-list;get-requires;get-update-detail;get-updates;install-files;install-packages;refresh-cache;remove-packages;repo-enable;resolve;search-details;search-file;search-group;search-name;update-packages;what-provides;download-packages;simulate-install-files;simulate-install-packages;simulate-remove-packages;simulate-update-packages
 VersionMajor = 0
 VersionMicro = 6
 VersionMinor = 7

Changed: 
 BackendAuthor = Jonathan Conder <jonno.conder@gmail.com>
 BackendDescription = alpm
 BackendName = alpm
 DistroId = arch;current;i686
 Filters = installed
 Groups = desktop-gnome;desktop-kde;desktop-other;de