Calling ServiceTypeBrowserNew for domain 'local'
Gotone ServiceTypeBrowserNew for domain 'local'
/Client71/ServiceTypeBrowser1: new for domain 'local'
Calling DomainBrowserNew for domain ''
Gotone DomainBrowserNew for domain ''
/Client71/DomainBrowser2: new for domain ''
/Client71/ServiceTypeBrowser1: ItemNew
  Interface: 6
  Protocol: 1
  Type: _afpovertcp._tcp
  Domain: local
  Flags: 5
Calling ServiceBrowserNew for domain 'local' type '_afpovertcp._tcp'
Gotone ServiceBrowserNew for domain 'local' type '_afpovertcp._tcp'
/Client71/ServiceBrowser3: new for domain 'local', type '_afpovertcp._tcp'
/Client71/ServiceTypeBrowser1: ItemNew
  Interface: 6
  Protocol: 1
  Type: _ipp._tcp
  Domain: local
  Flags: 5
Calling ServiceBrowserNew for domain 'local' type '_ipp._tcp'
Gotone ServiceBrowserNew for domain 'local' type '_ipp._tcp'
/Client71/ServiceBrowser4: new for domain 'local', type '_ipp._tcp'
/Client71/ServiceTypeBrowser1: ItemNew
  Interface: 6
  Protocol: 1
  Type: _udisks-ssh._tcp
  Domain: local
  Flags: 5
Calling ServiceBrowserNew for domain 'local' type '_udisks-ssh._tcp'
Gotone ServiceBrowserNew for domain 'local' type '_udisks-ssh._tcp'
/Client71/ServiceBrowser5: new for domain 'local', type '_udisks-ssh._tcp'
/Client71/ServiceTypeBrowser1: ItemNew
  Interface: 6
  Protocol: 1
  Type: _mpd._tcp
  Domain: local
  Flags: 5
Calling ServiceBrowserNew for domain 'local' type '_mpd._tcp'
Gotone ServiceBrowserNew for domain 'local' type '_mpd._tcp'
/Client71/ServiceBrowser6: new for domain 'local', type '_mpd._tcp'
/Client71/ServiceTypeBrowser1: ItemNew
  Interface: 6
  Protocol: 1
  Type: _workstation._tcp
  Domain: local
  Flags: 5
Calling ServiceBrowserNew for domain 'local' type '_workstation._tcp'
Gotone ServiceBrowserNew for domain 'local' type '_workstation._tcp'
/Client71/ServiceBrowser7: new for domain 'local', type '_workstation._tcp'
/Client71/ServiceTypeBrowser1: ItemNew
  Interface: 6
  Protocol: 0
  Type: _afpovertcp._tcp
  Domain: local
  Flags: 5
/Client71/ServiceTypeBrowser1: ItemNew
  Interface: 6
  Protocol: 0
  Type: _ipp._tcp
  Domain: local
  Flags: 5
/Client71/ServiceTypeBrowser1: ItemNew
  Interface: 6
  Protocol: 0
  Type: _udisks-ssh._tcp
  Domain: local
  Flags: 5
/Client71/ServiceTypeBrowser1: ItemNew
  Interface: 6
  Protocol: 0
  Type: _mpd._tcp
  Domain: local
  Flags: 5
/Client71/ServiceTypeBrowser1: ItemNew
  Interface: 6
  Protocol: 0
  Type: _workstation._tcp
  Domain: local
  Flags: 5
/Client71/ServiceTypeBrowser1: ItemNew
  Interface: 5
  Protocol: 1
  Type: _afpovertcp._tcp
  Domain: local
  Flags: 5
/Client71/ServiceTypeBrowser1: ItemNew
  Interface: 5
  Protocol: 1
  Type: _ipp._tcp
  Domain: local
  Flags: 5
/Client71/ServiceTypeBrowser1: ItemNew
  Interface: 5
  Protocol: 1
  Type: _udisks-ssh._tcp
  Domain: local
  Flags: 5
/Client71/ServiceTypeBrowser1: ItemNew
  Interface: 5
  Protocol: 1
  Type: _mpd._tcp
  Domain: local
  Flags: 5
/Client71/ServiceTypeBrowser1: ItemNew
  Interface: 5
  Protocol: 1
  Type: _workstation._tcp
  Domain: local
  Flags: 5
/Client71/ServiceTypeBrowser1: ItemNew
  Interface: 5
  Protocol: 0
  Type: _afpovertcp._tcp
  Domain: local
  Flags: 5
/Client71/ServiceTypeBrowser1: ItemNew
  Interface: 5
  Protocol: 0
  Type: _ipp._tcp
  Domain: local
  Flags: 5
/Client71/ServiceTypeBrowser1: ItemNew
  Interface: 5
  Protocol: 0
  Type: _udisks-ssh._tcp
  Domain: local
  Flags: 5
/Client71/ServiceTypeBrowser1: ItemNew
  Interface: 5
  Protocol: 0
  Type: _mpd._tcp
  Domain: local
  Flags: 5
/Client71/ServiceTypeBrowser1: ItemNew
  Interface: 5
  Protocol: 0
  Type: _workstation._tcp
  Domain: local
  Flags: 5
/Client71/ServiceTypeBrowser1: ItemNew
  Interface: 4
  Protocol: 1
  Type: _afpovertcp._tcp
  Domain: local
  Flags: 5
/Client71/ServiceTypeBrowser1: ItemNew
  Interface: 4
  Protocol: 1
  Type: _ipp._tcp
  Domain: local
  Flags: 5
/Client71/ServiceTypeBrowser1: ItemNew
  Interface: 4
  Protocol: 1
  Type: _udisks-ssh._tcp
  Domain: local
  Flags: 5
/Client71/ServiceTypeBrowser1: ItemNew
  Interface: 4
  Protocol: 1
  Type: _mpd._tcp
  Domain: local
  Flags: 5
/Client71/ServiceTypeBrowser1: ItemNew
  Interface: 4
  Protocol: 1
  Type: _workstation._tcp
  Domain: local
  Flags: 5
/Client71/ServiceTypeBrowser1: ItemNew
  Interface: 4
  Protocol: 0
  Type: _afpovertcp._tcp
  Domain: local
  Flags: 5
/Client71/ServiceTypeBrowser1: ItemNew
  Interface: 4
  Protocol: 0
  Type: _ipp._tcp
  Domain: local
  Flags: 5
/Client71/ServiceTypeBrowser1: ItemNew
  Interface: 4
  Protocol: 0
  Type: _udisks-ssh._tcp
  Domain: local
  Flags: 5
/Client71/ServiceTypeBrowser1: ItemNew
  Interface: 4
  Protocol: 0
  Type: _mpd._tcp
  Domain: local
  Flags: 5
/Client71/ServiceTypeBrowser1: ItemNew
  Interface: 4
  Protocol: 0
  Type: _workstation._tcp
  Domain: local
  Flags: 5
/Client71/ServiceTypeBrowser1: ItemNew
  Interface: 3
  Protocol: 1
  Type: _afpovertcp._tcp
  Domain: local
  Flags: 5
/Client71/ServiceTypeBrowser1: ItemNew
  Interface: 3
  Protocol: 1
  Type: _ipp._tcp
  Domain: local
  Flags: 5
/Client71/ServiceTypeBrowser1: ItemNew
  Interface: 3
  Protocol: 1
  Type: _udisks-ssh._tcp
  Domain: local
  Flags: 5
/Client71/ServiceTypeBrowser1: ItemNew
  Interface: 3
  Protocol: 1
  Type: _sftp-ssh._tcp
  Domain: local
  Flags: 5
Calling ServiceBrowserNew for domain 'local' type '_sftp-ssh._tcp'
Gotone ServiceBrowserNew for domain 'local' type '_sftp-ssh._tcp'
/Client71/ServiceBrowser8: new for domain 'local', type '_sftp-ssh._tcp'
/Client71/ServiceTypeBrowser1: ItemNew
  Interface: 3
  Protocol: 1
  Type: _ssh._tcp
  Domain: local
  Flags: 5
Calling ServiceBrowserNew for domain 'local' type '_ssh._tcp'
Gotone ServiceBrowserNew for domain 'local' type '_ssh._tcp'
/Client71/ServiceBrowser9: new for domain 'local', type '_ssh._tcp'
/Client71/ServiceTypeBrowser1: ItemNew
  Interface: 3
  Protocol: 1
  Type: _mpd._tcp
  Domain: local
  Flags: 5
/Client71/ServiceTypeBrowser1: ItemNew
  Interface: 3
  Protocol: 1
  Type: _workstation._tcp
  Domain: local
  Flags: 5
/Client71/ServiceTypeBrowser1: ItemNew
  Interface: 3
  Protocol: 0
  Type: _ipp._tcp
  Domain: local
  Flags: 5
/Client71/ServiceTypeBrowser1: ItemNew
  Interface: 3
  Protocol: 0
  Type: _afpovertcp._tcp
  Domain: local
  Flags: 5
/Client71/ServiceTypeBrowser1: ItemNew
  Interface: 3
  Protocol: 0
  Type: _udisks-ssh._tcp
  Domain: local
  Flags: 5
/Client71/ServiceTypeBrowser1: ItemNew
  Interface: 3
  Protocol: 0
  Type: _sftp-ssh._tcp
  Domain: local
  Flags: 5
/Client71/ServiceTypeBrowser1: ItemNew
  Interface: 3
  Protocol: 0
  Type: _ssh._tcp
  Domain: local
  Flags: 5
/Client71/ServiceTypeBrowser1: ItemNew
  Interface: 3
  Protocol: 0
  Type: _mpd._tcp
  Domain: local
  Flags: 5
/Client71/ServiceTypeBrowser1: ItemNew
  Interface: 3
  Protocol: 0
  Type: _workstation._tcp
  Domain: local
  Flags: 5
/Client71/ServiceTypeBrowser1: ItemNew
  Interface: 2
  Protocol: 1
  Type: _afpovertcp._tcp
  Domain: local
  Flags: 5
/Client71/ServiceTypeBrowser1: ItemNew
  Interface: 2
  Protocol: 1
  Type: _ipp._tcp
  Domain: local
  Flags: 5
/Client71/ServiceTypeBrowser1: ItemNew
  Interface: 2
  Protocol: 1
  Type: _udisks-ssh._tcp
  Domain: local
  Flags: 5
/Client71/ServiceTypeBrowser1: ItemNew
  Interface: 2
  Protocol: 1
  Type: _sftp-ssh._tcp
  Domain: local
  Flags: 5
/Client71/ServiceTypeBrowser1: ItemNew
  Interface: 2
  Protocol: 1
  Type: _ssh._tcp
  Domain: local
  Flags: 5
/Client71/ServiceTypeBrowser1: ItemNew
  Interface: 2
  Protocol: 1
  Type: _mpd._tcp
  Domain: local
  Flags: 5
/Client71/ServiceTypeBrowser1: ItemNew
  Interface: 2
  Protocol: 1
  Type: _workstation._tcp
  Domain: local
  Flags: 5
/Client71/ServiceTypeBrowser1: ItemNew
  Interface: 2
  Protocol: 0
  Type: _afpovertcp._tcp
  Domain: local
  Flags: 5
/Client71/ServiceTypeBrowser1: ItemNew
  Interface: 2
  Protocol: 0
  Type: _ipp._tcp
  Domain: local
  Flags: 5
/Client71/ServiceTypeBrowser1: ItemNew
  Interface: 2
  Protocol: 0
  Type: _udisks-ssh._tcp
  Domain: local
  Flags: 5
/Client71/ServiceTypeBrowser1: ItemNew
  Interface: 2
  Protocol: 0
  Type: _sftp-ssh._tcp
  Domain: local
  Flags: 5
/Client71/ServiceTypeBrowser1: ItemNew
  Interface: 2
  Protocol: 0
  Type: _ssh._tcp
  Domain: local
  Flags: 5
/Client71/ServiceTypeBrowser1: ItemNew
  Interface: 2
  Protocol: 0
  Type: _mpd._tcp
  Domain: local
  Flags: 5
/Client71/ServiceTypeBrowser1: ItemNew
  Interface: 2
  Protocol: 0
  Type: _workstation._tcp
  Domain: local
  Flags: 5
/Client71/ServiceTypeBrowser1: Cache exhausted...
/Client71/ServiceTypeBrowser1: All for now...
/Client71/DomainBrowser2: Cache exhausted...
/Client71/DomainBrowser2: ItemNew
  Interface: -1
  Protocol: -1
  Domain: evil.openss7.net.
  Flags: 32
Calling ServiceTypeBrowserNew for domain 'evil.openss7.net.'
Gotone ServiceTypeBrowserNew for domain 'evil.openss7.net.'
/Client71/ServiceTypeBrowser10: new for domain 'evil.openss7.net.'
/Client71/DomainBrowser2: ItemNew
  Interface: -1
  Protocol: -1
  Domain: admin.openss7.net.
  Flags: 32
Calling ServiceTypeBrowserNew for domain 'admin.openss7.net.'
Gotone ServiceTypeBrowserNew for domain 'admin.openss7.net.'
/Client71/ServiceTypeBrowser11: new for domain 'admin.openss7.net.'
/Client71/DomainBrowser2: ItemNew
  Interface: -1
  Protocol: -1
  Domain: pigworks.openss7.net.
  Flags: 32
Calling ServiceTypeBrowserNew for domain 'pigworks.openss7.net.'
Gotone ServiceTypeBrowserNew for domain 'pigworks.openss7.net.'
/Client71/ServiceTypeBrowser12: new for domain 'pigworks.openss7.net.'
/Client71/DomainBrowser2: All for now...
/Client71/ServiceBrowser3: ItemNew
  Interface: 6
  Protocol: 1
  Name: napoleon
  Type: _afpovertcp._tcp
  Domain: local
  Flags: 13
Avahi::Service: new
  Interface: 6 (eth1.108)
  Protocol: 1
  Name: napoleon
  Type: _afpovertcp._tcp
  Domain: local
  Host: napoleon.local
  Aprotocol: 1
  Address: fe80::21c:f0ff:fe9f:115c
  Port: 548
  TXT: 
  Flags: 13
Net::Libdnet::Entry::Intf: new
eth1.108: flags=0x31<UP,BROADCAST,MULTICAST> mtu 1500
	addr 192.168.8.14/24
	ip 192.168.8.14
	subnet 192.168.8.0 - cidr 24 [mask 255.255.255.0]
	broadcast 192.168.8.255
	linkAddr 00:1c:f0:9f:11:5c
	alias fe80::21c:f0ff:fe9f:115c/64
/Client71/ServiceBrowser3: ItemNew
  Interface: 6
  Protocol: 0
  Name: napoleon
  Type: _afpovertcp._tcp
  Domain: local
  Flags: 13
Avahi::Service: new
  Interface: 6 (eth1.108)
  Protocol: 0
  Name: napoleon
  Type: _afpovertcp._tcp
  Domain: local
  Host: napoleon.local
  Aprotocol: 1
  Address: fe80::21c:f0ff:fe9f:115c
  Port: 548
  TXT: 
  Flags: 13
/Client71/ServiceBrowser3: ItemNew
  Interface: 5
  Protocol: 1
  Name: napoleon
  Type: _afpovertcp._tcp
  Domain: local
  Flags: 13
Avahi::Service: new
  Interface: 5 (eth1.106)
  Protocol: 1
  Name: napoleon
  Type: _afpovertcp._tcp
  Domain: local
  Host: napoleon.local
  Aprotocol: 1
  Address: fe80::21c:f0ff:fe9f:115c
  Port: 548
  TXT: 
  Flags: 13
Net::Libdnet::Entry::Intf: new
eth1.106: flags=0x31<UP,BROADCAST,MULTICAST> mtu 1500
	addr 192.168.6.14/24
	ip 192.168.6.14
	subnet 192.168.6.0 - cidr 24 [mask 255.255.255.0]
	broadcast 192.168.6.255
	linkAddr 00:1c:f0:9f:11:5c
	alias fe80::21c:f0ff:fe9f:115c/64
/Client71/ServiceBrowser3: ItemNew
  Interface: 5
  Protocol: 0
  Name: napoleon
  Type: _afpovertcp._tcp
  Domain: local
  Flags: 13
Avahi::Service: new
  Interface: 5 (eth1.106)
  Protocol: 0
  Name: napoleon
  Type: _afpovertcp._tcp
  Domain: local
  Host: napoleon.local
  Aprotocol: 1
  Address: fe80::21c:f0ff:fe9f:115c
  Port: 548
  TXT: 
  Flags: 13
/Client71/ServiceBrowser3: ItemNew
  Interface: 4
  Protocol: 1
  Name: napoleon
  Type: _afpovertcp._tcp
  Domain: local
  Flags: 13
Avahi::Service: new
  Interface: 4 (eth1.104)
  Protocol: 1
  Name: napoleon
  Type: _afpovertcp._tcp
  Domain: local
  Host: napoleon.local
  Aprotocol: 1
  Address: fe80::21c:f0ff:fe9f:115c
  Port: 548
  TXT: 
  Flags: 13
Net::Libdnet::Entry::Intf: new
eth1.104: flags=0x31<UP,BROADCAST,MULTICAST> mtu 1500
	addr 192.168.4.14/24
	ip 192.168.4.14
	subnet 192.168.4.0 - cidr 24 [mask 255.255.255.0]
	broadcast 192.168.4.255
	linkAddr 00:1c:f0:9f:11:5c
	alias fe80::21c:f0ff:fe9f:115c/64
/Client71/ServiceBrowser3: ItemNew
  Interface: 4
  Protocol: 0
  Name: napoleon
  Type: _afpovertcp._tcp
  Domain: local
  Flags: 13
Avahi::Service: new
  Interface: 4 (eth1.104)
  Protocol: 0
  Name: napoleon
  Type: _afpovertcp._tcp
  Domain: local
  Host: napoleon.local
  Aprotocol: 1
  Address: fe80::21c:f0ff:fe9f:115c
  Port: 548
  TXT: 
  Flags: 13
/Client71/ServiceBrowser3: ItemNew
  Interface: 3
  Protocol: 1
  Name: napoleon
  Type: _afpovertcp._tcp
  Domain: local
  Flags: 13
Avahi::Service: new
  Interface: 3 (eth2)
  Protocol: 1
  Name: napoleon
  Type: _afpovertcp._tcp
  Domain: local
  Host: napoleon.local
  Aprotocol: 1
  Address: fe80::215:58ff:fed7:d62e
  Port: 548
  TXT: 
  Flags: 13
Net::Libdnet::Entry::Intf: new
eth2: flags=0x31<UP,BROADCAST,MULTICAST> mtu 1500
	addr 192.168.0.14/24
	ip 192.168.0.14
	subnet 192.168.0.0 - cidr 24 [mask 255.255.255.0]
	broadcast 192.168.0.255
	linkAddr 00:15:58:d7:d6:2e
	alias fe80::215:58ff:fed7:d62e/64
/Client71/ServiceBrowser3: ItemNew
  Interface: 3
  Protocol: 0
  Name: napoleon
  Type: _afpovertcp._tcp
  Domain: local
  Flags: 13
Avahi::Service: new
  Interface: 3 (eth2)
  Protocol: 0
  Name: napoleon
  Type: _afpovertcp._tcp
  Domain: local
  Host: napoleon.local
  Aprotocol: 1
  Address: fe80::215:58ff:fed7:d62e
  Port: 548
  TXT: 
  Flags: 13
/Client71/ServiceBrowser3: ItemNew
  Interface: 2
  Protocol: 1
  Name: napoleon
  Type: _afpovertcp._tcp
  Domain: local
  Flags: 13
Avahi::Service: new
  Interface: 2 (eth1)
  Protocol: 1
  Name: napoleon
  Type: _afpovertcp._tcp
  Domain: local
  Host: napoleon.local
  Aprotocol: 1
  Address: fe80::21c:f0ff:fe9f:115c
  Port: 548
  TXT: 
  Flags: 13
Net::Libdnet::Entry::Intf: new
eth1: flags=0x31<UP,BROADCAST,MULTICAST> mtu 1500
	addr 192.168.3.14/24
	ip 192.168.3.14
	subnet 192.168.3.0 - cidr 24 [mask 255.255.255.0]
	broadcast 192.168.3.255
	linkAddr 00:1c:f0:9f:11:5c
	alias fe80::21c:f0ff:fe9f:115c/64
/Client71/ServiceBrowser3: ItemNew
  Interface: 2
  Protocol: 0
  Name: napoleon
  Type: _afpovertcp._tcp
  Domain: local
  Flags: 13
Avahi::Service: new
  Interface: 2 (eth1)
  Protocol: 0
  Name: napoleon
  Type: _afpovertcp._tcp
  Domain: local
  Host: napoleon.local
  Aprotocol: 1
  Address: fe80::21c:f0ff:fe9f:115c
  Port: 548
  TXT: 
  Flags: 13
/Client71/ServiceBrowser3: Cache exhausted...
/Client71/ServiceBrowser3: All for now...
/Client71/ServiceBrowser4: ItemNew
  Interface: 6
  Protocol: 1
  Name: HP LaserJet 1100 @ napoleon
  Type: _ipp._tcp
  Domain: local
  Flags: 13
Avahi::Service: new
  Interface: 6 (eth1.108)
  Protocol: 1
  Name: HP LaserJet 1100 @ napoleon
  Type: _ipp._tcp
  Domain: local
  Host: napoleon.local
  Aprotocol: 1
  Address: fe80::21c:f0ff:fe9f:115c
  Port: 631
  TXT: printer-type=0x80900E;printer-state=3;Scan=F;Sort=F;Bind=F;Punch=F;Collate=F;Copies=F;Staple=F;Duplex=F;Color=T;Fax=F;Binary=F;Transparent=F;TLS=1.2;UUID=5dafe82e-7748-3af8-788e-17bc897b0693;URF=none;pdl=application/octet-stream,application/pdf,application/postscript,image/jpeg,image/png;product=(HP LaserJet 1100xi Printer);priority=0;note=napoleon;adminurl=http://napoleon.local:631/printers/HP-LaserJet-1100;ty=HP LaserJet 1100, hpcups 3.11.12;rp=printers/HP-LaserJet-1100;qtotal=1;txtvers=1
  Flags: 13
/Client71/ServiceBrowser4: ItemNew
  Interface: 6
  Protocol: 1
  Name: PDF @ napoleon
  Type: _ipp._tcp
  Domain: local
  Flags: 13
Avahi::Service: new
  Interface: 6 (eth1.108)
  Protocol: 1
  Name: PDF @ napoleon
  Type: _ipp._tcp
  Domain: local
  Host: napoleon.local
  Aprotocol: 1
  Address: fe80::21c:f0ff:fe9f:115c
  Port: 631
  TXT: printer-type=0x80F04E;printer-state=3;Scan=F;Sort=F;Bind=F;Punch=F;Collate=F;Copies=T;Staple=F;Duplex=F;Color=T;Fax=F;Binary=F;Transparent=F;TLS=1.2;UUID=605ad219-5f8a-3ccb-4268-0478f30bd3c7;URF=none;pdl=application/octet-stream,application/pdf,application/postscript,image/jpeg,image/png;product=(CUPS v1.1);priority=0;note=;adminurl=http://napoleon.local:631/printers/PDF;ty=Generic CUPS-PDF Printer;rp=printers/PDF;qtotal=1;txtvers=1
  Flags: 13
/Client71/ServiceBrowser4: ItemNew
  Interface: 6
  Protocol: 0
  Name: HP LaserJet 1100 @ napoleon
  Type: _ipp._tcp
  Domain: local
  Flags: 13
Avahi::Service: new
  Interface: 6 (eth1.108)
  Protocol: 0
  Name: HP LaserJet 1100 @ napoleon
  Type: _ipp._tcp
  Domain: local
  Host: napoleon.local
  Aprotocol: 1
  Address: fe80::21c:f0ff:fe9f:115c
  Port: 631
  TXT: printer-type=0x80900E;printer-state=3;Scan=F;Sort=F;Bind=F;Punch=F;Collate=F;Copies=F;Staple=F;Duplex=F;Color=T;Fax=F;Binary=F;Transparent=F;TLS=1.2;UUID=5dafe82e-7748-3af8-788e-17bc897b0693;URF=none;pdl=application/octet-stream,application/pdf,application/postscript,image/jpeg,image/png;product=(HP LaserJet 1100xi Printer);priority=0;note=napoleon;adminurl=http://napoleon.local:631/printers/HP-LaserJet-1100;ty=HP LaserJet 1100, hpcups 3.11.12;rp=printers/HP-LaserJet-1100;qtotal=1;txtvers=1
  Flags: 13
/Client71/ServiceBrowser4: ItemNew
  Interface: 6
  Protocol: 0
  Name: PDF @ napoleon
  Type: _ipp._tcp
  Domain: local
  Flags: 13
Avahi::Service: new
  Interface: 6 (eth1.108)
  Protocol: 0
  Name: PDF @ napoleon
  Type: _ipp._tcp
  Domain: local
  Host: napoleon.local
  Aprotocol: 1
  Address: fe80::21c:f0ff:fe9f:115c
  Port: 631
  TXT: printer-type=0x80F04E;printer-state=3;Scan=F;Sort=F;Bind=F;Punch=F;Collate=F;Copies=T;Staple=F;Duplex=F;Color=T;Fax=F;Binary=F;Transparent=F;TLS=1.2;UUID=605ad219-5f8a-3ccb-4268-0478f30bd3c7;URF=none;pdl=application/octet-stream,application/pdf,application/postscript,image/jpeg,image/png;product=(CUPS v1.1);priority=0;note=;adminurl=http://napoleon.local:631/printers/PDF;ty=Generic CUPS-PDF Printer;rp=printers/PDF;qtotal=1;txtvers=1
  Flags: 13
/Client71/ServiceBrowser4: ItemNew
  Interface: 5
  Protocol: 1
  Name: HP LaserJet 1100 @ napoleon
  Type: _ipp._tcp
  Domain: local
  Flags: 13
Avahi::Service: new
  Interface: 5 (eth1.106)
  Protocol: 1
  Name: HP LaserJet 1100 @ napoleon
  Type: _ipp._tcp
  Domain: local
  Host: napoleon.local
  Aprotocol: 1
  Address: fe80::21c:f0ff:fe9f:115c
  Port: 631
  TXT: printer-type=0x80900E;printer-state=3;Scan=F;Sort=F;Bind=F;Punch=F;Collate=F;Copies=F;Staple=F;Duplex=F;Color=T;Fax=F;Binary=F;Transparent=F;TLS=1.2;UUID=5dafe82e-7748-3af8-788e-17bc897b0693;URF=none;pdl=application/octet-stream,application/pdf,application/postscript,image/jpeg,image/png;product=(HP LaserJet 1100xi Printer);priority=0;note=napoleon;adminurl=http://napoleon.local:631/printers/HP-LaserJet-1100;ty=HP LaserJet 1100, hpcups 3.11.12;rp=printers/HP-LaserJet-1100;qtotal=1;txtvers=1
  Flags: 13
/Client71/ServiceBrowser4: ItemNew
  Interface: 5
  Protocol: 1
  Name: PDF @ napoleon
  Type: _ipp._tcp
  Domain: local
  Flags: 13
Avahi::Service: new
  Interface: 5 (eth1.106)
  Protocol: 1
  Name: PDF @ napoleon
  Type: _ipp._tcp
  Domain: local
  Host: napoleon.local
  Aprotocol: 1
  Address: fe80::21c:f0ff:fe9f:115c
  Port: 631
  TXT: printer-type=0x80F04E;printer-state=3;Scan=F;Sort=F;Bind=F;Punch=F;Collate=F;Copies=T;Staple=F;Duplex=F;Color=T;Fax=F;Binary=F;Transparent=F;TLS=1.2;UUID=605ad219-5f8a-3ccb-4268-0478f30bd3c7;URF=none;pdl=application/octet-stream,application/pdf,application/postscript,image/jpeg,image/png;product=(CUPS v1.1);priority=0;note=;adminurl=http://napoleon.local:631/printers/PDF;ty=Generic CUPS-PDF Printer;rp=printers/PDF;qtotal=1;txtvers=1
  Flags: 13
/Client71/ServiceBrowser4: ItemNew
  Interface: 5
  Protocol: 0
  Name: HP LaserJet 1100 @ napoleon
  Type: _ipp._tcp
  Domain: local
  Flags: 13
Avahi::Service: new
  Interface: 5 (eth1.106)
  Protocol: 0
  Name: HP LaserJet 1100 @ napoleon
  Type: _ipp._tcp
  Domain: local
  Host: napoleon.local
  Aprotocol: 1
  Address: fe80::21c:f0ff:fe9f:115c
  Port: 631
  TXT: printer-type=0x80900E;printer-state=3;Scan=F;Sort=F;Bind=F;Punch=F;Collate=F;Copies=F;Staple=F;Duplex=F;Color=T;Fax=F;Binary=F;Transparent=F;TLS=1.2;UUID=5dafe82e-7748-3af8-788e-17bc897b0693;URF=none;pdl=application/octet-stream,application/pdf,application/postscript,image/jpeg,image/png;product=(HP LaserJet 1100xi Printer);priority=0;note=napoleon;adminurl=http://napoleon.local:631/printers/HP-LaserJet-1100;ty=HP LaserJet 1100, hpcups 3.11.12;rp=printers/HP-LaserJet-1100;qtotal=1;txtvers=1
  Flags: 13
/Client71/ServiceBrowser4: ItemNew
  Interface: 5
  Protocol: 0
  Name: PDF @ napoleon
  Type: _ipp._tcp
  Domain: local
  Flags: 13
Avahi::Service: new
  Interface: 5 (eth1.106)
  Protocol: 0
  Name: PDF @ napoleon
  Type: _ipp._tcp
  Domain: local
  Host: napoleon.local
  Aprotocol: 1
  Address: fe80::21c:f0ff:fe9f:115c
  Port: 631
  TXT: printer-type=0x80F04E;printer-state=3;Scan=F;Sort=F;Bind=F;Punch=F;Collate=F;Copies=T;Staple=F;Duplex=F;Color=T;Fax=F;Binary=F;Transparent=F;TLS=1.2;UUID=605ad219-5f8a-3ccb-4268-0478f30bd3c7;URF=none;pdl=application/octet-stream,application/pdf,application/postscript,image/jpeg,image/png;product=(CUPS v1.1);priority=0;note=;adminurl=http://napoleon.local:631/printers/PDF;ty=Generic CUPS-PDF Printer;rp=printers/PDF;qtotal=1;txtvers=1
  Flags: 13
/Client71/ServiceBrowser4: ItemNew
  Interface: 4
  Protocol: 1
  Name: HP LaserJet 1100 @ napoleon
  Type: _ipp._tcp
  Domain: local
  Flags: 13
Avahi::Service: new
  Interface: 4 (eth1.104)
  Protocol: 1
  Name: HP LaserJet 1100 @ napoleon
  Type: _ipp._tcp
  Domain: local
  Host: napoleon.local
  Aprotocol: 1
  Address: fe80::21c:f0ff:fe9f:115c
  Port: 631
  TXT: printer-type=0x80900E;printer-state=3;Scan=F;Sort=F;Bind=F;Punch=F;Collate=F;Copies=F;Staple=F;Duplex=F;Color=T;Fax=F;Binary=F;Transparent=F;TLS=1.2;UUID=5dafe82e-7748-3af8-788e-17bc897b0693;URF=none;pdl=application/octet-stream,application/pdf,application/postscript,image/jpeg,image/png;product=(HP LaserJet 1100xi Printer);priority=0;note=napoleon;adminurl=http://napoleon.local:631/printers/HP-LaserJet-1100;ty=HP LaserJet 1100, hpcups 3.11.12;rp=printers/HP-LaserJet-1100;qtotal=1;txtvers=1
  Flags: 13
/Client71/ServiceBrowser4: ItemNew
  Interface: 4
  Protocol: 1
  Name: PDF @ napoleon
  Type: _ipp._tcp
  Domain: local
  Flags: 13
Avahi::Service: new
  Interface: 4 (eth1.104)
  Protocol: 1
  Name: PDF @ napoleon
  Type: _ipp._tcp
  Domain: local
  Host: napoleon.local
  Aprotocol: 1
  Address: fe80::21c:f0ff:fe9f:115c
  Port: 631
  TXT: printer-type=0x80F04E;printer-state=3;Scan=F;Sort=F;Bind=F;Punch=F;Collate=F;Copies=T;Staple=F;Duplex=F;Color=T;Fax=F;Binary=F;Transparent=F;TLS=1.2;UUID=605ad219-5f8a-3ccb-4268-0478f30bd3c7;URF=none;pdl=application/octet-stream,application/pdf,application/postscript,image/jpeg,image/png;product=(CUPS v1.1);priority=0;note=;adminurl=http://napoleon.local:631/printers/PDF;ty=Generic CUPS-PDF Printer;rp=printers/PDF;qtotal=1;txtvers=1
  Flags: 13
/Client71/ServiceBrowser4: ItemNew
  Interface: 4
  Protocol: 0
  Name: HP LaserJet 1100 @ napoleon
  Type: _ipp._tcp
  Domain: local
  Flags: 13
Avahi::Service: new
  Interface: 4 (eth1.104)
  Protocol: 0
  Name: HP LaserJet 1100 @ napoleon
  Type: _ipp._tcp
  Domain: local
  Host: napoleon.local
  Aprotocol: 1
  Address: fe80::21c:f0ff:fe9f:115c
  Port: 631
  TXT: printer-type=0x80900E;printer-state=3;Scan=F;Sort=F;Bind=F;Punch=F;Collate=F;Copies=F;Staple=F;Duplex=F;Color=T;Fax=F;Binary=F;Transparent=F;TLS=1.2;UUID=5dafe82e-7748-3af8-788e-17bc897b0693;URF=none;pdl=application/octet-stream,application/pdf,application/postscript,image/jpeg,image/png;product=(HP LaserJet 1100xi Printer);priority=0;note=napoleon;adminurl=http://napoleon.local:631/printers/HP-LaserJet-1100;ty=HP LaserJet 1100, hpcups 3.11.12;rp=printers/HP-LaserJet-1100;qtotal=1;txtvers=1
  Flags: 13
/Client71/ServiceBrowser4: ItemNew
  Interface: 4
  Protocol: 0
  Name: PDF @ napoleon
  Type: _ipp._tcp
  Domain: local
  Flags: 13
Avahi::Service: new
  Interface: 4 (eth1.104)
  Protocol: 0
  Name: PDF @ napoleon
  Type: _ipp._tcp
  Domain: local
  Host: napoleon.local
  Aprotocol: 1
  Address: fe80::21c:f0ff:fe9f:115c
  Port: 631
  TXT: printer-type=0x80F04E;printer-state=3;Scan=F;Sort=F;Bind=F;Punch=F;Collate=F;Copies=T;Staple=F;Duplex=F;Color=T;Fax=F;Binary=F;Transparent=F;TLS=1.2;UUID=605ad219-5f8a-3ccb-4268-0478f30bd3c7;URF=none;pdl=application/octet-stream,application/pdf,application/postscript,image/jpeg,image/png;product=(CUPS v1.1);priority=0;note=;adminurl=http://napoleon.local:631/printers/PDF;ty=Generic CUPS-PDF Printer;rp=printers/PDF;qtotal=1;txtvers=1
  Flags: 13
/Client71/ServiceBrowser4: ItemNew
  Interface: 3
  Protocol: 1
  Name: HP LaserJet 1100 @ napoleon
  Type: _ipp._tcp
  Domain: local
  Flags: 13
Avahi::Service: new
  Interface: 3 (eth2)
  Protocol: 1
  Name: HP LaserJet 1100 @ napoleon
  Type: _ipp._tcp
  Domain: local
  Host: napoleon.local
  Aprotocol: 1
  Address: fe80::215:58ff:fed7:d62e
  Port: 631
  TXT: printer-type=0x80900E;printer-state=3;Scan=F;Sort=F;Bind=F;Punch=F;Collate=F;Copies=F;Staple=F;Duplex=F;Color=T;Fax=F;Binary=F;Transparent=F;TLS=1.2;UUID=5dafe82e-7748-3af8-788e-17bc897b0693;URF=none;pdl=application/octet-stream,application/pdf,application/postscript,image/jpeg,image/png;product=(HP LaserJet 1100xi Printer);priority=0;note=napoleon;adminurl=http://napoleon.local:631/printers/HP-LaserJet-1100;ty=HP LaserJet 1100, hpcups 3.11.12;rp=printers/HP-LaserJet-1100;qtotal=1;txtvers=1
  Flags: 13
/Client71/ServiceBrowser4: ItemNew
  Interface: 3
  Protocol: 1
  Name: PDF @ napoleon
  Type: _ipp._tcp
  Domain: local
  Flags: 13
Avahi::Service: new
  Interface: 3 (eth2)
  Protocol: 1
  Name: PDF @ napoleon
  Type: _ipp._tcp
  Domain: local
  Host: napoleon.local
  Aprotocol: 1
  Address: fe80::215:58ff:fed7:d62e
  Port: 631
  TXT: printer-type=0x80F04E;printer-state=3;Scan=F;Sort=F;Bind=F;Punch=F;Collate=F;Copies=T;Staple=F;Duplex=F;Color=T;Fax=F;Binary=F;Transparent=F;TLS=1.2;UUID=605ad219-5f8a-3ccb-4268-0478f30bd3c7;URF=none;pdl=application/octet-stream,application/pdf,application/postscript,image/jpeg,image/png;product=(CUPS v1.1);priority=0;note=;adminurl=http://napoleon.local:631/printers/PDF;ty=Generic CUPS-PDF Printer;rp=printers/PDF;qtotal=1;txtvers=1
  Flags: 13
/Client71/ServiceBrowser4: ItemNew
  Interface: 3
  Protocol: 0
  Name: HP LaserJet 1100 @ napoleon
  Type: _ipp._tcp
  Domain: local
  Flags: 13
Avahi::Service: new
  Interface: 3 (eth2)
  Protocol: 0
  Name: HP LaserJet 1100 @ napoleon
  Type: _ipp._tcp
  Domain: local
  Host: napoleon.local
  Aprotocol: 1
  Address: fe80::215:58ff:fed7:d62e
  Port: 631
  TXT: printer-type=0x80900E;printer-state=3;Scan=F;Sort=F;Bind=F;Punch=F;Collate=F;Copies=F;Staple=F;Duplex=F;Color=T;Fax=F;Binary=F;Transparent=F;TLS=1.2;UUID=5dafe82e-7748-3af8-788e-17bc897b0693;URF=none;pdl=application/octet-stream,application/pdf,application/postscript,image/jpeg,image/png;product=(HP LaserJet 1100xi Printer);priority=0;note=napoleon;adminurl=http://napoleon.local:631/printers/HP-LaserJet-1100;ty=HP LaserJet 1100, hpcups 3.11.12;rp=printers/HP-LaserJet-1100;qtotal=1;txtvers=1
  Flags: 13
/Client71/ServiceBrowser4: ItemNew
  Interface: 3
  Protocol: 0
  Name: PDF @ napoleon
  Type: _ipp._tcp
  Domain: local
  Flags: 13
Avahi::Service: new
  Interface: 3 (eth2)
  Protocol: 0
  Name: PDF @ napoleon
  Type: _ipp._tcp
  Domain: local
  Host: napoleon.local
  Aprotocol: 1
  Address: fe80::215:58ff:fed7:d62e
  Port: 631
  TXT: printer-type=0x80F04E;printer-state=3;Scan=F;Sort=F;Bind=F;Punch=F;Collate=F;Copies=T;Staple=F;Duplex=F;Color=T;Fax=F;Binary=F;Transparent=F;TLS=1.2;UUID=605ad219-5f8a-3ccb-4268-0478f30bd3c7;URF=none;pdl=application/octet-stream,application/pdf,application/postscript,image/jpeg,image/png;product=(CUPS v1.1);priority=0;note=;adminurl=http://napoleon.local:631/printers/PDF;ty=Generic CUPS-PDF Printer;rp=printers/PDF;qtotal=1;txtvers=1
  Flags: 13
/Client71/ServiceBrowser4: ItemNew
  Interface: 2
  Protocol: 1
  Name: HP LaserJet 1100 @ napoleon
  Type: _ipp._tcp
  Domain: local
  Flags: 13
Avahi::Service: new
  Interface: 2 (eth1)
  Protocol: 1
  Name: HP LaserJet 1100 @ napoleon
  Type: _ipp._tcp
  Domain: local
  Host: napoleon.local
  Aprotocol: 1
  Address: fe80::21c:f0ff:fe9f:115c
  Port: 631
  TXT: printer-type=0x80900E;printer-state=3;Scan=F;Sort=F;Bind=F;Punch=F;Collate=F;Copies=F;Staple=F;Duplex=F;Color=T;Fax=F;Binary=F;Transparent=F;TLS=1.2;UUID=5dafe82e-7748-3af8-788e-17bc897b0693;URF=none;pdl=application/octet-stream,application/pdf,application/postscript,image/jpeg,image/png;product=(HP LaserJet 1100xi Printer);priority=0;note=napoleon;adminurl=http://napoleon.local:631/printers/HP-LaserJet-1100;ty=HP LaserJet 1100, hpcups 3.11.12;rp=printers/HP-LaserJet-1100;qtotal=1;txtvers=1
  Flags: 13
/Client71/ServiceBrowser4: ItemNew
  Interface: 2
  Protocol: 1
  Name: PDF @ napoleon
  Type: _ipp._tcp
  Domain: local
  Flags: 13
Avahi::Service: new
  Interface: 2 (eth1)
  Protocol: 1
  Name: PDF @ napoleon
  Type: _ipp._tcp
  Domain: local
  Host: napoleon.local
  Aprotocol: 1
  Address: fe80::21c:f0ff:fe9f:115c
  Port: 631
  TXT: printer-type=0x80F04E;printer-state=3;Scan=F;Sort=F;Bind=F;Punch=F;Collate=F;Copies=T;Staple=F;Duplex=F;Color=T;Fax=F;Binary=F;Transparent=F;TLS=1.2;UUID=605ad219-5f8a-3ccb-4268-0478f30bd3c7;URF=none;pdl=application/octet-stream,application/pdf,application/postscript,image/jpeg,image/png;product=(CUPS v1.1);priority=0;note=;adminurl=http://napoleon.local:631/printers/PDF;ty=Generic CUPS-PDF Printer;rp=printers/PDF;qtotal=1;txtvers=1
  Flags: 13
/Client71/ServiceBrowser4: ItemNew
  Interface: 2
  Protocol: 0
  Name: HP LaserJet 1100 @ napoleon
  Type: _ipp._tcp
  Domain: local
  Flags: 13
Avahi::Service: new
  Interface: 2 (eth1)
  Protocol: 0
  Name: HP LaserJet 1100 @ napoleon
  Type: _ipp._tcp
  Domain: local
  Host: napoleon.local
  Aprotocol: 1
  Address: fe80::21c:f0ff:fe9f:115c
  Port: 631
  TXT: printer-type=0x80900E;printer-state=3;Scan=F;Sort=F;Bind=F;Punch=F;Collate=F;Copies=F;Staple=F;Duplex=F;Color=T;Fax=F;Binary=F;Transparent=F;TLS=1.2;UUID=5dafe82e-7748-3af8-788e-17bc897b0693;URF=none;pdl=application/octet-stream,application/pdf,application/postscript,image/jpeg,image/png;product=(HP LaserJet 1100xi Printer);priority=0;note=napoleon;adminurl=http://napoleon.local:631/printers/HP-LaserJet-1100;ty=HP LaserJet 1100, hpcups 3.11.12;rp=printers/HP-LaserJet-1100;qtotal=1;txtvers=1
  Flags: 13
/Client71/ServiceBrowser4: ItemNew
  Interface: 2
  Protocol: 0
  Name: PDF @ napoleon
  Type: _ipp._tcp
  Domain: local
  Flags: 13
Avahi::Service: new
  Interface: 2 (eth1)
  Protocol: 0
  Name: PDF @ napoleon
  Type: _ipp._tcp
  Domain: local
  Host: napoleon.local
  Aprotocol: 1
  Address: fe80::21c:f0ff:fe9f:115c
  Port: 631
  TXT: printer-type=0x80F04E;printer-state=3;Scan=F;Sort=F;Bind=F;Punch=F;Collate=F;Copies=T;Staple=F;Duplex=F;Color=T;Fax=F;Binary=F;Transparent=F;TLS=1.2;UUID=605ad219-5f8a-3ccb-4268-0478f30bd3c7;URF=none;pdl=application/octet-stream,application/pdf,application/postscript,image/jpeg,image/png;product=(CUPS v1.1);priority=0;note=;adminurl=http://napoleon.local:631/printers/PDF;ty=Generic CUPS-PDF Printer;rp=printers/PDF;qtotal=1;txtvers=1
  Flags: 13
/Client71/ServiceBrowser4: Cache exhausted...
/Client71/ServiceBrowser4: All for now...
/Client71/ServiceBrowser5: ItemNew
  Interface: 6
  Protocol: 1
  Name: napoleon
  Type: _udisks-ssh._tcp
  Domain: local
  Flags: 13
Avahi::Service: new
  Interface: 6 (eth1.108)
  Protocol: 1
  Name: napoleon
  Type: _udisks-ssh._tcp
  Domain: local
  Host: napoleon.local
  Aprotocol: 1
  Address: fe80::21c:f0ff:fe9f:115c
  Port: 22
  TXT: 
  Flags: 13
/Client71/ServiceBrowser5: ItemNew
  Interface: 6
  Protocol: 0
  Name: napoleon
  Type: _udisks-ssh._tcp
  Domain: local
  Flags: 13
Avahi::Service: new
  Interface: 6 (eth1.108)
  Protocol: 0
  Name: napoleon
  Type: _udisks-ssh._tcp
  Domain: local
  Host: napoleon.local
  Aprotocol: 1
  Address: fe80::21c:f0ff:fe9f:115c
  Port: 22
  TXT: 
  Flags: 13
/Client71/ServiceBrowser5: ItemNew
  Interface: 5
  Protocol: 1
  Name: napoleon
  Type: _udisks-ssh._tcp
  Domain: local
  Flags: 13
Avahi::Service: new
  Interface: 5 (eth1.106)
  Protocol: 1
  Name: napoleon
  Type: _udisks-ssh._tcp
  Domain: local
  Host: napoleon.local
  Aprotocol: 1
  Address: fe80::21c:f0ff:fe9f:115c
  Port: 22
  TXT: 
  Flags: 13
/Client71/ServiceBrowser5: ItemNew
  Interface: 5
  Protocol: 0
  Name: napoleon
  Type: _udisks-ssh._tcp
  Domain: local
  Flags: 13
Avahi::Service: new
  Interface: 5 (eth1.106)
  Protocol: 0
  Name: napoleon
  Type: _udisks-ssh._tcp
  Domain: local
  Host: napoleon.local
  Aprotocol: 1
  Address: fe80::21c:f0ff:fe9f:115c
  Port: 22
  TXT: 
  Flags: 13
/Client71/ServiceBrowser5: ItemNew
  Interface: 4
  Protocol: 1
  Name: napoleon
  Type: _udisks-ssh._tcp
  Domain: local
  Flags: 13
Avahi::Service: new
  Interface: 4 (eth1.104)
  Protocol: 1
  Name: napoleon
  Type: _udisks-ssh._tcp
  Domain: local
  Host: napoleon.local
  Aprotocol: 1
  Address: fe80::21c:f0ff:fe9f:115c
  Port: 22
  TXT: 
  Flags: 13
/Client71/ServiceBrowser5: ItemNew
  Interface: 4
  Protocol: 0
  Name: napoleon
  Type: _udisks-ssh._tcp
  Domain: local
  Flags: 13
Avahi::Service: new
  Interface: 4 (eth1.104)
  Protocol: 0
  Name: napoleon
  Type: _udisks-ssh._tcp
  Domain: local
  Host: napoleon.local
  Aprotocol: 1
  Address: fe80::21c:f0ff:fe9f:115c
  Port: 22
  TXT: 
  Flags: 13
/Client71/ServiceBrowser5: ItemNew
  Interface: 3
  Protocol: 1
  Name: napoleon
  Type: _udisks-ssh._tcp
  Domain: local
  Flags: 13
Avahi::Service: new
  Interface: 3 (eth2)
  Protocol: 1
  Name: napoleon
  Type: _udisks-ssh._tcp
  Domain: local
  Host: napoleon.local
  Aprotocol: 1
  Address: fe80::215:58ff:fed7:d62e
  Port: 22
  TXT: 
  Flags: 13
/Client71/ServiceBrowser5: ItemNew
  Interface: 3
  Protocol: 0
  Name: napoleon
  Type: _udisks-ssh._tcp
  Domain: local
  Flags: 13
Avahi::Service: new
  Interface: 3 (eth2)
  Protocol: 0
  Name: napoleon
  Type: _udisks-ssh._tcp
  Domain: local
  Host: napoleon.local
  Aprotocol: 1
  Address: fe80::215:58ff:fed7:d62e
  Port: 22
  TXT: 
  Flags: 13
/Client71/ServiceBrowser5: ItemNew
  Interface: 3
  Protocol: 0
  Name: snowball
  Type: _udisks-ssh._tcp
  Domain: local
  Flags: 5
Avahi::Service: new
  Interface: 3 (eth2)
  Protocol: 0
  Name: snowball
  Type: _udisks-ssh._tcp
  Domain: local
  Host: snowball.local
  Aprotocol: 1
  Address: fe80::211:25ff:fef9:8d75
  Port: 22
  TXT: 
  Flags: 5
/Client71/ServiceBrowser5: ItemNew
  Interface: 2
  Protocol: 1
  Name: napoleon
  Type: _udisks-ssh._tcp
  Domain: local
  Flags: 13
Avahi::Service: new
  Interface: 2 (eth1)
  Protocol: 1
  Name: napoleon
  Type: _udisks-ssh._tcp
  Domain: local
  Host: napoleon.local
  Aprotocol: 1
  Address: fe80::21c:f0ff:fe9f:115c
  Port: 22
  TXT: 
  Flags: 13
/Client71/ServiceBrowser5: ItemNew
  Interface: 2
  Protocol: 0
  Name: napoleon
  Type: _udisks-ssh._tcp
  Domain: local
  Flags: 13
Avahi::Service: new
  Interface: 2 (eth1)
  Protocol: 0
  Name: napoleon
  Type: _udisks-ssh._tcp
  Domain: local
  Host: napoleon.local
  Aprotocol: 1
  Address: fe80::21c:f0ff:fe9f:115c
  Port: 22
  TXT: 
  Flags: 13
/Client71/ServiceBrowser5: Cache exhausted...
/Client71/ServiceBrowser5: All for now...
/Client71/ServiceBrowser6: ItemNew
  Interface: 6
  Protocol: 1
  Name: Music Player
  Type: _mpd._tcp
  Domain: local
  Flags: 5
Avahi::Service: new
  Interface: 6 (eth1.108)
  Protocol: 1
  Name: Music Player
  Type: _mpd._tcp
  Domain: local
  Host: wilbur.local
  Aprotocol: 1
  Address: fe80::20e:cff:feb8:cca6
  Port: 6600
  TXT: 
  Flags: 5
/Client71/ServiceBrowser6: ItemNew
  Interface: 6
  Protocol: 0
  Name: Music Player
  Type: _mpd._tcp
  Domain: local
  Flags: 5
Avahi::Service: new
  Interface: 6 (eth1.108)
  Protocol: 0
  Name: Music Player
  Type: _mpd._tcp
  Domain: local
  Host: wilbur.local
  Aprotocol: 1
  Address: fe80::20e:cff:feb8:cca6
  Port: 6600
  TXT: 
  Flags: 5
/Client71/ServiceBrowser6: ItemNew
  Interface: 5
  Protocol: 1
  Name: Music Player
  Type: _mpd._tcp
  Domain: local
  Flags: 5
Avahi::Service: new
  Interface: 5 (eth1.106)
  Protocol: 1
  Name: Music Player
  Type: _mpd._tcp
  Domain: local
  Host: wilbur.local
  Aprotocol: 1
  Address: fe80::20e:cff:feb8:cca6
  Port: 6600
  TXT: 
  Flags: 5
/Client71/ServiceBrowser6: ItemNew
  Interface: 5
  Protocol: 0
  Name: Music Player
  Type: _mpd._tcp
  Domain: local
  Flags: 5
Avahi::Service: new
  Interface: 5 (eth1.106)
  Protocol: 0
  Name: Music Player
  Type: _mpd._tcp
  Domain: local
  Host: wilbur.local
  Aprotocol: 1
  Address: fe80::20e:cff:feb8:cca6
  Port: 6600
  TXT: 
  Flags: 5
/Client71/ServiceBrowser6: ItemNew
  Interface: 4
  Protocol: 1
  Name: Music Player
  Type: _mpd._tcp
  Domain: local
  Flags: 5
Avahi::Service: new
  Interface: 4 (eth1.104)
  Protocol: 1
  Name: Music Player
  Type: _mpd._tcp
  Domain: local
  Host: wilbur.local
  Aprotocol: 1
  Address: fe80::20e:cff:feb8:cca6
  Port: 6600
  TXT: 
  Flags: 5
/Client71/ServiceBrowser6: ItemNew
  Interface: 4
  Protocol: 0
  Name: Music Player
  Type: _mpd._tcp
  Domain: local
  Flags: 5
Avahi::Service: new
  Interface: 4 (eth1.104)
  Protocol: 0
  Name: Music Player
  Type: _mpd._tcp
  Domain: local
  Host: wilbur.local
  Aprotocol: 1
  Address: fe80::20e:cff:feb8:cca6
  Port: 6600
  TXT: 
  Flags: 5
/Client71/ServiceBrowser6: ItemNew
  Interface: 3
  Protocol: 1
  Name: Music Player
  Type: _mpd._tcp
  Domain: local
  Flags: 5
Avahi::Service: new
  Interface: 3 (eth2)
  Protocol: 1
  Name: Music Player
  Type: _mpd._tcp
  Domain: local
  Host: wilbur.local
  Aprotocol: 1
  Address: fe80::20e:cff:feb8:c95a
  Port: 6600
  TXT: 
  Flags: 5
/Client71/ServiceBrowser6: ItemNew
  Interface: 3
  Protocol: 0
  Name: Music Player
  Type: _mpd._tcp
  Domain: local
  Flags: 5
Avahi::Service: new
  Interface: 3 (eth2)
  Protocol: 0
  Name: Music Player
  Type: _mpd._tcp
  Domain: local
  Host: wilbur.local
  Aprotocol: 1
  Address: fe80::20e:cff:feb8:c95a
  Port: 6600
  TXT: 
  Flags: 5
/Client71/ServiceBrowser6: ItemNew
  Interface: 2
  Protocol: 1
  Name: Music Player
  Type: _mpd._tcp
  Domain: local
  Flags: 5
Avahi::Service: new
  Interface: 2 (eth1)
  Protocol: 1
  Name: Music Player
  Type: _mpd._tcp
  Domain: local
  Host: wilbur.local
  Aprotocol: 1
  Address: fe80::20e:cff:feb8:cca6
  Port: 6600
  TXT: 
  Flags: 5
/Client71/ServiceBrowser6: ItemNew
  Interface: 2
  Protocol: 0
  Name: Music Player
  Type: _mpd._tcp
  Domain: local
  Flags: 5
Avahi::Service: new
  Interface: 2 (eth1)
  Protocol: 0
  Name: Music Player
  Type: _mpd._tcp
  Domain: local
  Host: wilbur.local
  Aprotocol: 1
  Address: fe80::20e:cff:feb8:cca6
  Port: 6600
  TXT: 
  Flags: 5
/Client71/ServiceBrowser6: Cache exhausted...
/Client71/ServiceBrowser6: All for now...
/Client71/ServiceBrowser7: ItemNew
  Interface: 6
  Protocol: 1
  Name: wilbur [00:0e:0c:b8:cc:a6]
  Type: _workstation._tcp
  Domain: local
  Flags: 5
Avahi::Service: new
  Interface: 6 (eth1.108)
  Protocol: 1
  Name: wilbur [00:0e:0c:b8:cc:a6]
  Type: _workstation._tcp
  Domain: local
  Host: wilbur.local
  Aprotocol: 1
  Address: fe80::20e:cff:feb8:cca6
  Port: 9
  TXT: 
  Flags: 5
/Client71/ServiceBrowser7: ItemNew
  Interface: 6
  Protocol: 1
  Name: napoleon [00:1c:f0:9f:11:5c]
  Type: _workstation._tcp
  Domain: local
  Flags: 13
Avahi::Service: new
  Interface: 6 (eth1.108)
  Protocol: 1
  Name: napoleon [00:1c:f0:9f:11:5c]
  Type: _workstation._tcp
  Domain: local
  Host: napoleon.local
  Aprotocol: 1
  Address: fe80::21c:f0ff:fe9f:115c
  Port: 9
  TXT: 
  Flags: 13
/Client71/ServiceBrowser7: ItemNew
  Interface: 6
  Protocol: 0
  Name: wilbur [00:0e:0c:b8:cc:a6]
  Type: _workstation._tcp
  Domain: local
  Flags: 5
Avahi::Service: new
  Interface: 6 (eth1.108)
  Protocol: 0
  Name: wilbur [00:0e:0c:b8:cc:a6]
  Type: _workstation._tcp
  Domain: local
  Host: wilbur.local
  Aprotocol: 1
  Address: fe80::20e:cff:feb8:cca6
  Port: 9
  TXT: 
  Flags: 5
/Client71/ServiceBrowser7: ItemNew
  Interface: 6
  Protocol: 0
  Name: napoleon [00:1c:f0:9f:11:5c]
  Type: _workstation._tcp
  Domain: local
  Flags: 13
Avahi::Service: new
  Interface: 6 (eth1.108)
  Protocol: 0
  Name: napoleon [00:1c:f0:9f:11:5c]
  Type: _workstation._tcp
  Domain: local
  Host: napoleon.local
  Aprotocol: 1
  Address: fe80::21c:f0ff:fe9f:115c
  Port: 9
  TXT: 
  Flags: 13
/Client71/ServiceBrowser7: ItemNew
  Interface: 5
  Protocol: 1
  Name: wilbur [00:0e:0c:b8:cc:a6]
  Type: _workstation._tcp
  Domain: local
  Flags: 5
Avahi::Service: new
  Interface: 5 (eth1.106)
  Protocol: 1
  Name: wilbur [00:0e:0c:b8:cc:a6]
  Type: _workstation._tcp
  Domain: local
  Host: wilbur.local
  Aprotocol: 1
  Address: fe80::20e:cff:feb8:cca6
  Port: 9
  TXT: 
  Flags: 5
/Client71/ServiceBrowser7: ItemNew
  Interface: 5
  Protocol: 1
  Name: napoleon [00:1c:f0:9f:11:5c]
  Type: _workstation._tcp
  Domain: local
  Flags: 13
Avahi::Service: new
  Interface: 5 (eth1.106)
  Protocol: 1
  Name: napoleon [00:1c:f0:9f:11:5c]
  Type: _workstation._tcp
  Domain: local
  Host: napoleon.local
  Aprotocol: 1
  Address: fe80::21c:f0ff:fe9f:115c
  Port: 9
  TXT: 
  Flags: 13
/Client71/ServiceBrowser7: ItemNew
  Interface: 5
  Protocol: 0
  Name: wilbur [00:0e:0c:b8:cc:a6]
  Type: _workstation._tcp
  Domain: local
  Flags: 5
Avahi::Service: new
  Interface: 5 (eth1.106)
  Protocol: 0
  Name: wilbur [00:0e:0c:b8:cc:a6]
  Type: _workstation._tcp
  Domain: local
  Host: wilbur.local
  Aprotocol: 1
  Address: fe80::20e:cff:feb8:cca6
  Port: 9
  TXT: 
  Flags: 5
/Client71/ServiceBrowser7: ItemNew
  Interface: 5
  Protocol: 0
  Name: napoleon [00:1c:f0:9f:11:5c]
  Type: _workstation._tcp
  Domain: local
  Flags: 13
Avahi::Service: new
  Interface: 5 (eth1.106)
  Protocol: 0
  Name: napoleon [00:1c:f0:9f:11:5c]
  Type: _workstation._tcp
  Domain: local
  Host: napoleon.local
  Aprotocol: 1
  Address: fe80::21c:f0ff:fe9f:115c
  Port: 9
  TXT: 
  Flags: 13
/Client71/ServiceBrowser7: ItemNew
  Interface: 4
  Protocol: 1
  Name: wilbur [00:0e:0c:b8:cc:a6]
  Type: _workstation._tcp
  Domain: local
  Flags: 5
Avahi::Service: new
  Interface: 4 (eth1.104)
  Protocol: 1
  Name: wilbur [00:0e:0c:b8:cc:a6]
  Type: _workstation._tcp
  Domain: local
  Host: wilbur.local
  Aprotocol: 1
  Address: fe80::20e:cff:feb8:cca6
  Port: 9
  TXT: 
  Flags: 5
/Client71/ServiceBrowser7: ItemNew
  Interface: 4
  Protocol: 1
  Name: napoleon [00:1c:f0:9f:11:5c]
  Type: _workstation._tcp
  Domain: local
  Flags: 13
Avahi::Service: new
  Interface: 4 (eth1.104)
  Protocol: 1
  Name: napoleon [00:1c:f0:9f:11:5c]
  Type: _workstation._tcp
  Domain: local
  Host: napoleon.local
  Aprotocol: 1
  Address: fe80::21c:f0ff:fe9f:115c
  Port: 9
  TXT: 
  Flags: 13
/Client71/ServiceBrowser7: ItemNew
  Interface: 4
  Protocol: 0
  Name: wilbur [00:0e:0c:b8:cc:a6]
  Type: _workstation._tcp
  Domain: local
  Flags: 5
Avahi::Service: new
  Interface: 4 (eth1.104)
  Protocol: 0
  Name: wilbur [00:0e:0c:b8:cc:a6]
  Type: _workstation._tcp
  Domain: local
  Host: wilbur.local
  Aprotocol: 1
  Address: fe80::20e:cff:feb8:cca6
  Port: 9
  TXT: 
  Flags: 5
/Client71/ServiceBrowser7: ItemNew
  Interface: 4
  Protocol: 0
  Name: napoleon [00:1c:f0:9f:11:5c]
  Type: _workstation._tcp
  Domain: local
  Flags: 13
Avahi::Service: new
  Interface: 4 (eth1.104)
  Protocol: 0
  Name: napoleon [00:1c:f0:9f:11:5c]
  Type: _workstation._tcp
  Domain: local
  Host: napoleon.local
  Aprotocol: 1
  Address: fe80::21c:f0ff:fe9f:115c
  Port: 9
  TXT: 
  Flags: 13
/Client71/ServiceBrowser7: ItemNew
  Interface: 3
  Protocol: 1
  Name: habeascorpus [00:21:85:e1:ea:cf]
  Type: _workstation._tcp
  Domain: local
  Flags: 5
Avahi::Service: new
  Interface: 3 (eth2)
  Protocol: 1
  Name: habeascorpus [00:21:85:e1:ea:cf]
  Type: _workstation._tcp
  Domain: local
  Host: habeascorpus.local
  Aprotocol: 1
  Address: fe80::221:85ff:fee1:eacf
  Port: 9
  TXT: 
  Flags: 5
/Client71/ServiceBrowser7: ItemNew
  Interface: 3
  Protocol: 1
  Name: wilbur [00:0e:0c:b8:c9:5a]
  Type: _workstation._tcp
  Domain: local
  Flags: 5
Avahi::Service: new
  Interface: 3 (eth2)
  Protocol: 1
  Name: wilbur [00:0e:0c:b8:c9:5a]
  Type: _workstation._tcp
  Domain: local
  Host: wilbur.local
  Aprotocol: 1
  Address: fe80::20e:cff:feb8:c95a
  Port: 9
  TXT: 
  Flags: 5
/Client71/ServiceBrowser7: ItemNew
  Interface: 3
  Protocol: 1
  Name: napoleon [00:15:58:d7:d6:2e]
  Type: _workstation._tcp
  Domain: local
  Flags: 13
Avahi::Service: new
  Interface: 3 (eth2)
  Protocol: 1
  Name: napoleon [00:15:58:d7:d6:2e]
  Type: _workstation._tcp
  Domain: local
  Host: napoleon.local
  Aprotocol: 1
  Address: fe80::215:58ff:fed7:d62e
  Port: 9
  TXT: 
  Flags: 13
/Client71/ServiceBrowser7: ItemNew
  Interface: 3
  Protocol: 1
  Name: piglet [00:0a:e4:3a:7f:d2]
  Type: _workstation._tcp
  Domain: local
  Flags: 5
Avahi::Service: new
  Interface: 3 (eth2)
  Protocol: 1
  Name: piglet [00:0a:e4:3a:7f:d2]
  Type: _workstation._tcp
  Domain: local
  Host: piglet.local
  Aprotocol: 1
  Address: fe80::20a:e4ff:fe3a:7fd2
  Port: 9
  TXT: 
  Flags: 5
/Client71/ServiceBrowser7: ItemNew
  Interface: 3
  Protocol: 1
  Name: squealer [1c:bd:b9:7f:fd:af]
  Type: _workstation._tcp
  Domain: local
  Flags: 5
Avahi::Service: new
  Interface: 3 (eth2)
  Protocol: 1
  Name: squealer [1c:bd:b9:7f:fd:af]
  Type: _workstation._tcp
  Domain: local
  Host: squealer.local
  Aprotocol: 1
  Address: fe80::1ebd:b9ff:fe7f:fdaf
  Port: 9
  TXT: 
  Flags: 5
/Client71/ServiceBrowser7: ItemNew
  Interface: 3
  Protocol: 0
  Name: habeascorpus [00:21:85:e1:ea:cf]
  Type: _workstation._tcp
  Domain: local
  Flags: 5
Avahi::Service: new
  Interface: 3 (eth2)
  Protocol: 0
  Name: habeascorpus [00:21:85:e1:ea:cf]
  Type: _workstation._tcp
  Domain: local
  Host: habeascorpus.local
  Aprotocol: 1
  Address: fe80::221:85ff:fee1:eacf
  Port: 9
  TXT: 
  Flags: 5
/Client71/ServiceBrowser7: ItemNew
  Interface: 3
  Protocol: 0
  Name: wilbur [00:0e:0c:b8:c9:5a]
  Type: _workstation._tcp
  Domain: local
  Flags: 5
Avahi::Service: new
  Interface: 3 (eth2)
  Protocol: 0
  Name: wilbur [00:0e:0c:b8:c9:5a]
  Type: _workstation._tcp
  Domain: local
  Host: wilbur.local
  Aprotocol: 1
  Address: fe80::20e:cff:feb8:c95a
  Port: 9
  TXT: 
  Flags: 5
/Client71/ServiceBrowser7: ItemNew
  Interface: 3
  Protocol: 0
  Name: napoleon [00:15:58:d7:d6:2e]
  Type: _workstation._tcp
  Domain: local
  Flags: 13
Avahi::Service: new
  Interface: 3 (eth2)
  Protocol: 0
  Name: napoleon [00:15:58:d7:d6:2e]
  Type: _workstation._tcp
  Domain: local
  Host: napoleon.local
  Aprotocol: 1
  Address: fe80::215:58ff:fed7:d62e
  Port: 9
  TXT: 
  Flags: 13
/Client71/ServiceBrowser7: ItemNew
  Interface: 3
  Protocol: 0
  Name: unexicon [00:1a:4d:14:da:d4]
  Type: _workstation._tcp
  Domain: local
  Flags: 5
Avahi::Service: new
  Interface: 3 (eth2)
  Protocol: 0
  Name: unexicon [00:1a:4d:14:da:d4]
  Type: _workstation._tcp
  Domain: local
  Host: unexicon.local
  Aprotocol: 1
  Address: fe80::21a:4dff:fe14:dad4
  Port: 9
  TXT: 
  Flags: 5
/Client71/ServiceBrowser7: ItemNew
  Interface: 3
  Protocol: 0
  Name: piglet [00:0a:e4:3a:7f:d2]
  Type: _workstation._tcp
  Domain: local
  Flags: 5
Avahi::Service: new
  Interface: 3 (eth2)
  Protocol: 0
  Name: piglet [00:0a:e4:3a:7f:d2]
  Type: _workstation._tcp
  Domain: local
  Host: piglet.local
  Aprotocol: 1
  Address: fe80::20a:e4ff:fe3a:7fd2
  Port: 9
  TXT: 
  Flags: 5
/Client71/ServiceBrowser7: ItemNew
  Interface: 3
  Protocol: 0
  Name: snowball [00:11:25:f9:8d:75]
  Type: _workstation._tcp
  Domain: local
  Flags: 5
Avahi::Service: new
  Interface: 3 (eth2)
  Protocol: 0
  Name: snowball [00:11:25:f9:8d:75]
  Type: _workstation._tcp
  Domain: local
  Host: snowball.local
  Aprotocol: 1
  Address: fe80::211:25ff:fef9:8d75
  Port: 9
  TXT: 
  Flags: 5
/Client71/ServiceBrowser7: ItemNew
  Interface: 3
  Protocol: 0
  Name: squealer [1c:bd:b9:7f:fd:af]
  Type: _workstation._tcp
  Domain: local
  Flags: 5
Avahi::Service: new
  Interface: 3 (eth2)
  Protocol: 0
  Name: squealer [1c:bd:b9:7f:fd:af]
  Type: _workstation._tcp
  Domain: local
  Host: squealer.local
  Aprotocol: 1
  Address: fe80::1ebd:b9ff:fe7f:fdaf
  Port: 9
  TXT: 
  Flags: 5
/Client71/ServiceBrowser7: ItemNew
  Interface: 2
  Protocol: 1
  Name: wilbur [00:0e:0c:b8:cc:a6]
  Type: _workstation._tcp
  Domain: local
  Flags: 5
Avahi::Service: new
  Interface: 2 (eth1)
  Protocol: 1
  Name: wilbur [00:0e:0c:b8:cc:a6]
  Type: _workstation._tcp
  Domain: local
  Host: wilbur.local
  Aprotocol: 1
  Address: fe80::20e:cff:feb8:cca6
  Port: 9
  TXT: 
  Flags: 5
/Client71/ServiceBrowser7: ItemNew
  Interface: 2
  Protocol: 1
  Name: napoleon [00:1c:f0:9f:11:5c]
  Type: _workstation._tcp
  Domain: local
  Flags: 13
Avahi::Service: new
  Interface: 2 (eth1)
  Protocol: 1
  Name: napoleon [00:1c:f0:9f:11:5c]
  Type: _workstation._tcp
  Domain: local
  Host: napoleon.local
  Aprotocol: 1
  Address: fe80::21c:f0ff:fe9f:115c
  Port: 9
  TXT: 
  Flags: 13
/Client71/ServiceBrowser7: ItemNew
  Interface: 2
  Protocol: 1
  Name: squealer [00:10:c6:a3:67:e4]
  Type: _workstation._tcp
 